{"meta": {"format": 3, "version": "7.10.5", "timestamp": "2025-08-31T01:38:50.800213", "branch_coverage": false, "show_contexts": false}, "files": {"apps/__init__.py": {"executed_lines": [0], "summary": {"covered_lines": 0, "num_statements": 0, "percent_covered": 100.0, "percent_covered_display": "100.00", "missing_lines": 0, "excluded_lines": 0}, "missing_lines": [], "excluded_lines": [], "functions": {"": {"executed_lines": [], "summary": {"covered_lines": 0, "num_statements": 0, "percent_covered": 100.0, "percent_covered_display": "100.00", "missing_lines": 0, "excluded_lines": 0}, "missing_lines": [], "excluded_lines": []}}, "classes": {"": {"executed_lines": [], "summary": {"covered_lines": 0, "num_statements": 0, "percent_covered": 100.0, "percent_covered_display": "100.00", "missing_lines": 0, "excluded_lines": 0}, "missing_lines": [], "excluded_lines": []}}}, "apps/api/__init__.py": {"executed_lines": [0], "summary": {"covered_lines": 0, "num_statements": 0, "percent_covered": 100.0, "percent_covered_display": "100.00", "missing_lines": 0, "excluded_lines": 0}, "missing_lines": [], "excluded_lines": [], "functions": {"": {"executed_lines": [], "summary": {"covered_lines": 0, "num_statements": 0, "percent_covered": 100.0, "percent_covered_display": "100.00", "missing_lines": 0, "excluded_lines": 0}, "missing_lines": [], "excluded_lines": []}}, "classes": {"": {"executed_lines": [], "summary": {"covered_lines": 0, "num_statements": 0, "percent_covered": 100.0, "percent_covered_display": "100.00", "missing_lines": 0, "excluded_lines": 0}, "missing_lines": [], "excluded_lines": []}}}, "apps/api/core/__init__.py": {"executed_lines": [0], "summary": {"covered_lines": 0, "num_statements": 0, "percent_covered": 100.0, "percent_covered_display": "100.00", "missing_lines": 0, "excluded_lines": 0}, "missing_lines": [], "excluded_lines": [], "functions": {"": {"executed_lines": [], "summary": {"covered_lines": 0, "num_statements": 0, "percent_covered": 100.0, "percent_covered_display": "100.00", "missing_lines": 0, "excluded_lines": 0}, "missing_lines": [], "excluded_lines": []}}, "classes": {"": {"executed_lines": [], "summary": {"covered_lines": 0, "num_statements": 0, "percent_covered": 100.0, "percent_covered_display": "100.00", "missing_lines": 0, "excluded_lines": 0}, "missing_lines": [], "excluded_lines": []}}}, "apps/api/core/logging.py": {"executed_lines": [1, 5, 6, 7, 9, 11, 14, 18, 25, 26, 28, 30, 49, 51, 54, 56, 57, 60, 64, 65], "summary": {"covered_lines": 19, "num_statements": 19, "percent_covered": 100.0, "percent_covered_display": "100.00", "missing_lines": 0, "excluded_lines": 0}, "missing_lines": [], "excluded_lines": [], "functions": {"setup_logging": {"executed_lines": [18, 25, 26, 28, 30], "summary": {"covered_lines": 5, "num_statements": 5, "percent_covered": 100.0, "percent_covered_display": "100.00", "missing_lines": 0, "excluded_lines": 0}, "missing_lines": [], "excluded_lines": []}, "get_logger_with_trace": {"executed_lines": [51], "summary": {"covered_lines": 1, "num_statements": 1, "percent_covered": 100.0, "percent_covered_display": "100.00", "missing_lines": 0, "excluded_lines": 0}, "missing_lines": [], "excluded_lines": []}, "log_api_request": {"executed_lines": [56, 57], "summary": {"covered_lines": 2, "num_statements": 2, "percent_covered": 100.0, "percent_covered_display": "100.00", "missing_lines": 0, "excluded_lines": 0}, "missing_lines": [], "excluded_lines": []}, "log_api_response": {"executed_lines": [64, 65], "summary": {"covered_lines": 2, "num_statements": 2, "percent_covered": 100.0, "percent_covered_display": "100.00", "missing_lines": 0, "excluded_lines": 0}, "missing_lines": [], "excluded_lines": []}, "": {"executed_lines": [1, 5, 6, 7, 9, 11, 14, 49, 54, 60], "summary": {"covered_lines": 9, "num_statements": 9, "percent_covered": 100.0, "percent_covered_display": "100.00", "missing_lines": 0, "excluded_lines": 0}, "missing_lines": [], "excluded_lines": []}}, "classes": {"": {"executed_lines": [1, 5, 6, 7, 9, 11, 14, 18, 25, 26, 28, 30, 49, 51, 54, 56, 57, 60, 64, 65], "summary": {"covered_lines": 19, "num_statements": 19, "percent_covered": 100.0, "percent_covered_display": "100.00", "missing_lines": 0, "excluded_lines": 0}, "missing_lines": [], "excluded_lines": []}}}, "apps/api/core/settings.py": {"executed_lines": [3, 5, 6, 9, 11, 12, 13, 14, 20, 21, 22, 23, 27, 30, 33, 34, 37, 38, 39, 42, 43, 46, 47, 50, 53, 56, 57, 59, 64], "summary": {"covered_lines": 29, "num_statements": 31, "percent_covered": 93.54838709677419, "percent_covered_display": "93.55", "missing_lines": 2, "excluded_lines": 0}, "missing_lines": [24, 25], "excluded_lines": [], "functions": {"Settings.database_url": {"executed_lines": [22, 23], "summary": {"covered_lines": 2, "num_statements": 4, "percent_covered": 50.0, "percent_covered_display": "50.00", "missing_lines": 2, "excluded_lines": 0}, "missing_lines": [24, 25], "excluded_lines": []}, "": {"executed_lines": [3, 5, 6, 9, 11, 12, 13, 14, 20, 21, 27, 30, 33, 34, 37, 38, 39, 42, 43, 46, 47, 50, 53, 56, 57, 59, 64], "summary": {"covered_lines": 27, "num_statements": 27, "percent_covered": 100.0, "percent_covered_display": "100.00", "missing_lines": 0, "excluded_lines": 0}, "missing_lines": [], "excluded_lines": []}}, "classes": {"Settings": {"executed_lines": [22, 23], "summary": {"covered_lines": 2, "num_statements": 4, "percent_covered": 50.0, "percent_covered_display": "50.00", "missing_lines": 2, "excluded_lines": 0}, "missing_lines": [24, 25], "excluded_lines": []}, "": {"executed_lines": [3, 5, 6, 9, 11, 12, 13, 14, 20, 21, 27, 30, 33, 34, 37, 38, 39, 42, 43, 46, 47, 50, 53, 56, 57, 59, 64], "summary": {"covered_lines": 27, "num_statements": 27, "percent_covered": 100.0, "percent_covered_display": "100.00", "missing_lines": 0, "excluded_lines": 0}, "missing_lines": [], "excluded_lines": []}}}, "apps/api/db.py": {"executed_lines": [1, 2, 4, 5, 6, 7, 9, 13, 15, 23, 24, 25, 26, 28, 30, 31, 34, 35, 38, 41, 44, 45, 47, 49, 50, 52, 54, 55, 57, 58, 62, 63, 65, 68, 70, 72, 73, 75, 77, 79, 80, 81, 82, 83, 84, 85, 86], "summary": {"covered_lines": 47, "num_statements": 48, "percent_covered": 97.91666666666667, "percent_covered_display": "97.92", "missing_lines": 1, "excluded_lines": 0}, "missing_lines": [48], "excluded_lines": [], "functions": {"_is_testing": {"executed_lines": [15], "summary": {"covered_lines": 1, "num_statements": 1, "percent_covered": 100.0, "percent_covered_display": "100.00", "missing_lines": 0, "excluded_lines": 0}, "missing_lines": [], "excluded_lines": []}, "init_db": {"executed_lines": [44, 45, 47, 49, 50, 52, 54, 55, 57, 58, 62, 63, 65], "summary": {"covered_lines": 13, "num_statements": 14, "percent_covered": 92.85714285714286, "percent_covered_display": "92.86", "missing_lines": 1, "excluded_lines": 0}, "missing_lines": [48], "excluded_lines": []}, "check_db_connection": {"executed_lines": [70, 72, 73, 75, 77, 79, 80, 81, 82, 83, 84, 85, 86], "summary": {"covered_lines": 13, "num_statements": 13, "percent_covered": 100.0, "percent_covered_display": "100.00", "missing_lines": 0, "excluded_lines": 0}, "missing_lines": [], "excluded_lines": []}, "": {"executed_lines": [1, 2, 4, 5, 6, 7, 9, 13, 23, 24, 25, 26, 28, 30, 31, 34, 35, 38, 41, 68], "summary": {"covered_lines": 20, "num_statements": 20, "percent_covered": 100.0, "percent_covered_display": "100.00", "missing_lines": 0, "excluded_lines": 0}, "missing_lines": [], "excluded_lines": []}}, "classes": {"": {"executed_lines": [1, 2, 4, 5, 6, 7, 9, 13, 15, 23, 24, 25, 26, 28, 30, 31, 34, 35, 38, 41, 44, 45, 47, 49, 50, 52, 54, 55, 57, 58, 62, 63, 65, 68, 70, 72, 73, 75, 77, 79, 80, 81, 82, 83, 84, 85, 86], "summary": {"covered_lines": 47, "num_statements": 48, "percent_covered": 97.91666666666667, "percent_covered_display": "97.92", "missing_lines": 1, "excluded_lines": 0}, "missing_lines": [48], "excluded_lines": []}}}, "apps/api/dependencies/__init__.py": {"executed_lines": [], "summary": {"covered_lines": 0, "num_statements": 0, "percent_covered": 100.0, "percent_covered_display": "100.00", "missing_lines": 0, "excluded_lines": 0}, "missing_lines": [], "excluded_lines": [], "functions": {"": {"executed_lines": [], "summary": {"covered_lines": 0, "num_statements": 0, "percent_covered": 100.0, "percent_covered_display": "100.00", "missing_lines": 0, "excluded_lines": 0}, "missing_lines": [], "excluded_lines": []}}, "classes": {"": {"executed_lines": [], "summary": {"covered_lines": 0, "num_statements": 0, "percent_covered": 100.0, "percent_covered_display": "100.00", "missing_lines": 0, "excluded_lines": 0}, "missing_lines": [], "excluded_lines": []}}}, "apps/api/logging_config.py": {"executed_lines": [1, 2, 4, 7, 9, 11], "summary": {"covered_lines": 6, "num_statements": 6, "percent_covered": 100.0, "percent_covered_display": "100.00", "missing_lines": 0, "excluded_lines": 0}, "missing_lines": [], "excluded_lines": [], "functions": {"configure_logging": {"executed_lines": [9, 11], "summary": {"covered_lines": 2, "num_statements": 2, "percent_covered": 100.0, "percent_covered_display": "100.00", "missing_lines": 0, "excluded_lines": 0}, "missing_lines": [], "excluded_lines": []}, "": {"executed_lines": [1, 2, 4, 7], "summary": {"covered_lines": 4, "num_statements": 4, "percent_covered": 100.0, "percent_covered_display": "100.00", "missing_lines": 0, "excluded_lines": 0}, "missing_lines": [], "excluded_lines": []}}, "classes": {"": {"executed_lines": [1, 2, 4, 7, 9, 11], "summary": {"covered_lines": 6, "num_statements": 6, "percent_covered": 100.0, "percent_covered_display": "100.00", "missing_lines": 0, "excluded_lines": 0}, "missing_lines": [], "excluded_lines": []}}}, "apps/api/main.py": {"executed_lines": [1, 7, 8, 10, 11, 12, 13, 14, 16, 17, 18, 19, 20, 21, 24, 27, 28, 30, 31, 32, 35, 38, 39, 44, 45, 46, 48, 49, 50, 52, 53, 54, 61, 62, 66, 73, 77, 79, 80, 83, 84, 87, 94, 95, 97, 100, 101, 104, 107, 108, 110, 118], "summary": {"covered_lines": 49, "num_statements": 53, "percent_covered": 92.45283018867924, "percent_covered_display": "92.45", "missing_lines": 4, "excluded_lines": 2}, "missing_lines": [55, 56, 58, 59], "excluded_lines": [118, 120], "functions": {"lifespan": {"executed_lines": [44, 45, 46, 48, 49, 50, 52, 53, 54, 61, 62], "summary": {"covered_lines": 11, "num_statements": 15, "percent_covered": 73.33333333333333, "percent_covered_display": "73.33", "missing_lines": 4, "excluded_lines": 0}, "missing_lines": [55, 56, 58, 59], "excluded_lines": []}, "get_version": {"executed_lines": [87], "summary": {"covered_lines": 1, "num_statements": 1, "percent_covered": 100.0, "percent_covered_display": "100.00", "missing_lines": 0, "excluded_lines": 0}, "missing_lines": [], "excluded_lines": []}, "livez": {"executed_lines": [97], "summary": {"covered_lines": 1, "num_statements": 1, "percent_covered": 100.0, "percent_covered_display": "100.00", "missing_lines": 0, "excluded_lines": 0}, "missing_lines": [], "excluded_lines": []}, "readyz": {"executed_lines": [104], "summary": {"covered_lines": 1, "num_statements": 1, "percent_covered": 100.0, "percent_covered_display": "100.00", "missing_lines": 0, "excluded_lines": 0}, "missing_lines": [], "excluded_lines": []}, "root": {"executed_lines": [110], "summary": {"covered_lines": 1, "num_statements": 1, "percent_covered": 100.0, "percent_covered_display": "100.00", "missing_lines": 0, "excluded_lines": 0}, "missing_lines": [], "excluded_lines": []}, "": {"executed_lines": [1, 7, 8, 10, 11, 12, 13, 14, 16, 17, 18, 19, 20, 21, 24, 27, 28, 30, 31, 32, 35, 38, 39, 66, 73, 77, 79, 80, 83, 84, 94, 95, 100, 101, 107, 108, 118], "summary": {"covered_lines": 34, "num_statements": 34, "percent_covered": 100.0, "percent_covered_display": "100.00", "missing_lines": 0, "excluded_lines": 2}, "missing_lines": [], "excluded_lines": [118, 120]}}, "classes": {"VersionResponse": {"executed_lines": [], "summary": {"covered_lines": 0, "num_statements": 0, "percent_covered": 100.0, "percent_covered_display": "100.00", "missing_lines": 0, "excluded_lines": 0}, "missing_lines": [], "excluded_lines": []}, "": {"executed_lines": [1, 7, 8, 10, 11, 12, 13, 14, 16, 17, 18, 19, 20, 21, 24, 27, 28, 30, 31, 32, 35, 38, 39, 44, 45, 46, 48, 49, 50, 52, 53, 54, 61, 62, 66, 73, 77, 79, 80, 83, 84, 87, 94, 95, 97, 100, 101, 104, 107, 108, 110, 118], "summary": {"covered_lines": 49, "num_statements": 53, "percent_covered": 92.45283018867924, "percent_covered_display": "92.45", "missing_lines": 4, "excluded_lines": 2}, "missing_lines": [55, 56, 58, 59], "excluded_lines": [118, 120]}}}, "apps/api/middleware.py": {"executed_lines": [1, 2, 4, 5, 6, 8, 11, 12, 14, 18, 21, 22, 29, 31, 32, 33, 34, 41, 42, 44, 45, 50], "summary": {"covered_lines": 21, "num_statements": 26, "percent_covered": 80.76923076923077, "percent_covered_display": "80.77", "missing_lines": 5, "excluded_lines": 0}, "missing_lines": [35, 36, 37, 38, 39], "excluded_lines": [], "functions": {"LoggingMiddleware.dispatch": {"executed_lines": [18, 21, 22, 29, 31, 32, 33, 34, 41, 42, 44, 45, 50], "summary": {"covered_lines": 13, "num_statements": 18, "percent_covered": 72.22222222222223, "percent_covered_display": "72.22", "missing_lines": 5, "excluded_lines": 0}, "missing_lines": [35, 36, 37, 38, 39], "excluded_lines": []}, "": {"executed_lines": [1, 2, 4, 5, 6, 8, 11, 12, 14], "summary": {"covered_lines": 8, "num_statements": 8, "percent_covered": 100.0, "percent_covered_display": "100.00", "missing_lines": 0, "excluded_lines": 0}, "missing_lines": [], "excluded_lines": []}}, "classes": {"LoggingMiddleware": {"executed_lines": [18, 21, 22, 29, 31, 32, 33, 34, 41, 42, 44, 45, 50], "summary": {"covered_lines": 13, "num_statements": 18, "percent_covered": 72.22222222222223, "percent_covered_display": "72.22", "missing_lines": 5, "excluded_lines": 0}, "missing_lines": [35, 36, 37, 38, 39], "excluded_lines": []}, "": {"executed_lines": [1, 2, 4, 5, 6, 8, 11, 12, 14], "summary": {"covered_lines": 8, "num_statements": 8, "percent_covered": 100.0, "percent_covered_display": "100.00", "missing_lines": 0, "excluded_lines": 0}, "missing_lines": [], "excluded_lines": []}}}, "apps/api/model_registry.py": {"executed_lines": [1, 3, 5, 7, 10, 13, 14, 16, 17, 19, 20, 21, 22, 24, 26, 27, 28], "summary": {"covered_lines": 17, "num_statements": 17, "percent_covered": 100.0, "percent_covered_display": "100.00", "missing_lines": 0, "excluded_lines": 0}, "missing_lines": [], "excluded_lines": [], "functions": {"check_model_registry": {"executed_lines": [13, 14, 16, 17, 19, 20, 21, 22, 24, 26, 27, 28], "summary": {"covered_lines": 12, "num_statements": 12, "percent_covered": 100.0, "percent_covered_display": "100.00", "missing_lines": 0, "excluded_lines": 0}, "missing_lines": [], "excluded_lines": []}, "": {"executed_lines": [1, 3, 5, 7, 10], "summary": {"covered_lines": 5, "num_statements": 5, "percent_covered": 100.0, "percent_covered_display": "100.00", "missing_lines": 0, "excluded_lines": 0}, "missing_lines": [], "excluded_lines": []}}, "classes": {"": {"executed_lines": [1, 3, 5, 7, 10, 13, 14, 16, 17, 19, 20, 21, 22, 24, 26, 27, 28], "summary": {"covered_lines": 17, "num_statements": 17, "percent_covered": 100.0, "percent_covered_display": "100.00", "missing_lines": 0, "excluded_lines": 0}, "missing_lines": [], "excluded_lines": []}}}, "apps/api/prefect.py": {"executed_lines": [1, 2, 4, 5, 8, 9, 10, 12, 17, 19, 21, 24, 26, 29, 30, 32, 33, 34, 35, 36, 38, 39, 40, 41, 42, 43, 46, 49, 54, 57, 58, 60, 61, 62, 63, 64], "summary": {"covered_lines": 36, "num_statements": 41, "percent_covered": 87.8048780487805, "percent_covered_display": "87.80", "missing_lines": 5, "excluded_lines": 0}, "missing_lines": [13, 14, 15, 27, 55], "excluded_lines": [], "functions": {"check_prefect_connection_async": {"executed_lines": [26, 29, 30, 32, 33, 34, 35, 36, 38, 39, 40, 41, 42, 43, 46], "summary": {"covered_lines": 15, "num_statements": 16, "percent_covered": 93.75, "percent_covered_display": "93.75", "missing_lines": 1, "excluded_lines": 0}, "missing_lines": [27], "excluded_lines": []}, "check_prefect_connection": {"executed_lines": [54, 57, 58, 60, 61, 62, 63, 64], "summary": {"covered_lines": 8, "num_statements": 9, "percent_covered": 88.88888888888889, "percent_covered_display": "88.89", "missing_lines": 1, "excluded_lines": 0}, "missing_lines": [55], "excluded_lines": []}, "": {"executed_lines": [1, 2, 4, 5, 8, 9, 10, 12, 17, 19, 21, 24, 49], "summary": {"covered_lines": 13, "num_statements": 16, "percent_covered": 81.25, "percent_covered_display": "81.25", "missing_lines": 3, "excluded_lines": 0}, "missing_lines": [13, 14, 15], "excluded_lines": []}}, "classes": {"": {"executed_lines": [1, 2, 4, 5, 8, 9, 10, 12, 17, 19, 21, 24, 26, 29, 30, 32, 33, 34, 35, 36, 38, 39, 40, 41, 42, 43, 46, 49, 54, 57, 58, 60, 61, 62, 63, 64], "summary": {"covered_lines": 36, "num_statements": 41, "percent_covered": 87.8048780487805, "percent_covered_display": "87.80", "missing_lines": 5, "excluded_lines": 0}, "missing_lines": [13, 14, 15, 27, 55], "excluded_lines": []}}}, "apps/api/redis.py": {"executed_lines": [1, 3, 4, 5, 7, 9, 11, 13, 14, 15, 17, 18, 19, 20, 21, 24, 27, 28, 30, 31, 32, 33, 34, 38, 39, 40, 41], "summary": {"covered_lines": 27, "num_statements": 27, "percent_covered": 100.0, "percent_covered_display": "100.00", "missing_lines": 0, "excluded_lines": 0}, "missing_lines": [], "excluded_lines": [], "functions": {"check_redis_connection": {"executed_lines": [27, 28, 30, 31, 32, 33, 34, 38, 39, 40, 41], "summary": {"covered_lines": 11, "num_statements": 11, "percent_covered": 100.0, "percent_covered_display": "100.00", "missing_lines": 0, "excluded_lines": 0}, "missing_lines": [], "excluded_lines": []}, "": {"executed_lines": [1, 3, 4, 5, 7, 9, 11, 13, 14, 15, 17, 18, 19, 20, 21, 24], "summary": {"covered_lines": 16, "num_statements": 16, "percent_covered": 100.0, "percent_covered_display": "100.00", "missing_lines": 0, "excluded_lines": 0}, "missing_lines": [], "excluded_lines": []}}, "classes": {"": {"executed_lines": [1, 3, 4, 5, 7, 9, 11, 13, 14, 15, 17, 18, 19, 20, 21, 24, 27, 28, 30, 31, 32, 33, 34, 38, 39, 40, 41], "summary": {"covered_lines": 27, "num_statements": 27, "percent_covered": 100.0, "percent_covered_display": "100.00", "missing_lines": 0, "excluded_lines": 0}, "missing_lines": [], "excluded_lines": []}}}, "apps/api/routers/__init__.py": {"executed_lines": [0], "summary": {"covered_lines": 0, "num_statements": 0, "percent_covered": 100.0, "percent_covered_display": "100.00", "missing_lines": 0, "excluded_lines": 0}, "missing_lines": [], "excluded_lines": [], "functions": {"": {"executed_lines": [], "summary": {"covered_lines": 0, "num_statements": 0, "percent_covered": 100.0, "percent_covered_display": "100.00", "missing_lines": 0, "excluded_lines": 0}, "missing_lines": [], "excluded_lines": []}}, "classes": {"": {"executed_lines": [], "summary": {"covered_lines": 0, "num_statements": 0, "percent_covered": 100.0, "percent_covered_display": "100.00", "missing_lines": 0, "excluded_lines": 0}, "missing_lines": [], "excluded_lines": []}}}, "apps/api/routers/health.py": {"executed_lines": [1, 5, 6, 8, 9, 10, 12, 13, 14, 15, 17, 18, 21, 22, 24, 25, 26, 27, 30, 31, 41, 42, 43, 46, 47, 53, 54, 60, 61, 67, 68, 74, 75, 77], "summary": {"covered_lines": 32, "num_statements": 35, "percent_covered": 91.42857142857143, "percent_covered_display": "91.43", "missing_lines": 3, "excluded_lines": 0}, "missing_lines": [84, 85, 86], "excluded_lines": [], "functions": {"health_check": {"executed_lines": [41, 42, 43, 46, 47, 53, 54, 60, 61, 67, 68, 74, 75, 77], "summary": {"covered_lines": 14, "num_statements": 17, "percent_covered": 82.3529411764706, "percent_covered_display": "82.35", "missing_lines": 3, "excluded_lines": 0}, "missing_lines": [84, 85, 86], "excluded_lines": []}, "": {"executed_lines": [1, 5, 6, 8, 9, 10, 12, 13, 14, 15, 17, 18, 21, 22, 24, 25, 26, 27, 30, 31], "summary": {"covered_lines": 18, "num_statements": 18, "percent_covered": 100.0, "percent_covered_display": "100.00", "missing_lines": 0, "excluded_lines": 0}, "missing_lines": [], "excluded_lines": []}}, "classes": {"HealthResponse": {"executed_lines": [], "summary": {"covered_lines": 0, "num_statements": 0, "percent_covered": 100.0, "percent_covered_display": "100.00", "missing_lines": 0, "excluded_lines": 0}, "missing_lines": [], "excluded_lines": []}, "": {"executed_lines": [1, 5, 6, 8, 9, 10, 12, 13, 14, 15, 17, 18, 21, 22, 24, 25, 26, 27, 30, 31, 41, 42, 43, 46, 47, 53, 54, 60, 61, 67, 68, 74, 75, 77], "summary": {"covered_lines": 32, "num_statements": 35, "percent_covered": 91.42857142857143, "percent_covered_display": "91.43", "missing_lines": 3, "excluded_lines": 0}, "missing_lines": [84, 85, 86], "excluded_lines": []}}}, "apps/api/routers/metrics.py": {"executed_lines": [1, 5, 6, 7, 9, 10, 11, 18, 20, 21, 25, 27, 30, 33, 40, 47, 53, 58, 59, 64, 65, 66, 67, 68, 69, 70, 73, 74, 75, 76, 77, 78, 85, 86, 90, 91, 93, 94, 95, 102, 103, 104], "summary": {"covered_lines": 41, "num_statements": 43, "percent_covered": 95.34883720930233, "percent_covered_display": "95.35", "missing_lines": 2, "excluded_lines": 0}, "missing_lines": [22, 23], "excluded_lines": [], "functions": {"get_metrics": {"executed_lines": [64, 65, 66, 67, 68, 69, 70, 73, 74, 75, 76, 77, 78], "summary": {"covered_lines": 13, "num_statements": 13, "percent_covered": 100.0, "percent_covered_display": "100.00", "missing_lines": 0, "excluded_lines": 0}, "missing_lines": [], "excluded_lines": []}, "get_health_metrics": {"executed_lines": [90, 91, 93, 94, 95, 102, 103, 104], "summary": {"covered_lines": 8, "num_statements": 8, "percent_covered": 100.0, "percent_covered_display": "100.00", "missing_lines": 0, "excluded_lines": 0}, "missing_lines": [], "excluded_lines": []}, "": {"executed_lines": [1, 5, 6, 7, 9, 10, 11, 18, 20, 21, 25, 27, 30, 33, 40, 47, 53, 58, 59, 85, 86], "summary": {"covered_lines": 20, "num_statements": 22, "percent_covered": 90.9090909090909, "percent_covered_display": "90.91", "missing_lines": 2, "excluded_lines": 0}, "missing_lines": [22, 23], "excluded_lines": []}}, "classes": {"": {"executed_lines": [1, 5, 6, 7, 9, 10, 11, 18, 20, 21, 25, 27, 30, 33, 40, 47, 53, 58, 59, 64, 65, 66, 67, 68, 69, 70, 73, 74, 75, 76, 77, 78, 85, 86, 90, 91, 93, 94, 95, 102, 103, 104], "summary": {"covered_lines": 41, "num_statements": 43, "percent_covered": 95.34883720930233, "percent_covered_display": "95.35", "missing_lines": 2, "excluded_lines": 0}, "missing_lines": [22, 23], "excluded_lines": []}}}, "apps/api/routers/predictions.py": {"executed_lines": [1, 5, 6, 7, 9, 10, 11, 13, 15, 16, 20, 21, 23, 26, 27, 29, 30, 31, 32, 33, 34, 37, 38, 40, 45, 46, 48, 49, 50, 51, 52, 53, 54, 57, 58, 60, 61, 62, 66, 67, 74, 75, 78, 81, 82, 85, 95, 102, 109, 110, 117, 118, 119, 120, 121, 123, 124, 126, 135, 137, 143, 145, 152, 153], "summary": {"covered_lines": 58, "num_statements": 72, "percent_covered": 80.55555555555556, "percent_covered_display": "80.56", "missing_lines": 14, "excluded_lines": 0}, "missing_lines": [104, 105, 106, 147, 148, 149, 160, 167, 190, 197, 199, 201, 202, 203], "excluded_lines": [], "functions": {"predict_single_match": {"executed_lines": [74, 75, 78, 81, 82, 85, 95, 102], "summary": {"covered_lines": 8, "num_statements": 11, "percent_covered": 72.72727272727273, "percent_covered_display": "72.73", "missing_lines": 3, "excluded_lines": 0}, "missing_lines": [104, 105, 106], "excluded_lines": []}, "predict_batch_matches": {"executed_lines": [117, 118, 119, 120, 121, 123, 124, 126, 135, 137, 143, 145], "summary": {"covered_lines": 12, "num_statements": 15, "percent_covered": 80.0, "percent_covered_display": "80.00", "missing_lines": 3, "excluded_lines": 0}, "missing_lines": [147, 148, 149], "excluded_lines": []}, "get_prediction_history": {"executed_lines": [], "summary": {"covered_lines": 0, "num_statements": 8, "percent_covered": 0.0, "percent_covered_display": "0.00", "missing_lines": 8, "excluded_lines": 0}, "missing_lines": [160, 167, 190, 197, 199, 201, 202, 203], "excluded_lines": []}, "": {"executed_lines": [1, 5, 6, 7, 9, 10, 11, 13, 15, 16, 20, 21, 23, 26, 27, 29, 30, 31, 32, 33, 34, 37, 38, 40, 45, 46, 48, 49, 50, 51, 52, 53, 54, 57, 58, 60, 61, 62, 66, 67, 109, 110, 152, 153], "summary": {"covered_lines": 38, "num_statements": 38, "percent_covered": 100.0, "percent_covered_display": "100.00", "missing_lines": 0, "excluded_lines": 0}, "missing_lines": [], "excluded_lines": []}}, "classes": {"PredictionRequest": {"executed_lines": [], "summary": {"covered_lines": 0, "num_statements": 0, "percent_covered": 100.0, "percent_covered_display": "100.00", "missing_lines": 0, "excluded_lines": 0}, "missing_lines": [], "excluded_lines": []}, "SingleMatchPredictionRequest": {"executed_lines": [], "summary": {"covered_lines": 0, "num_statements": 0, "percent_covered": 100.0, "percent_covered_display": "100.00", "missing_lines": 0, "excluded_lines": 0}, "missing_lines": [], "excluded_lines": []}, "BatchMatchPredictionRequest": {"executed_lines": [], "summary": {"covered_lines": 0, "num_statements": 0, "percent_covered": 100.0, "percent_covered_display": "100.00", "missing_lines": 0, "excluded_lines": 0}, "missing_lines": [], "excluded_lines": []}, "PredictionResponse": {"executed_lines": [], "summary": {"covered_lines": 0, "num_statements": 0, "percent_covered": 100.0, "percent_covered_display": "100.00", "missing_lines": 0, "excluded_lines": 0}, "missing_lines": [], "excluded_lines": []}, "BatchPredictionResponse": {"executed_lines": [], "summary": {"covered_lines": 0, "num_statements": 0, "percent_covered": 100.0, "percent_covered_display": "100.00", "missing_lines": 0, "excluded_lines": 0}, "missing_lines": [], "excluded_lines": []}, "": {"executed_lines": [1, 5, 6, 7, 9, 10, 11, 13, 15, 16, 20, 21, 23, 26, 27, 29, 30, 31, 32, 33, 34, 37, 38, 40, 45, 46, 48, 49, 50, 51, 52, 53, 54, 57, 58, 60, 61, 62, 66, 67, 74, 75, 78, 81, 82, 85, 95, 102, 109, 110, 117, 118, 119, 120, 121, 123, 124, 126, 135, 137, 143, 145, 152, 153], "summary": {"covered_lines": 58, "num_statements": 72, "percent_covered": 80.55555555555556, "percent_covered_display": "80.56", "missing_lines": 14, "excluded_lines": 0}, "missing_lines": [104, 105, 106, 147, 148, 149, 160, 167, 190, 197, 199, 201, 202, 203], "excluded_lines": []}}}, "apps/api/services/prediction_service.py": {"executed_lines": [1, 2, 4, 6, 9, 10, 11, 13, 15, 17, 19, 20, 21, 23, 25, 26, 28, 36], "summary": {"covered_lines": 18, "num_statements": 21, "percent_covered": 85.71428571428571, "percent_covered_display": "85.71", "missing_lines": 3, "excluded_lines": 0}, "missing_lines": [30, 31, 32], "excluded_lines": [], "functions": {"PredictionService.__init__": {"executed_lines": [11], "summary": {"covered_lines": 1, "num_statements": 1, "percent_covered": 100.0, "percent_covered_display": "100.00", "missing_lines": 0, "excluded_lines": 0}, "missing_lines": [], "excluded_lines": []}, "PredictionService.set_predictor": {"executed_lines": [15], "summary": {"covered_lines": 1, "num_statements": 1, "percent_covered": 100.0, "percent_covered_display": "100.00", "missing_lines": 0, "excluded_lines": 0}, "missing_lines": [], "excluded_lines": []}, "PredictionService._get_predictor": {"executed_lines": [19, 20, 21], "summary": {"covered_lines": 3, "num_statements": 3, "percent_covered": 100.0, "percent_covered_display": "100.00", "missing_lines": 0, "excluded_lines": 0}, "missing_lines": [], "excluded_lines": []}, "PredictionService.predict": {"executed_lines": [25, 26], "summary": {"covered_lines": 2, "num_statements": 2, "percent_covered": 100.0, "percent_covered_display": "100.00", "missing_lines": 0, "excluded_lines": 0}, "missing_lines": [], "excluded_lines": []}, "PredictionService.get_model_version": {"executed_lines": [], "summary": {"covered_lines": 0, "num_statements": 3, "percent_covered": 0.0, "percent_covered_display": "0.00", "missing_lines": 3, "excluded_lines": 0}, "missing_lines": [30, 31, 32], "excluded_lines": []}, "": {"executed_lines": [1, 2, 4, 6, 9, 10, 13, 17, 23, 28, 36], "summary": {"covered_lines": 11, "num_statements": 11, "percent_covered": 100.0, "percent_covered_display": "100.00", "missing_lines": 0, "excluded_lines": 0}, "missing_lines": [], "excluded_lines": []}}, "classes": {"PredictionService": {"executed_lines": [11, 15, 19, 20, 21, 25, 26], "summary": {"covered_lines": 7, "num_statements": 10, "percent_covered": 70.0, "percent_covered_display": "70.00", "missing_lines": 3, "excluded_lines": 0}, "missing_lines": [30, 31, 32], "excluded_lines": []}, "": {"executed_lines": [1, 2, 4, 6, 9, 10, 13, 17, 23, 28, 36], "summary": {"covered_lines": 11, "num_statements": 11, "percent_covered": 100.0, "percent_covered_display": "100.00", "missing_lines": 0, "excluded_lines": 0}, "missing_lines": [], "excluded_lines": []}}}, "apps/backtest/__init__.py": {"executed_lines": [0], "summary": {"covered_lines": 0, "num_statements": 0, "percent_covered": 100.0, "percent_covered_display": "100.00", "missing_lines": 0, "excluded_lines": 0}, "missing_lines": [], "excluded_lines": [], "functions": {"": {"executed_lines": [], "summary": {"covered_lines": 0, "num_statements": 0, "percent_covered": 100.0, "percent_covered_display": "100.00", "missing_lines": 0, "excluded_lines": 0}, "missing_lines": [], "excluded_lines": []}}, "classes": {"": {"executed_lines": [], "summary": {"covered_lines": 0, "num_statements": 0, "percent_covered": 100.0, "percent_covered_display": "100.00", "missing_lines": 0, "excluded_lines": 0}, "missing_lines": [], "excluded_lines": []}}}, "apps/backtest/engine.py": {"executed_lines": [1, 5, 6, 7, 9, 10, 11, 12, 13, 15, 17, 20, 21, 22, 24, 25, 26, 27, 28, 29, 30, 31, 32, 35, 36, 38, 39, 41, 52, 59, 63, 64, 67, 70, 75, 76, 78, 90, 117, 121, 124, 125, 127, 128, 129, 130, 131, 132, 133, 137, 138, 140, 142, 145, 146, 148, 150, 151, 153, 154, 155, 156, 158, 160, 165, 166, 169, 170, 172, 178, 180, 186, 190, 201, 204, 218], "summary": {"covered_lines": 72, "num_statements": 88, "percent_covered": 81.81818181818181, "percent_covered_display": "81.82", "missing_lines": 16, "excluded_lines": 14}, "missing_lines": [94, 95, 96, 98, 99, 103, 104, 113, 115, 122, 135, 143, 187, 206, 214, 215], "excluded_lines": [218, 219, 220, 221, 222, 224, 227, 228, 229, 230, 232, 235, 236, 242], "functions": {"BacktestEngine.__init__": {"executed_lines": [39], "summary": {"covered_lines": 1, "num_statements": 1, "percent_covered": 100.0, "percent_covered_display": "100.00", "missing_lines": 0, "excluded_lines": 0}, "missing_lines": [], "excluded_lines": []}, "BacktestEngine.run_backtest": {"executed_lines": [52, 59, 63, 64, 67, 70, 75, 76, 78], "summary": {"covered_lines": 9, "num_statements": 9, "percent_covered": 100.0, "percent_covered_display": "100.00", "missing_lines": 0, "excluded_lines": 0}, "missing_lines": [], "excluded_lines": []}, "BacktestEngine._generate_predictions": {"executed_lines": [], "summary": {"covered_lines": 0, "num_statements": 9, "percent_covered": 0.0, "percent_covered_display": "0.00", "missing_lines": 9, "excluded_lines": 0}, "missing_lines": [94, 95, 96, 98, 99, 103, 104, 113, 115], "excluded_lines": []}, "BacktestEngine._calculate_pnl": {"executed_lines": [121, 124, 125, 127, 128, 129, 130, 131, 132, 133, 137, 138], "summary": {"covered_lines": 12, "num_statements": 14, "percent_covered": 85.71428571428571, "percent_covered_display": "85.71", "missing_lines": 2, "excluded_lines": 0}, "missing_lines": [122, 135], "excluded_lines": []}, "BacktestEngine._calculate_accuracy": {"executed_lines": [142, 145, 146], "summary": {"covered_lines": 3, "num_statements": 4, "percent_covered": 75.0, "percent_covered_display": "75.00", "missing_lines": 1, "excluded_lines": 0}, "missing_lines": [143], "excluded_lines": []}, "BacktestEngine._get_actual_result": {"executed_lines": [150, 151, 153, 154, 155, 156, 158], "summary": {"covered_lines": 7, "num_statements": 7, "percent_covered": 100.0, "percent_covered_display": "100.00", "missing_lines": 0, "excluded_lines": 0}, "missing_lines": [], "excluded_lines": []}, "BacktestEngine._calculate_risk_metrics": {"executed_lines": [165, 166, 169, 170, 172], "summary": {"covered_lines": 5, "num_statements": 5, "percent_covered": 100.0, "percent_covered_display": "100.00", "missing_lines": 0, "excluded_lines": 0}, "missing_lines": [], "excluded_lines": []}, "BacktestEngine.compare_strategies": {"executed_lines": [180, 186, 190, 201], "summary": {"covered_lines": 4, "num_statements": 5, "percent_covered": 80.0, "percent_covered_display": "80.00", "missing_lines": 1, "excluded_lines": 0}, "missing_lines": [187], "excluded_lines": []}, "load_historical_data": {"executed_lines": [], "summary": {"covered_lines": 0, "num_statements": 3, "percent_covered": 0.0, "percent_covered_display": "0.00", "missing_lines": 3, "excluded_lines": 0}, "missing_lines": [206, 214, 215], "excluded_lines": []}, "": {"executed_lines": [1, 5, 6, 7, 9, 10, 11, 12, 13, 15, 17, 20, 21, 22, 24, 25, 26, 27, 28, 29, 30, 31, 32, 35, 36, 38, 41, 90, 117, 140, 148, 160, 178, 204, 218], "summary": {"covered_lines": 31, "num_statements": 31, "percent_covered": 100.0, "percent_covered_display": "100.00", "missing_lines": 0, "excluded_lines": 14}, "missing_lines": [], "excluded_lines": [218, 219, 220, 221, 222, 224, 227, 228, 229, 230, 232, 235, 236, 242]}}, "classes": {"BacktestResult": {"executed_lines": [], "summary": {"covered_lines": 0, "num_statements": 0, "percent_covered": 100.0, "percent_covered_display": "100.00", "missing_lines": 0, "excluded_lines": 0}, "missing_lines": [], "excluded_lines": []}, "BacktestEngine": {"executed_lines": [39, 52, 59, 63, 64, 67, 70, 75, 76, 78, 121, 124, 125, 127, 128, 129, 130, 131, 132, 133, 137, 138, 142, 145, 146, 150, 151, 153, 154, 155, 156, 158, 165, 166, 169, 170, 172, 180, 186, 190, 201], "summary": {"covered_lines": 41, "num_statements": 54, "percent_covered": 75.92592592592592, "percent_covered_display": "75.93", "missing_lines": 13, "excluded_lines": 0}, "missing_lines": [94, 95, 96, 98, 99, 103, 104, 113, 115, 122, 135, 143, 187], "excluded_lines": []}, "": {"executed_lines": [1, 5, 6, 7, 9, 10, 11, 12, 13, 15, 17, 20, 21, 22, 24, 25, 26, 27, 28, 29, 30, 31, 32, 35, 36, 38, 41, 90, 117, 140, 148, 160, 178, 204, 218], "summary": {"covered_lines": 31, "num_statements": 34, "percent_covered": 91.17647058823529, "percent_covered_display": "91.18", "missing_lines": 3, "excluded_lines": 14}, "missing_lines": [206, 214, 215], "excluded_lines": [218, 219, 220, 221, 222, 224, 227, 228, 229, 230, 232, 235, 236, 242]}}}, "apps/backtest/reports/__init__.py": {"executed_lines": [], "summary": {"covered_lines": 0, "num_statements": 0, "percent_covered": 100.0, "percent_covered_display": "100.00", "missing_lines": 0, "excluded_lines": 0}, "missing_lines": [], "excluded_lines": [], "functions": {"": {"executed_lines": [], "summary": {"covered_lines": 0, "num_statements": 0, "percent_covered": 100.0, "percent_covered_display": "100.00", "missing_lines": 0, "excluded_lines": 0}, "missing_lines": [], "excluded_lines": []}}, "classes": {"": {"executed_lines": [], "summary": {"covered_lines": 0, "num_statements": 0, "percent_covered": 100.0, "percent_covered_display": "100.00", "missing_lines": 0, "excluded_lines": 0}, "missing_lines": [], "excluded_lines": []}}}, "apps/backtest/strategies/__init__.py": {"executed_lines": [], "summary": {"covered_lines": 0, "num_statements": 0, "percent_covered": 100.0, "percent_covered_display": "100.00", "missing_lines": 0, "excluded_lines": 0}, "missing_lines": [], "excluded_lines": [], "functions": {"": {"executed_lines": [], "summary": {"covered_lines": 0, "num_statements": 0, "percent_covered": 100.0, "percent_covered_display": "100.00", "missing_lines": 0, "excluded_lines": 0}, "missing_lines": [], "excluded_lines": []}}, "classes": {"": {"executed_lines": [], "summary": {"covered_lines": 0, "num_statements": 0, "percent_covered": 100.0, "percent_covered_display": "100.00", "missing_lines": 0, "excluded_lines": 0}, "missing_lines": [], "excluded_lines": []}}}, "apps/trainer/__init__.py": {"executed_lines": [0], "summary": {"covered_lines": 0, "num_statements": 0, "percent_covered": 100.0, "percent_covered_display": "100.00", "missing_lines": 0, "excluded_lines": 0}, "missing_lines": [], "excluded_lines": [], "functions": {"": {"executed_lines": [], "summary": {"covered_lines": 0, "num_statements": 0, "percent_covered": 100.0, "percent_covered_display": "100.00", "missing_lines": 0, "excluded_lines": 0}, "missing_lines": [], "excluded_lines": []}}, "classes": {"": {"executed_lines": [], "summary": {"covered_lines": 0, "num_statements": 0, "percent_covered": 100.0, "percent_covered_display": "100.00", "missing_lines": 0, "excluded_lines": 0}, "missing_lines": [], "excluded_lines": []}}}, "apps/trainer/features/__init__.py": {"executed_lines": [], "summary": {"covered_lines": 0, "num_statements": 0, "percent_covered": 100.0, "percent_covered_display": "100.00", "missing_lines": 0, "excluded_lines": 0}, "missing_lines": [], "excluded_lines": [], "functions": {"": {"executed_lines": [], "summary": {"covered_lines": 0, "num_statements": 0, "percent_covered": 100.0, "percent_covered_display": "100.00", "missing_lines": 0, "excluded_lines": 0}, "missing_lines": [], "excluded_lines": []}}, "classes": {"": {"executed_lines": [], "summary": {"covered_lines": 0, "num_statements": 0, "percent_covered": 100.0, "percent_covered_display": "100.00", "missing_lines": 0, "excluded_lines": 0}, "missing_lines": [], "excluded_lines": []}}}, "apps/trainer/models/__init__.py": {"executed_lines": [], "summary": {"covered_lines": 0, "num_statements": 0, "percent_covered": 100.0, "percent_covered_display": "100.00", "missing_lines": 0, "excluded_lines": 0}, "missing_lines": [], "excluded_lines": [], "functions": {"": {"executed_lines": [], "summary": {"covered_lines": 0, "num_statements": 0, "percent_covered": 100.0, "percent_covered_display": "100.00", "missing_lines": 0, "excluded_lines": 0}, "missing_lines": [], "excluded_lines": []}}, "classes": {"": {"executed_lines": [], "summary": {"covered_lines": 0, "num_statements": 0, "percent_covered": 100.0, "percent_covered_display": "100.00", "missing_lines": 0, "excluded_lines": 0}, "missing_lines": [], "excluded_lines": []}}}, "apps/trainer/pipelines/__init__.py": {"executed_lines": [], "summary": {"covered_lines": 0, "num_statements": 0, "percent_covered": 100.0, "percent_covered_display": "100.00", "missing_lines": 0, "excluded_lines": 0}, "missing_lines": [], "excluded_lines": [], "functions": {"": {"executed_lines": [], "summary": {"covered_lines": 0, "num_statements": 0, "percent_covered": 100.0, "percent_covered_display": "100.00", "missing_lines": 0, "excluded_lines": 0}, "missing_lines": [], "excluded_lines": []}}, "classes": {"": {"executed_lines": [], "summary": {"covered_lines": 0, "num_statements": 0, "percent_covered": 100.0, "percent_covered_display": "100.00", "missing_lines": 0, "excluded_lines": 0}, "missing_lines": [], "excluded_lines": []}}}, "apps/trainer/xgboost_trainer.py": {"executed_lines": [1, 2, 3, 4, 5, 7, 8, 9, 10, 11, 12, 13, 14, 15, 17, 19, 22, 23, 24, 26, 27, 28, 29, 30, 31, 32, 33, 36, 37, 39, 41, 42, 51, 52, 54, 56, 64, 65, 66, 67, 70, 71, 72, 73, 75, 80, 81, 84, 87, 93, 98, 100, 102, 103, 104, 105, 107, 109, 110, 111, 112, 115, 116, 119, 120, 121, 124, 125, 126, 128, 129, 132, 134, 135, 136, 137, 140, 142, 143, 146, 147, 148, 149, 151, 154, 155, 158], "summary": {"covered_lines": 84, "num_statements": 84, "percent_covered": 100.0, "percent_covered_display": "100.00", "missing_lines": 0, "excluded_lines": 3}, "missing_lines": [], "excluded_lines": [158, 159, 160], "functions": {"XGBoostTrainer.__init__": {"executed_lines": [41, 42, 51, 52], "summary": {"covered_lines": 4, "num_statements": 4, "percent_covered": 100.0, "percent_covered_display": "100.00", "missing_lines": 0, "excluded_lines": 0}, "missing_lines": [], "excluded_lines": []}, "XGBoostTrainer.load_data": {"executed_lines": [56, 64, 65, 66, 67, 70, 71, 72, 73], "summary": {"covered_lines": 9, "num_statements": 9, "percent_covered": 100.0, "percent_covered_display": "100.00", "missing_lines": 0, "excluded_lines": 0}, "missing_lines": [], "excluded_lines": []}, "XGBoostTrainer.prepare_data": {"executed_lines": [80, 81, 84, 87, 93, 98], "summary": {"covered_lines": 6, "num_statements": 6, "percent_covered": 100.0, "percent_covered_display": "100.00", "missing_lines": 0, "excluded_lines": 0}, "missing_lines": [], "excluded_lines": []}, "XGBoostTrainer.train": {"executed_lines": [102, 103, 104, 105], "summary": {"covered_lines": 4, "num_statements": 4, "percent_covered": 100.0, "percent_covered_display": "100.00", "missing_lines": 0, "excluded_lines": 0}, "missing_lines": [], "excluded_lines": []}, "XGBoostTrainer.save_model": {"executed_lines": [109, 110, 111, 112, 115, 116, 119, 120, 121, 124, 125, 126, 128, 129], "summary": {"covered_lines": 14, "num_statements": 14, "percent_covered": 100.0, "percent_covered_display": "100.00", "missing_lines": 0, "excluded_lines": 0}, "missing_lines": [], "excluded_lines": []}, "main": {"executed_lines": [134, 135, 136, 137, 140, 142, 143, 146, 147, 148, 149, 151, 154, 155], "summary": {"covered_lines": 14, "num_statements": 14, "percent_covered": 100.0, "percent_covered_display": "100.00", "missing_lines": 0, "excluded_lines": 0}, "missing_lines": [], "excluded_lines": []}, "": {"executed_lines": [1, 2, 3, 4, 5, 7, 8, 9, 10, 11, 12, 13, 14, 15, 17, 19, 22, 23, 24, 26, 27, 28, 29, 30, 31, 32, 33, 36, 37, 39, 54, 75, 100, 107, 132, 158], "summary": {"covered_lines": 33, "num_statements": 33, "percent_covered": 100.0, "percent_covered_display": "100.00", "missing_lines": 0, "excluded_lines": 3}, "missing_lines": [], "excluded_lines": [158, 159, 160]}}, "classes": {"TrainingConfig": {"executed_lines": [], "summary": {"covered_lines": 0, "num_statements": 0, "percent_covered": 100.0, "percent_covered_display": "100.00", "missing_lines": 0, "excluded_lines": 0}, "missing_lines": [], "excluded_lines": []}, "XGBoostTrainer": {"executed_lines": [41, 42, 51, 52, 56, 64, 65, 66, 67, 70, 71, 72, 73, 80, 81, 84, 87, 93, 98, 102, 103, 104, 105, 109, 110, 111, 112, 115, 116, 119, 120, 121, 124, 125, 126, 128, 129], "summary": {"covered_lines": 37, "num_statements": 37, "percent_covered": 100.0, "percent_covered_display": "100.00", "missing_lines": 0, "excluded_lines": 0}, "missing_lines": [], "excluded_lines": []}, "": {"executed_lines": [1, 2, 3, 4, 5, 7, 8, 9, 10, 11, 12, 13, 14, 15, 17, 19, 22, 23, 24, 26, 27, 28, 29, 30, 31, 32, 33, 36, 37, 39, 54, 75, 100, 107, 132, 134, 135, 136, 137, 140, 142, 143, 146, 147, 148, 149, 151, 154, 155, 158], "summary": {"covered_lines": 47, "num_statements": 47, "percent_covered": 100.0, "percent_covered_display": "100.00", "missing_lines": 0, "excluded_lines": 3}, "missing_lines": [], "excluded_lines": [158, 159, 160]}}}, "apps/workers/__init__.py": {"executed_lines": [0], "summary": {"covered_lines": 0, "num_statements": 0, "percent_covered": 100.0, "percent_covered_display": "100.00", "missing_lines": 0, "excluded_lines": 0}, "missing_lines": [], "excluded_lines": [], "functions": {"": {"executed_lines": [], "summary": {"covered_lines": 0, "num_statements": 0, "percent_covered": 100.0, "percent_covered_display": "100.00", "missing_lines": 0, "excluded_lines": 0}, "missing_lines": [], "excluded_lines": []}}, "classes": {"": {"executed_lines": [], "summary": {"covered_lines": 0, "num_statements": 0, "percent_covered": 100.0, "percent_covered_display": "100.00", "missing_lines": 0, "excluded_lines": 0}, "missing_lines": [], "excluded_lines": []}}}, "apps/workers/flows/__init__.py": {"executed_lines": [0], "summary": {"covered_lines": 0, "num_statements": 0, "percent_covered": 100.0, "percent_covered_display": "100.00", "missing_lines": 0, "excluded_lines": 0}, "missing_lines": [], "excluded_lines": [], "functions": {"": {"executed_lines": [], "summary": {"covered_lines": 0, "num_statements": 0, "percent_covered": 100.0, "percent_covered_display": "100.00", "missing_lines": 0, "excluded_lines": 0}, "missing_lines": [], "excluded_lines": []}}, "classes": {"": {"executed_lines": [], "summary": {"covered_lines": 0, "num_statements": 0, "percent_covered": 100.0, "percent_covered_display": "100.00", "missing_lines": 0, "excluded_lines": 0}, "missing_lines": [], "excluded_lines": []}}}, "apps/workers/flows/data_collection_flow.py": {"executed_lines": [1, 5, 6, 8, 9, 11, 17, 20, 21, 35, 42, 51, 63, 64, 71, 72, 82, 84, 91, 103, 104, 111, 112, 125, 133, 142, 143, 146, 147, 160, 162, 177, 184, 185, 192, 196, 209, 212, 213, 215, 218, 221, 222, 225, 228, 231, 243, 244, 247, 248, 262, 269, 270, 273, 274, 275, 277, 280, 281, 282, 285, 286, 288, 291, 294, 296, 307, 308, 312], "summary": {"covered_lines": 67, "num_statements": 77, "percent_covered": 87.01298701298701, "percent_covered_display": "87.01", "missing_lines": 10, "excluded_lines": 7}, "missing_lines": [66, 67, 68, 106, 107, 108, 187, 188, 189, 210], "excluded_lines": [312, 313, 316, 317, 318, 319, 321], "functions": {"collect_matches_task": {"executed_lines": [35, 42, 51, 63, 64], "summary": {"covered_lines": 5, "num_statements": 8, "percent_covered": 62.5, "percent_covered_display": "62.50", "missing_lines": 3, "excluded_lines": 0}, "missing_lines": [66, 67, 68], "excluded_lines": []}, "collect_odds_task": {"executed_lines": [82, 84, 91, 103, 104], "summary": {"covered_lines": 5, "num_statements": 8, "percent_covered": 62.5, "percent_covered_display": "62.50", "missing_lines": 3, "excluded_lines": 0}, "missing_lines": [106, 107, 108], "excluded_lines": []}, "validate_and_clean_data": {"executed_lines": [125, 133, 142, 143], "summary": {"covered_lines": 4, "num_statements": 4, "percent_covered": 100.0, "percent_covered_display": "100.00", "missing_lines": 0, "excluded_lines": 0}, "missing_lines": [], "excluded_lines": []}, "store_data_task": {"executed_lines": [160, 162, 177, 184, 185], "summary": {"covered_lines": 5, "num_statements": 8, "percent_covered": 62.5, "percent_covered_display": "62.50", "missing_lines": 3, "excluded_lines": 0}, "missing_lines": [187, 188, 189], "excluded_lines": []}, "daily_data_collection_flow": {"executed_lines": [209, 212, 213, 215, 218, 221, 222, 225, 228, 231, 243, 244], "summary": {"covered_lines": 12, "num_statements": 13, "percent_covered": 92.3076923076923, "percent_covered_display": "92.31", "missing_lines": 1, "excluded_lines": 0}, "missing_lines": [210], "excluded_lines": []}, "historical_data_backfill_flow": {"executed_lines": [262, 269, 270, 273, 274, 275, 277, 280, 281, 282, 285, 286, 288, 291, 294, 296, 307, 308], "summary": {"covered_lines": 18, "num_statements": 18, "percent_covered": 100.0, "percent_covered_display": "100.00", "missing_lines": 0, "excluded_lines": 0}, "missing_lines": [], "excluded_lines": []}, "test_flow": {"executed_lines": [], "summary": {"covered_lines": 0, "num_statements": 0, "percent_covered": 100.0, "percent_covered_display": "100.00", "missing_lines": 0, "excluded_lines": 3}, "missing_lines": [], "excluded_lines": [317, 318, 319]}, "": {"executed_lines": [1, 5, 6, 8, 9, 11, 17, 20, 21, 71, 72, 111, 112, 146, 147, 192, 196, 247, 248, 312], "summary": {"covered_lines": 18, "num_statements": 18, "percent_covered": 100.0, "percent_covered_display": "100.00", "missing_lines": 0, "excluded_lines": 4}, "missing_lines": [], "excluded_lines": [312, 313, 316, 321]}}, "classes": {"": {"executed_lines": [1, 5, 6, 8, 9, 11, 17, 20, 21, 35, 42, 51, 63, 64, 71, 72, 82, 84, 91, 103, 104, 111, 112, 125, 133, 142, 143, 146, 147, 160, 162, 177, 184, 185, 192, 196, 209, 212, 213, 215, 218, 221, 222, 225, 228, 231, 243, 244, 247, 248, 262, 269, 270, 273, 274, 275, 277, 280, 281, 282, 285, 286, 288, 291, 294, 296, 307, 308, 312], "summary": {"covered_lines": 67, "num_statements": 77, "percent_covered": 87.01298701298701, "percent_covered_display": "87.01", "missing_lines": 10, "excluded_lines": 7}, "missing_lines": [66, 67, 68, 106, 107, 108, 187, 188, 189, 210], "excluded_lines": [312, 313, 316, 317, 318, 319, 321]}}}, "apps/workers/tasks/__init__.py": {"executed_lines": [], "summary": {"covered_lines": 0, "num_statements": 0, "percent_covered": 100.0, "percent_covered_display": "100.00", "missing_lines": 0, "excluded_lines": 0}, "missing_lines": [], "excluded_lines": [], "functions": {"": {"executed_lines": [], "summary": {"covered_lines": 0, "num_statements": 0, "percent_covered": 100.0, "percent_covered_display": "100.00", "missing_lines": 0, "excluded_lines": 0}, "missing_lines": [], "excluded_lines": []}}, "classes": {"": {"executed_lines": [], "summary": {"covered_lines": 0, "num_statements": 0, "percent_covered": 100.0, "percent_covered_display": "100.00", "missing_lines": 0, "excluded_lines": 0}, "missing_lines": [], "excluded_lines": []}}}, "data_pipeline/__init__.py": {"executed_lines": [0], "summary": {"covered_lines": 0, "num_statements": 0, "percent_covered": 100.0, "percent_covered_display": "100.00", "missing_lines": 0, "excluded_lines": 0}, "missing_lines": [], "excluded_lines": [], "functions": {"": {"executed_lines": [], "summary": {"covered_lines": 0, "num_statements": 0, "percent_covered": 100.0, "percent_covered_display": "100.00", "missing_lines": 0, "excluded_lines": 0}, "missing_lines": [], "excluded_lines": []}}, "classes": {"": {"executed_lines": [], "summary": {"covered_lines": 0, "num_statements": 0, "percent_covered": 100.0, "percent_covered_display": "100.00", "missing_lines": 0, "excluded_lines": 0}, "missing_lines": [], "excluded_lines": []}}}, "data_pipeline/contract_validator.py": {"executed_lines": [3, 4, 6, 7, 9, 12, 14, 15, 16, 17, 18, 21, 31, 32, 35, 36, 37, 38, 39, 42, 43, 44, 45, 46, 47, 48, 53, 54, 57], "summary": {"covered_lines": 28, "num_statements": 28, "percent_covered": 100.0, "percent_covered_display": "100.00", "missing_lines": 0, "excluded_lines": 24}, "missing_lines": [], "excluded_lines": [57, 59, 61, 73, 74, 75, 76, 77, 78, 80, 81, 82, 85, 86, 87, 88, 90, 91, 92, 93, 94, 96, 98, 99], "functions": {"load_contract": {"executed_lines": [14, 15, 16, 17, 18], "summary": {"covered_lines": 5, "num_statements": 5, "percent_covered": 100.0, "percent_covered_display": "100.00", "missing_lines": 0, "excluded_lines": 0}, "missing_lines": [], "excluded_lines": []}, "validate_dataframe": {"executed_lines": [31, 32, 35, 36, 37, 38, 39, 42, 43, 44, 45, 46, 47, 48, 53, 54], "summary": {"covered_lines": 16, "num_statements": 16, "percent_covered": 100.0, "percent_covered_display": "100.00", "missing_lines": 0, "excluded_lines": 0}, "missing_lines": [], "excluded_lines": []}, "": {"executed_lines": [3, 4, 6, 7, 9, 12, 21, 57], "summary": {"covered_lines": 7, "num_statements": 7, "percent_covered": 100.0, "percent_covered_display": "100.00", "missing_lines": 0, "excluded_lines": 24}, "missing_lines": [], "excluded_lines": [57, 59, 61, 73, 74, 75, 76, 77, 78, 80, 81, 82, 85, 86, 87, 88, 90, 91, 92, 93, 94, 96, 98, 99]}}, "classes": {"": {"executed_lines": [3, 4, 6, 7, 9, 12, 14, 15, 16, 17, 18, 21, 31, 32, 35, 36, 37, 38, 39, 42, 43, 44, 45, 46, 47, 48, 53, 54, 57], "summary": {"covered_lines": 28, "num_statements": 28, "percent_covered": 100.0, "percent_covered_display": "100.00", "missing_lines": 0, "excluded_lines": 24}, "missing_lines": [], "excluded_lines": [57, 59, 61, 73, 74, 75, 76, 77, 78, 80, 81, 82, 85, 86, 87, 88, 90, 91, 92, 93, 94, 96, 98, 99]}}}, "data_pipeline/feature_store/__init__.py": {"executed_lines": [], "summary": {"covered_lines": 0, "num_statements": 0, "percent_covered": 100.0, "percent_covered_display": "100.00", "missing_lines": 0, "excluded_lines": 0}, "missing_lines": [], "excluded_lines": [], "functions": {"": {"executed_lines": [], "summary": {"covered_lines": 0, "num_statements": 0, "percent_covered": 100.0, "percent_covered_display": "100.00", "missing_lines": 0, "excluded_lines": 0}, "missing_lines": [], "excluded_lines": []}}, "classes": {"": {"executed_lines": [], "summary": {"covered_lines": 0, "num_statements": 0, "percent_covered": 100.0, "percent_covered_display": "100.00", "missing_lines": 0, "excluded_lines": 0}, "missing_lines": [], "excluded_lines": []}}}, "data_pipeline/features/build.py": {"executed_lines": [1, 7, 9, 10, 12, 15, 31, 32, 35, 58, 60, 69, 71, 74, 75, 78, 81, 82, 83, 88, 89, 91, 94, 179, 181, 184, 185, 186, 189, 190, 191, 192, 195, 196, 197, 198, 201, 203, 206, 208, 214, 215, 216, 217, 222, 225, 227, 230, 231, 232, 233, 234, 235, 236, 239, 240, 242, 245, 269, 270, 273, 277, 278, 282, 284, 286, 291, 292, 297, 299, 301, 303, 305, 309, 312, 313, 314, 315, 316, 318, 321, 322, 323, 326, 327, 328, 331, 332, 333, 334, 337, 338, 341, 354, 355, 356, 357, 358, 359, 362, 363, 364, 366], "summary": {"covered_lines": 102, "num_statements": 146, "percent_covered": 69.86301369863014, "percent_covered_display": "69.86", "missing_lines": 44, "excluded_lines": 0}, "missing_lines": [38, 41, 44, 47, 50, 53, 55, 96, 99, 102, 103, 105, 106, 109, 110, 113, 122, 133, 145, 152, 158, 161, 168, 174, 176, 271, 272, 274, 280, 287, 288, 293, 294, 300, 302, 304, 306, 307, 342, 343, 344, 345, 348, 349], "excluded_lines": [], "functions": {"build_match_features": {"executed_lines": [31, 32, 35], "summary": {"covered_lines": 3, "num_statements": 10, "percent_covered": 30.0, "percent_covered_display": "30.00", "missing_lines": 7, "excluded_lines": 0}, "missing_lines": [38, 41, 44, 47, 50, 53, 55], "excluded_lines": []}, "get_default_feature_config": {"executed_lines": [60], "summary": {"covered_lines": 1, "num_statements": 1, "percent_covered": 100.0, "percent_covered_display": "100.00", "missing_lines": 0, "excluded_lines": 0}, "missing_lines": [], "excluded_lines": []}, "add_basic_features": {"executed_lines": [71, 74, 75, 78, 81, 82, 83, 88, 89, 91], "summary": {"covered_lines": 10, "num_statements": 10, "percent_covered": 100.0, "percent_covered_display": "100.00", "missing_lines": 0, "excluded_lines": 0}, "missing_lines": [], "excluded_lines": []}, "add_form_features": {"executed_lines": [], "summary": {"covered_lines": 0, "num_statements": 18, "percent_covered": 0.0, "percent_covered_display": "0.00", "missing_lines": 18, "excluded_lines": 0}, "missing_lines": [96, 99, 102, 103, 105, 106, 109, 110, 113, 122, 133, 145, 152, 158, 161, 168, 174, 176], "excluded_lines": []}, "add_odds_features": {"executed_lines": [181, 184, 185, 186, 189, 190, 191, 192, 195, 196, 197, 198, 201, 203], "summary": {"covered_lines": 14, "num_statements": 14, "percent_covered": 100.0, "percent_covered_display": "100.00", "missing_lines": 0, "excluded_lines": 0}, "missing_lines": [], "excluded_lines": []}, "add_head_to_head_features": {"executed_lines": [208, 214, 215, 216, 217, 222], "summary": {"covered_lines": 6, "num_statements": 6, "percent_covered": 100.0, "percent_covered_display": "100.00", "missing_lines": 0, "excluded_lines": 0}, "missing_lines": [], "excluded_lines": []}, "clean_features": {"executed_lines": [227, 230, 231, 232, 233, 234, 235, 236, 239, 240, 242], "summary": {"covered_lines": 11, "num_statements": 11, "percent_covered": 100.0, "percent_covered_display": "100.00", "missing_lines": 0, "excluded_lines": 0}, "missing_lines": [], "excluded_lines": []}, "create_feature_vector": {"executed_lines": [269, 284, 312, 313, 314, 315, 316, 318, 321, 322, 323, 326, 327, 328, 331, 332, 333, 334, 337, 338, 341, 354, 355, 356, 357, 358, 359, 362, 363, 364, 366], "summary": {"covered_lines": 31, "num_statements": 37, "percent_covered": 83.78378378378379, "percent_covered_display": "83.78", "missing_lines": 6, "excluded_lines": 0}, "missing_lines": [342, 343, 344, 345, 348, 349], "excluded_lines": []}, "create_feature_vector.validate_team_name": {"executed_lines": [270, 273, 277, 278, 282], "summary": {"covered_lines": 5, "num_statements": 9, "percent_covered": 55.55555555555556, "percent_covered_display": "55.56", "missing_lines": 4, "excluded_lines": 0}, "missing_lines": [271, 272, 274, 280], "excluded_lines": []}, "create_feature_vector.validate_odds": {"executed_lines": [286, 291, 292, 297, 299, 301, 303, 305, 309], "summary": {"covered_lines": 9, "num_statements": 18, "percent_covered": 50.0, "percent_covered_display": "50.00", "missing_lines": 9, "excluded_lines": 0}, "missing_lines": [287, 288, 293, 294, 300, 302, 304, 306, 307], "excluded_lines": []}, "": {"executed_lines": [1, 7, 9, 10, 12, 15, 58, 69, 94, 179, 206, 225, 245], "summary": {"covered_lines": 12, "num_statements": 12, "percent_covered": 100.0, "percent_covered_display": "100.00", "missing_lines": 0, "excluded_lines": 0}, "missing_lines": [], "excluded_lines": []}}, "classes": {"": {"executed_lines": [1, 7, 9, 10, 12, 15, 31, 32, 35, 58, 60, 69, 71, 74, 75, 78, 81, 82, 83, 88, 89, 91, 94, 179, 181, 184, 185, 186, 189, 190, 191, 192, 195, 196, 197, 198, 201, 203, 206, 208, 214, 215, 216, 217, 222, 225, 227, 230, 231, 232, 233, 234, 235, 236, 239, 240, 242, 245, 269, 270, 273, 277, 278, 282, 284, 286, 291, 292, 297, 299, 301, 303, 305, 309, 312, 313, 314, 315, 316, 318, 321, 322, 323, 326, 327, 328, 331, 332, 333, 334, 337, 338, 341, 354, 355, 356, 357, 358, 359, 362, 363, 364, 366], "summary": {"covered_lines": 102, "num_statements": 146, "percent_covered": 69.86301369863014, "percent_covered_display": "69.86", "missing_lines": 44, "excluded_lines": 0}, "missing_lines": [38, 41, 44, 47, 50, 53, 55, 96, 99, 102, 103, 105, 106, 109, 110, 113, 122, 133, 145, 152, 158, 161, 168, 174, 176, 271, 272, 274, 280, 287, 288, 293, 294, 300, 302, 304, 306, 307, 342, 343, 344, 345, 348, 349], "excluded_lines": []}}}, "data_pipeline/features/rolling.py": {"executed_lines": [1, 7, 10, 33, 34, 36, 39, 46, 49, 69, 70, 72, 75, 78, 86, 88, 91, 113, 116, 119, 121, 122, 128, 129, 135, 136, 142, 143, 149, 150, 156, 157, 164, 166, 169, 180, 181, 182, 183, 185, 188, 199, 202, 203, 205, 206, 209, 214, 220, 228, 231, 235, 238, 239, 241, 243], "summary": {"covered_lines": 55, "num_statements": 57, "percent_covered": 96.49122807017544, "percent_covered_display": "96.49", "missing_lines": 2, "excluded_lines": 0}, "missing_lines": [114, 117], "excluded_lines": [], "functions": {"add_form": {"executed_lines": [33, 34, 36, 39, 46], "summary": {"covered_lines": 5, "num_statements": 5, "percent_covered": 100.0, "percent_covered_display": "100.00", "missing_lines": 0, "excluded_lines": 0}, "missing_lines": [], "excluded_lines": []}, "add_goal_diff": {"executed_lines": [69, 70, 72, 75, 78, 86, 88], "summary": {"covered_lines": 7, "num_statements": 7, "percent_covered": 100.0, "percent_covered_display": "100.00", "missing_lines": 0, "excluded_lines": 0}, "missing_lines": [], "excluded_lines": []}, "add_rolling_stats": {"executed_lines": [113, 116, 119, 121, 122, 128, 129, 135, 136, 142, 143, 149, 150, 156, 157, 164, 166], "summary": {"covered_lines": 17, "num_statements": 19, "percent_covered": 89.47368421052632, "percent_covered_display": "89.47", "missing_lines": 2, "excluded_lines": 0}, "missing_lines": [114, 117], "excluded_lines": []}, "calculate_points": {"executed_lines": [180, 181, 182, 183, 185], "summary": {"covered_lines": 5, "num_statements": 5, "percent_covered": 100.0, "percent_covered_display": "100.00", "missing_lines": 0, "excluded_lines": 0}, "missing_lines": [], "excluded_lines": []}, "add_recent_form": {"executed_lines": [199, 202, 203, 205, 206, 209, 214, 220, 228, 231, 235, 238, 239, 241, 243], "summary": {"covered_lines": 15, "num_statements": 15, "percent_covered": 100.0, "percent_covered_display": "100.00", "missing_lines": 0, "excluded_lines": 0}, "missing_lines": [], "excluded_lines": []}, "": {"executed_lines": [1, 7, 10, 49, 91, 169, 188], "summary": {"covered_lines": 6, "num_statements": 6, "percent_covered": 100.0, "percent_covered_display": "100.00", "missing_lines": 0, "excluded_lines": 0}, "missing_lines": [], "excluded_lines": []}}, "classes": {"": {"executed_lines": [1, 7, 10, 33, 34, 36, 39, 46, 49, 69, 70, 72, 75, 78, 86, 88, 91, 113, 116, 119, 121, 122, 128, 129, 135, 136, 142, 143, 149, 150, 156, 157, 164, 166, 169, 180, 181, 182, 183, 185, 188, 199, 202, 203, 205, 206, 209, 214, 220, 228, 231, 235, 238, 239, 241, 243], "summary": {"covered_lines": 55, "num_statements": 57, "percent_covered": 96.49122807017544, "percent_covered_display": "96.49", "missing_lines": 2, "excluded_lines": 0}, "missing_lines": [114, 117], "excluded_lines": []}}}, "data_pipeline/ingest/base.py": {"executed_lines": [1, 7, 8, 10, 13, 14, 16, 23, 25, 26, 38, 39, 52, 53, 55, 58, 59, 61, 62, 78, 80, 89, 92, 93, 95, 96, 111, 113, 114], "summary": {"covered_lines": 16, "num_statements": 16, "percent_covered": 100.0, "percent_covered_display": "100.00", "missing_lines": 0, "excluded_lines": 55}, "missing_lines": [], "excluded_lines": [25, 26, 27, 28, 29, 30, 31, 32, 33, 34, 35, 36, 38, 39, 40, 41, 42, 43, 44, 45, 46, 47, 48, 49, 61, 62, 63, 64, 65, 66, 67, 68, 69, 70, 71, 72, 73, 74, 75, 76, 95, 96, 97, 98, 99, 100, 101, 102, 103, 104, 105, 106, 107, 108, 109], "functions": {"DataSource.__init__": {"executed_lines": [23], "summary": {"covered_lines": 1, "num_statements": 1, "percent_covered": 100.0, "percent_covered_display": "100.00", "missing_lines": 0, "excluded_lines": 0}, "missing_lines": [], "excluded_lines": []}, "DataSource.fetch": {"executed_lines": [], "summary": {"covered_lines": 0, "num_statements": 0, "percent_covered": 100.0, "percent_covered_display": "100.00", "missing_lines": 0, "excluded_lines": 10}, "missing_lines": [], "excluded_lines": [27, 28, 29, 30, 31, 32, 33, 34, 35, 36]}, "DataSource.validate": {"executed_lines": [], "summary": {"covered_lines": 0, "num_statements": 0, "percent_covered": 100.0, "percent_covered_display": "100.00", "missing_lines": 0, "excluded_lines": 10}, "missing_lines": [], "excluded_lines": [40, 41, 42, 43, 44, 45, 46, 47, 48, 49]}, "MatchDataSource.fetch": {"executed_lines": [], "summary": {"covered_lines": 0, "num_statements": 0, "percent_covered": 100.0, "percent_covered_display": "100.00", "missing_lines": 0, "excluded_lines": 14}, "missing_lines": [], "excluded_lines": [63, 64, 65, 66, 67, 68, 69, 70, 71, 72, 73, 74, 75, 76]}, "MatchDataSource.validate": {"executed_lines": [80, 89], "summary": {"covered_lines": 2, "num_statements": 2, "percent_covered": 100.0, "percent_covered_display": "100.00", "missing_lines": 0, "excluded_lines": 0}, "missing_lines": [], "excluded_lines": []}, "OddsDataSource.fetch": {"executed_lines": [], "summary": {"covered_lines": 0, "num_statements": 0, "percent_covered": 100.0, "percent_covered_display": "100.00", "missing_lines": 0, "excluded_lines": 13}, "missing_lines": [], "excluded_lines": [97, 98, 99, 100, 101, 102, 103, 104, 105, 106, 107, 108, 109]}, "OddsDataSource.validate": {"executed_lines": [113, 114], "summary": {"covered_lines": 2, "num_statements": 2, "percent_covered": 100.0, "percent_covered_display": "100.00", "missing_lines": 0, "excluded_lines": 0}, "missing_lines": [], "excluded_lines": []}, "": {"executed_lines": [1, 7, 8, 10, 13, 14, 16, 25, 26, 38, 39, 52, 53, 55, 58, 59, 61, 62, 78, 92, 93, 95, 96, 111], "summary": {"covered_lines": 11, "num_statements": 11, "percent_covered": 100.0, "percent_covered_display": "100.00", "missing_lines": 0, "excluded_lines": 8}, "missing_lines": [], "excluded_lines": [25, 26, 38, 39, 61, 62, 95, 96]}}, "classes": {"DataSource": {"executed_lines": [23], "summary": {"covered_lines": 1, "num_statements": 1, "percent_covered": 100.0, "percent_covered_display": "100.00", "missing_lines": 0, "excluded_lines": 20}, "missing_lines": [], "excluded_lines": [27, 28, 29, 30, 31, 32, 33, 34, 35, 36, 40, 41, 42, 43, 44, 45, 46, 47, 48, 49]}, "DataSourceError": {"executed_lines": [], "summary": {"covered_lines": 0, "num_statements": 0, "percent_covered": 100.0, "percent_covered_display": "100.00", "missing_lines": 0, "excluded_lines": 0}, "missing_lines": [], "excluded_lines": []}, "MatchDataSource": {"executed_lines": [80, 89], "summary": {"covered_lines": 2, "num_statements": 2, "percent_covered": 100.0, "percent_covered_display": "100.00", "missing_lines": 0, "excluded_lines": 14}, "missing_lines": [], "excluded_lines": [63, 64, 65, 66, 67, 68, 69, 70, 71, 72, 73, 74, 75, 76]}, "OddsDataSource": {"executed_lines": [113, 114], "summary": {"covered_lines": 2, "num_statements": 2, "percent_covered": 100.0, "percent_covered_display": "100.00", "missing_lines": 0, "excluded_lines": 13}, "missing_lines": [], "excluded_lines": [97, 98, 99, 100, 101, 102, 103, 104, 105, 106, 107, 108, 109]}, "": {"executed_lines": [1, 7, 8, 10, 13, 14, 16, 25, 26, 38, 39, 52, 53, 55, 58, 59, 61, 62, 78, 92, 93, 95, 96, 111], "summary": {"covered_lines": 11, "num_statements": 11, "percent_covered": 100.0, "percent_covered_display": "100.00", "missing_lines": 0, "excluded_lines": 8}, "missing_lines": [], "excluded_lines": [25, 26, 38, 39, 61, 62, 95, 96]}}}, "data_pipeline/ingest/csv_adapter.py": {"executed_lines": [1, 7, 8, 10, 11, 12, 13, 15, 17, 20, 22, 23, 24, 25, 26, 29, 30, 33, 34, 35, 37, 39, 40, 41, 42, 49, 50, 51, 52, 58, 59, 66], "summary": {"covered_lines": 30, "num_statements": 32, "percent_covered": 93.75, "percent_covered_display": "93.75", "missing_lines": 2, "excluded_lines": 3}, "missing_lines": [62, 63], "excluded_lines": [66, 67, 68], "functions": {"ingest_csv_data": {"executed_lines": [22, 23, 24, 25, 26, 29, 30, 33, 34, 35, 37, 39, 40, 41, 42, 49, 50, 51, 52, 58, 59], "summary": {"covered_lines": 21, "num_statements": 23, "percent_covered": 91.30434782608695, "percent_covered_display": "91.30", "missing_lines": 2, "excluded_lines": 0}, "missing_lines": [62, 63], "excluded_lines": []}, "": {"executed_lines": [1, 7, 8, 10, 11, 12, 13, 15, 17, 20, 66], "summary": {"covered_lines": 9, "num_statements": 9, "percent_covered": 100.0, "percent_covered_display": "100.00", "missing_lines": 0, "excluded_lines": 3}, "missing_lines": [], "excluded_lines": [66, 67, 68]}}, "classes": {"": {"executed_lines": [1, 7, 8, 10, 11, 12, 13, 15, 17, 20, 22, 23, 24, 25, 26, 29, 30, 33, 34, 35, 37, 39, 40, 41, 42, 49, 50, 51, 52, 58, 59, 66], "summary": {"covered_lines": 30, "num_statements": 32, "percent_covered": 93.75, "percent_covered_display": "93.75", "missing_lines": 2, "excluded_lines": 3}, "missing_lines": [62, 63], "excluded_lines": [66, 67, 68]}}}, "data_pipeline/loaders/__init__.py": {"executed_lines": [], "summary": {"covered_lines": 0, "num_statements": 0, "percent_covered": 100.0, "percent_covered_display": "100.00", "missing_lines": 0, "excluded_lines": 0}, "missing_lines": [], "excluded_lines": [], "functions": {"": {"executed_lines": [], "summary": {"covered_lines": 0, "num_statements": 0, "percent_covered": 100.0, "percent_covered_display": "100.00", "missing_lines": 0, "excluded_lines": 0}, "missing_lines": [], "excluded_lines": []}}, "classes": {"": {"executed_lines": [], "summary": {"covered_lines": 0, "num_statements": 0, "percent_covered": 100.0, "percent_covered_display": "100.00", "missing_lines": 0, "excluded_lines": 0}, "missing_lines": [], "excluded_lines": []}}}, "data_pipeline/sources/__init__.py": {"executed_lines": [0], "summary": {"covered_lines": 0, "num_statements": 0, "percent_covered": 100.0, "percent_covered_display": "100.00", "missing_lines": 0, "excluded_lines": 0}, "missing_lines": [], "excluded_lines": [], "functions": {"": {"executed_lines": [], "summary": {"covered_lines": 0, "num_statements": 0, "percent_covered": 100.0, "percent_covered_display": "100.00", "missing_lines": 0, "excluded_lines": 0}, "missing_lines": [], "excluded_lines": []}}, "classes": {"": {"executed_lines": [], "summary": {"covered_lines": 0, "num_statements": 0, "percent_covered": 100.0, "percent_covered_display": "100.00", "missing_lines": 0, "excluded_lines": 0}, "missing_lines": [], "excluded_lines": []}}}, "data_pipeline/sources/football_api.py": {"executed_lines": [1, 5, 6, 7, 9, 10, 12, 14, 17, 18, 19, 21, 22, 23, 24, 25, 26, 27, 28, 29, 30, 33, 34, 35, 37, 38, 39, 40, 41, 42, 45, 46, 48, 49, 50, 51, 53, 55, 56, 57, 59, 64, 66, 73, 74, 76, 93, 94, 96, 103, 105, 106, 110, 111, 113, 134, 135, 136, 141, 151, 152], "summary": {"covered_lines": 57, "num_statements": 74, "percent_covered": 77.02702702702703, "percent_covered_display": "77.03", "missing_lines": 17, "excluded_lines": 0}, "missing_lines": [114, 115, 117, 118, 138, 139, 154, 156, 158, 160, 162, 168, 170, 171, 172, 174, 175], "excluded_lines": [], "functions": {"FootballAPICollector.__init__": {"executed_lines": [49, 50, 51], "summary": {"covered_lines": 3, "num_statements": 3, "percent_covered": 100.0, "percent_covered_display": "100.00", "missing_lines": 0, "excluded_lines": 0}, "missing_lines": [], "excluded_lines": []}, "FootballAPICollector.__aenter__": {"executed_lines": [55, 56, 57, 59, 64], "summary": {"covered_lines": 5, "num_statements": 5, "percent_covered": 100.0, "percent_covered_display": "100.00", "missing_lines": 0, "excluded_lines": 0}, "missing_lines": [], "excluded_lines": []}, "FootballAPICollector.__aexit__": {"executed_lines": [73, 74], "summary": {"covered_lines": 2, "num_statements": 2, "percent_covered": 100.0, "percent_covered_display": "100.00", "missing_lines": 0, "excluded_lines": 0}, "missing_lines": [], "excluded_lines": []}, "FootballAPICollector.collect_matches_by_date": {"executed_lines": [93, 94, 96, 103, 105, 106, 110, 111, 113, 134, 135, 136], "summary": {"covered_lines": 12, "num_statements": 18, "percent_covered": 66.66666666666667, "percent_covered_display": "66.67", "missing_lines": 6, "excluded_lines": 0}, "missing_lines": [114, 115, 117, 118, 138, 139], "excluded_lines": []}, "FootballAPICollector.collect_team_info": {"executed_lines": [151, 152], "summary": {"covered_lines": 2, "num_statements": 13, "percent_covered": 15.384615384615385, "percent_covered_display": "15.38", "missing_lines": 11, "excluded_lines": 0}, "missing_lines": [154, 156, 158, 160, 162, 168, 170, 171, 172, 174, 175], "excluded_lines": []}, "": {"executed_lines": [1, 5, 6, 7, 9, 10, 12, 14, 17, 18, 19, 21, 22, 23, 24, 25, 26, 27, 28, 29, 30, 33, 34, 35, 37, 38, 39, 40, 41, 42, 45, 46, 48, 53, 66, 76, 141], "summary": {"covered_lines": 33, "num_statements": 33, "percent_covered": 100.0, "percent_covered_display": "100.00", "missing_lines": 0, "excluded_lines": 0}, "missing_lines": [], "excluded_lines": []}}, "classes": {"Match": {"executed_lines": [], "summary": {"covered_lines": 0, "num_statements": 0, "percent_covered": 100.0, "percent_covered_display": "100.00", "missing_lines": 0, "excluded_lines": 0}, "missing_lines": [], "excluded_lines": []}, "Team": {"executed_lines": [], "summary": {"covered_lines": 0, "num_statements": 0, "percent_covered": 100.0, "percent_covered_display": "100.00", "missing_lines": 0, "excluded_lines": 0}, "missing_lines": [], "excluded_lines": []}, "FootballAPICollector": {"executed_lines": [49, 50, 51, 55, 56, 57, 59, 64, 73, 74, 93, 94, 96, 103, 105, 106, 110, 111, 113, 134, 135, 136, 151, 152], "summary": {"covered_lines": 24, "num_statements": 41, "percent_covered": 58.53658536585366, "percent_covered_display": "58.54", "missing_lines": 17, "excluded_lines": 0}, "missing_lines": [114, 115, 117, 118, 138, 139, 154, 156, 158, 160, 162, 168, 170, 171, 172, 174, 175], "excluded_lines": []}, "": {"executed_lines": [1, 5, 6, 7, 9, 10, 12, 14, 17, 18, 19, 21, 22, 23, 24, 25, 26, 27, 28, 29, 30, 33, 34, 35, 37, 38, 39, 40, 41, 42, 45, 46, 48, 53, 66, 76, 141], "summary": {"covered_lines": 33, "num_statements": 33, "percent_covered": 100.0, "percent_covered_display": "100.00", "missing_lines": 0, "excluded_lines": 0}, "missing_lines": [], "excluded_lines": []}}}, "data_pipeline/sources/ingest_matches.py": {"executed_lines": [1, 3, 4, 5, 7, 9, 12, 14, 15, 17, 18, 19, 20, 22, 23, 24, 26, 29, 30, 31, 32, 33, 34, 46, 56, 57, 58, 59, 60, 61, 62, 65, 68, 71, 74, 77, 80, 82, 83, 84, 85, 86, 87, 88], "summary": {"covered_lines": 44, "num_statements": 44, "percent_covered": 100.0, "percent_covered_display": "100.00", "missing_lines": 0, "excluded_lines": 0}, "missing_lines": [], "excluded_lines": [], "functions": {"ingest_matches": {"executed_lines": [14, 15, 17, 18, 19, 20, 22, 23, 24, 26, 29, 30, 31, 32, 33, 34, 46, 56, 57, 58, 59, 60, 61, 62], "summary": {"covered_lines": 24, "num_statements": 24, "percent_covered": 100.0, "percent_covered_display": "100.00", "missing_lines": 0, "excluded_lines": 0}, "missing_lines": [], "excluded_lines": []}, "_handle_teams": {"executed_lines": [68, 71, 74, 77], "summary": {"covered_lines": 4, "num_statements": 4, "percent_covered": 100.0, "percent_covered_display": "100.00", "missing_lines": 0, "excluded_lines": 0}, "missing_lines": [], "excluded_lines": []}, "_get_result": {"executed_lines": [82, 83, 84, 85, 86, 87, 88], "summary": {"covered_lines": 7, "num_statements": 7, "percent_covered": 100.0, "percent_covered_display": "100.00", "missing_lines": 0, "excluded_lines": 0}, "missing_lines": [], "excluded_lines": []}, "": {"executed_lines": [1, 3, 4, 5, 7, 9, 12, 65, 80], "summary": {"covered_lines": 9, "num_statements": 9, "percent_covered": 100.0, "percent_covered_display": "100.00", "missing_lines": 0, "excluded_lines": 0}, "missing_lines": [], "excluded_lines": []}}, "classes": {"": {"executed_lines": [1, 3, 4, 5, 7, 9, 12, 14, 15, 17, 18, 19, 20, 22, 23, 24, 26, 29, 30, 31, 32, 33, 34, 46, 56, 57, 58, 59, 60, 61, 62, 65, 68, 71, 74, 77, 80, 82, 83, 84, 85, 86, 87, 88], "summary": {"covered_lines": 44, "num_statements": 44, "percent_covered": 100.0, "percent_covered_display": "100.00", "missing_lines": 0, "excluded_lines": 0}, "missing_lines": [], "excluded_lines": []}}}, "data_pipeline/sources/ingest_odds.py": {"executed_lines": [1, 2, 3, 5, 6, 7, 8, 10, 11, 13, 16, 18, 25, 26, 27, 28, 30, 34, 35, 36, 41, 43, 46, 56, 57, 58, 60, 61, 62, 63, 65, 75, 76, 77, 81, 98, 99, 100, 101, 102, 104, 107, 108, 109, 110, 113, 114, 119, 121, 122, 124, 125, 126, 130, 132, 133, 134, 136, 137, 138, 141], "summary": {"covered_lines": 60, "num_statements": 62, "percent_covered": 96.7741935483871, "percent_covered_display": "96.77", "missing_lines": 2, "excluded_lines": 3}, "missing_lines": [31, 32], "excluded_lines": [141, 142, 143], "functions": {"validate_odds": {"executed_lines": [18, 25, 26, 27, 28, 30, 34, 35, 36, 41, 43], "summary": {"covered_lines": 11, "num_statements": 13, "percent_covered": 84.61538461538461, "percent_covered_display": "84.62", "missing_lines": 2, "excluded_lines": 0}, "missing_lines": [31, 32], "excluded_lines": []}, "ingest_data": {"executed_lines": [56, 57, 58, 60, 61, 62, 63, 65, 75, 76, 77, 81, 98, 99, 100, 101, 102, 104], "summary": {"covered_lines": 18, "num_statements": 18, "percent_covered": 100.0, "percent_covered_display": "100.00", "missing_lines": 0, "excluded_lines": 0}, "missing_lines": [], "excluded_lines": []}, "main": {"executed_lines": [108, 109, 110, 113, 114, 119, 121, 122, 124, 125, 126, 130, 132, 133, 134, 136, 137, 138], "summary": {"covered_lines": 18, "num_statements": 18, "percent_covered": 100.0, "percent_covered_display": "100.00", "missing_lines": 0, "excluded_lines": 0}, "missing_lines": [], "excluded_lines": []}, "": {"executed_lines": [1, 2, 3, 5, 6, 7, 8, 10, 11, 13, 16, 46, 107, 141], "summary": {"covered_lines": 13, "num_statements": 13, "percent_covered": 100.0, "percent_covered_display": "100.00", "missing_lines": 0, "excluded_lines": 3}, "missing_lines": [], "excluded_lines": [141, 142, 143]}}, "classes": {"": {"executed_lines": [1, 2, 3, 5, 6, 7, 8, 10, 11, 13, 16, 18, 25, 26, 27, 28, 30, 34, 35, 36, 41, 43, 46, 56, 57, 58, 60, 61, 62, 63, 65, 75, 76, 77, 81, 98, 99, 100, 101, 102, 104, 107, 108, 109, 110, 113, 114, 119, 121, 122, 124, 125, 126, 130, 132, 133, 134, 136, 137, 138, 141], "summary": {"covered_lines": 60, "num_statements": 62, "percent_covered": 96.7741935483871, "percent_covered_display": "96.77", "missing_lines": 2, "excluded_lines": 3}, "missing_lines": [31, 32], "excluded_lines": [141, 142, 143]}}}, "data_pipeline/sources/odds_fetcher.py": {"executed_lines": [1, 2, 3, 4, 6, 7, 8, 9, 11, 14, 17, 18, 19, 21, 26, 27, 28, 29, 31, 32, 38, 39, 40, 41, 42, 46, 47, 48, 49, 52, 61, 62, 64, 65, 66, 72, 73, 74, 75, 76, 78], "summary": {"covered_lines": 41, "num_statements": 41, "percent_covered": 100.0, "percent_covered_display": "100.00", "missing_lines": 0, "excluded_lines": 0}, "missing_lines": [], "excluded_lines": [], "functions": {"_fetch_from_api": {"executed_lines": [17, 18, 19, 21, 26, 27, 28, 29, 31, 32, 38, 39, 40, 41, 42, 46, 47, 48, 49], "summary": {"covered_lines": 19, "num_statements": 19, "percent_covered": 100.0, "percent_covered_display": "100.00", "missing_lines": 0, "excluded_lines": 0}, "missing_lines": [], "excluded_lines": []}, "fetch_odds": {"executed_lines": [61, 62, 64, 65, 66, 72, 73, 74, 75, 76, 78], "summary": {"covered_lines": 11, "num_statements": 11, "percent_covered": 100.0, "percent_covered_display": "100.00", "missing_lines": 0, "excluded_lines": 0}, "missing_lines": [], "excluded_lines": []}, "": {"executed_lines": [1, 2, 3, 4, 6, 7, 8, 9, 11, 14, 52], "summary": {"covered_lines": 11, "num_statements": 11, "percent_covered": 100.0, "percent_covered_display": "100.00", "missing_lines": 0, "excluded_lines": 0}, "missing_lines": [], "excluded_lines": []}}, "classes": {"": {"executed_lines": [1, 2, 3, 4, 6, 7, 8, 9, 11, 14, 17, 18, 19, 21, 26, 27, 28, 29, 31, 32, 38, 39, 40, 41, 42, 46, 47, 48, 49, 52, 61, 62, 64, 65, 66, 72, 73, 74, 75, 76, 78], "summary": {"covered_lines": 41, "num_statements": 41, "percent_covered": 100.0, "percent_covered_display": "100.00", "missing_lines": 0, "excluded_lines": 0}, "missing_lines": [], "excluded_lines": []}}}, "data_pipeline/transforms/__init__.py": {"executed_lines": [0], "summary": {"covered_lines": 0, "num_statements": 0, "percent_covered": 100.0, "percent_covered_display": "100.00", "missing_lines": 0, "excluded_lines": 0}, "missing_lines": [], "excluded_lines": [], "functions": {"": {"executed_lines": [], "summary": {"covered_lines": 0, "num_statements": 0, "percent_covered": 100.0, "percent_covered_display": "100.00", "missing_lines": 0, "excluded_lines": 0}, "missing_lines": [], "excluded_lines": []}}, "classes": {"": {"executed_lines": [], "summary": {"covered_lines": 0, "num_statements": 0, "percent_covered": 100.0, "percent_covered_display": "100.00", "missing_lines": 0, "excluded_lines": 0}, "missing_lines": [], "excluded_lines": []}}}, "data_pipeline/transforms/feature_engineer.py": {"executed_lines": [1, 6, 7, 10, 20, 23, 24, 25, 28, 35, 38, 50, 56, 59, 70, 73, 76, 79, 82, 85, 86, 89, 92, 95, 112], "summary": {"covered_lines": 24, "num_statements": 24, "percent_covered": 100.0, "percent_covered_display": "100.00", "missing_lines": 0, "excluded_lines": 0}, "missing_lines": [], "excluded_lines": [], "functions": {"calculate_implied_probabilities": {"executed_lines": [20, 23, 24, 25, 28, 35], "summary": {"covered_lines": 6, "num_statements": 6, "percent_covered": 100.0, "percent_covered_display": "100.00", "missing_lines": 0, "excluded_lines": 0}, "missing_lines": [], "excluded_lines": []}, "aggregate_odds": {"executed_lines": [50, 56], "summary": {"covered_lines": 2, "num_statements": 2, "percent_covered": 100.0, "percent_covered_display": "100.00", "missing_lines": 0, "excluded_lines": 0}, "missing_lines": [], "excluded_lines": []}, "generate_features": {"executed_lines": [70, 73, 76, 79, 82, 85, 86, 89, 92, 95, 112], "summary": {"covered_lines": 11, "num_statements": 11, "percent_covered": 100.0, "percent_covered_display": "100.00", "missing_lines": 0, "excluded_lines": 0}, "missing_lines": [], "excluded_lines": []}, "": {"executed_lines": [1, 6, 7, 10, 38, 59], "summary": {"covered_lines": 5, "num_statements": 5, "percent_covered": 100.0, "percent_covered_display": "100.00", "missing_lines": 0, "excluded_lines": 0}, "missing_lines": [], "excluded_lines": []}}, "classes": {"": {"executed_lines": [1, 6, 7, 10, 20, 23, 24, 25, 28, 35, 38, 50, 56, 59, 70, 73, 76, 79, 82,
[...]
red_display": "100.00", "missing_lines": 0, "excluded_lines": 3}, "missing_lines": [], "excluded_lines": [114, 115, 116]}}, "classes": {"": {"executed_lines": [1, 2, 3, 5, 6, 7, 8, 9, 11, 12, 14, 17, 19, 23, 24, 25, 26, 27, 28, 29, 30, 33, 42, 43, 44, 47, 48, 49, 51, 52, 53, 55, 63, 64, 65, 66, 67, 68, 69, 73, 74, 75, 76, 79, 80, 82, 83, 85, 86, 91, 93, 95, 96, 101, 102, 107, 109, 110, 111, 114], "summary": {"covered_lines": 59, "num_statements": 64, "percent_covered": 92.1875, "percent_covered_display": "92.19", "missing_lines": 5, "excluded_lines": 3}, "missing_lines": [87, 97, 98, 103, 104], "excluded_lines": [114, 115, 116]}}}, "evaluation/__init__.py": {"executed_lines": [], "summary": {"covered_lines": 0, "num_statements": 0, "percent_covered": 100.0, "percent_covered_display": "100.00", "missing_lines": 0, "excluded_lines": 0}, "missing_lines": [], "excluded_lines": [], "functions": {"": {"executed_lines": [], "summary": {"covered_lines": 0, "num_statements": 0, "percent_covered": 100.0, "percent_covered_display": "100.00", "missing_lines": 0, "excluded_lines": 0}, "missing_lines": [], "excluded_lines": []}}, "classes": {"": {"executed_lines": [], "summary": {"covered_lines": 0, "num_statements": 0, "percent_covered": 100.0, "percent_covered_display": "100.00", "missing_lines": 0, "excluded_lines": 0}, "missing_lines": [], "excluded_lines": []}}}, "infra/__init__.py": {"executed_lines": [], "summary": {"covered_lines": 0, "num_statements": 0, "percent_covered": 100.0, "percent_covered_display": "100.00", "missing_lines": 0, "excluded_lines": 0}, "missing_lines": [], "excluded_lines": [], "functions": {"": {"executed_lines": [], "summary": {"covered_lines": 0, "num_statements": 0, "percent_covered": 100.0, "percent_covered_display": "100.00", "missing_lines": 0, "excluded_lines": 0}, "missing_lines": [], "excluded_lines": []}}, "classes": {"": {"executed_lines": [], "summary": {"covered_lines": 0, "num_statements": 0, "percent_covered": 100.0, "percent_covered_display": "100.00", "missing_lines": 0, "excluded_lines": 0}, "missing_lines": [], "excluded_lines": []}}}, "models/__init__.py": {"executed_lines": [0], "summary": {"covered_lines": 0, "num_statements": 0, "percent_covered": 100.0, "percent_covered_display": "100.00", "missing_lines": 0, "excluded_lines": 0}, "missing_lines": [], "excluded_lines": [], "functions": {"": {"executed_lines": [], "summary": {"covered_lines": 0, "num_statements": 0, "percent_covered": 100.0, "percent_covered_display": "100.00", "missing_lines": 0, "excluded_lines": 0}, "missing_lines": [], "excluded_lines": []}}, "classes": {"": {"executed_lines": [], "summary": {"covered_lines": 0, "num_statements": 0, "percent_covered": 100.0, "percent_covered_display": "100.00", "missing_lines": 0, "excluded_lines": 0}, "missing_lines": [], "excluded_lines": []}}}, "models/artifacts/__init__.py": {"executed_lines": [], "summary": {"covered_lines": 0, "num_statements": 0, "percent_covered": 100.0, "percent_covered_display": "100.00", "missing_lines": 0, "excluded_lines": 0}, "missing_lines": [], "excluded_lines": [], "functions": {"": {"executed_lines": [], "summary": {"covered_lines": 0, "num_statements": 0, "percent_covered": 100.0, "percent_covered_display": "100.00", "missing_lines": 0, "excluded_lines": 0}, "missing_lines": [], "excluded_lines": []}}, "classes": {"": {"executed_lines": [], "summary": {"covered_lines": 0, "num_statements": 0, "percent_covered": 100.0, "percent_covered_display": "100.00", "missing_lines": 0, "excluded_lines": 0}, "missing_lines": [], "excluded_lines": []}}}, "models/predictor.py": {"executed_lines": [1, 2, 3, 4, 5, 7, 8, 9, 10, 12, 15, 17, 20, 21, 22, 23, 28, 29, 30, 31, 32, 33, 35, 38, 40, 42, 47, 49, 52, 53, 55, 56, 57, 58, 59, 61, 62, 65, 66, 67, 68, 70, 71, 73, 75, 77, 78, 81, 82, 83, 86, 87, 88, 90, 91, 100, 102, 103, 104, 105, 107, 109, 113, 114, 115, 116, 119, 120, 122, 128, 129, 134, 135, 136, 137, 138, 141, 143, 144, 145, 147, 155, 156, 158, 160, 161], "summary": {"covered_lines": 84, "num_statements": 95, "percent_covered": 88.42105263157895, "percent_covered_display": "88.42", "missing_lines": 11, "excluded_lines": 0}, "missing_lines": [41, 48, 93, 94, 95, 96, 97, 98, 110, 130, 131], "excluded_lines": [], "functions": {"_create_feature_vector": {"executed_lines": [17, 20, 21, 22, 23, 28, 29, 30, 31, 32, 33, 35], "summary": {"covered_lines": 12, "num_statements": 12, "percent_covered": 100.0, "percent_covered_display": "100.00", "missing_lines": 0, "excluded_lines": 0}, "missing_lines": [], "excluded_lines": []}, "find_latest_model_dir": {"executed_lines": [40, 42, 47, 49], "summary": {"covered_lines": 4, "num_statements": 6, "percent_covered": 66.66666666666667, "percent_covered_display": "66.67", "missing_lines": 2, "excluded_lines": 0}, "missing_lines": [41, 48], "excluded_lines": []}, "Predictor.__init__": {"executed_lines": [56, 57, 58, 59, 61, 62, 65, 66, 67, 68, 70, 71], "summary": {"covered_lines": 12, "num_statements": 12, "percent_covered": 100.0, "percent_covered_display": "100.00", "missing_lines": 0, "excluded_lines": 0}, "missing_lines": [], "excluded_lines": []}, "Predictor.load_model": {"executed_lines": [75, 77, 78, 81, 82, 83, 86, 87, 88, 90, 91], "summary": {"covered_lines": 11, "num_statements": 17, "percent_covered": 64.70588235294117, "percent_covered_display": "64.71", "missing_lines": 6, "excluded_lines": 0}, "missing_lines": [93, 94, 95, 96, 97, 98], "excluded_lines": []}, "Predictor._use_stub_model": {"executed_lines": [102, 103, 104, 105], "summary": {"covered_lines": 4, "num_statements": 4, "percent_covered": 100.0, "percent_covered_display": "100.00", "missing_lines": 0, "excluded_lines": 0}, "missing_lines": [], "excluded_lines": []}, "Predictor.predict": {"executed_lines": [109, 113, 114, 115, 116, 119, 120, 122, 128, 129, 134, 135, 136, 137, 138, 141, 143, 144, 145, 147], "summary": {"covered_lines": 20, "num_statements": 23, "percent_covered": 86.95652173913044, "percent_covered_display": "86.96", "missing_lines": 3, "excluded_lines": 0}, "missing_lines": [110, 130, 131], "excluded_lines": []}, "_StubModel.predict_proba": {"executed_lines": [161], "summary": {"covered_lines": 1, "num_statements": 1, "percent_covered": 100.0, "percent_covered_display": "100.00", "missing_lines": 0, "excluded_lines": 0}, "missing_lines": [], "excluded_lines": []}, "": {"executed_lines": [1, 2, 3, 4, 5, 7, 8, 9, 10, 12, 15, 38, 52, 53, 55, 73, 100, 107, 155, 156, 158, 160], "summary": {"covered_lines": 20, "num_statements": 20, "percent_covered": 100.0, "percent_covered_display": "100.00", "missing_lines": 0, "excluded_lines": 0}, "missing_lines": [], "excluded_lines": []}}, "classes": {"Predictor": {"executed_lines": [56, 57, 58, 59, 61, 62, 65, 66, 67, 68, 70, 71, 75, 77, 78, 81, 82, 83, 86, 87, 88, 90, 91, 102, 103, 104, 105, 109, 113, 114, 115, 116, 119, 120, 122, 128, 129, 134, 135, 136, 137, 138, 141, 143, 144, 145, 147], "summary": {"covered_lines": 47, "num_statements": 56, "percent_covered": 83.92857142857143, "percent_covered_display": "83.93", "missing_lines": 9, "excluded_lines": 0}, "missing_lines": [93, 94, 95, 96, 97, 98, 110, 130, 131], "excluded_lines": []}, "_StubModel": {"executed_lines": [161], "summary": {"covered_lines": 1, "num_statements": 1, "percent_covered": 100.0, "percent_covered_display": "100.00", "missing_lines": 0, "excluded_lines": 0}, "missing_lines": [], "excluded_lines": []}, "": {"executed_lines": [1, 2, 3, 4, 5, 7, 8, 9, 10, 12, 15, 17, 20, 21, 22, 23, 28, 29, 30, 31, 32, 33, 35, 38, 40, 42, 47, 49, 52, 53, 55, 73, 100, 107, 155, 156, 158, 160], "summary": {"covered_lines": 36, "num_statements": 38, "percent_covered": 94.73684210526316, "percent_covered_display": "94.74", "missing_lines": 2, "excluded_lines": 0}, "missing_lines": [41, 48], "excluded_lines": []}}}, "models/registry.py": {"executed_lines": [1, 5, 6, 7, 8, 9, 10, 12, 14, 16, 20, 21, 22, 24, 25, 26, 27, 28, 31, 32, 33, 34, 37, 38, 39, 40, 43, 44, 47, 48, 50, 51, 52, 55, 56, 57, 59, 60, 61, 62, 65, 66, 68, 75, 76, 79, 80, 82, 84, 85, 86, 88, 93, 95, 97, 98, 100, 117, 118, 120, 128, 129, 132, 133, 134, 137, 138, 141, 142, 145, 146, 148, 155, 158, 159, 161, 163, 170, 172, 175, 176, 177, 180, 181, 182, 183, 184, 186, 188, 199, 200, 201, 205, 206, 207, 208, 209, 210, 211, 212, 213, 215, 219, 220, 222, 223, 225, 227, 229, 231, 232, 234, 236, 259, 284, 286, 290, 291, 292, 293, 294, 296, 299, 300, 301, 303, 310], "summary": {"covered_lines": 123, "num_statements": 154, "percent_covered": 79.87012987012987, "percent_covered_display": "79.87", "missing_lines": 31, "excluded_lines": 0}, "missing_lines": [202, 216, 233, 238, 239, 240, 241, 242, 243, 245, 246, 248, 249, 252, 253, 257, 261, 262, 265, 266, 269, 270, 271, 273, 276, 280, 282, 287, 297, 312, 322], "excluded_lines": [], "functions": {"ModelMetadata.__post_init__": {"executed_lines": [51, 52], "summary": {"covered_lines": 2, "num_statements": 2, "percent_covered": 100.0, "percent_covered_display": "100.00", "missing_lines": 0, "excluded_lines": 0}, "missing_lines": [], "excluded_lines": []}, "ModelRegistry.__init__": {"executed_lines": [75, 76, 79, 80], "summary": {"covered_lines": 4, "num_statements": 4, "percent_covered": 100.0, "percent_covered_display": "100.00", "missing_lines": 0, "excluded_lines": 0}, "missing_lines": [], "excluded_lines": []}, "ModelRegistry._load_index": {"executed_lines": [84, 85, 86, 88, 93], "summary": {"covered_lines": 5, "num_statements": 5, "percent_covered": 100.0, "percent_covered_display": "100.00", "missing_lines": 0, "excluded_lines": 0}, "missing_lines": [], "excluded_lines": []}, "ModelRegistry._save_index": {"executed_lines": [97, 98], "summary": {"covered_lines": 2, "num_statements": 2, "percent_covered": 100.0, "percent_covered_display": "100.00", "missing_lines": 0, "excluded_lines": 0}, "missing_lines": [], "excluded_lines": []}, "ModelRegistry.register_model": {"executed_lines": [117, 118, 120, 128, 129, 132, 133, 134, 137, 138, 141, 142, 145, 146, 148, 155, 158, 159, 161, 163, 170], "summary": {"covered_lines": 21, "num_statements": 21, "percent_covered": 100.0, "percent_covered_display": "100.00", "missing_lines": 0, "excluded_lines": 0}, "missing_lines": [], "excluded_lines": []}, "ModelRegistry._set_active_version": {"executed_lines": [175, 176, 177, 180, 181, 182, 183, 184, 186], "summary": {"covered_lines": 9, "num_statements": 9, "percent_covered": 100.0, "percent_covered_display": "100.00", "missing_lines": 0, "excluded_lines": 0}, "missing_lines": [], "excluded_lines": []}, "ModelRegistry.load_model": {"executed_lines": [199, 200, 201, 205, 206, 207, 208, 209, 210, 211, 212, 213, 215, 219, 220, 222, 223], "summary": {"covered_lines": 17, "num_statements": 19, "percent_covered": 89.47368421052632, "percent_covered_display": "89.47", "missing_lines": 2, "excluded_lines": 0}, "missing_lines": [202, 216], "excluded_lines": []}, "ModelRegistry.get_active_version": {"executed_lines": [227], "summary": {"covered_lines": 1, "num_statements": 1, "percent_covered": 100.0, "percent_covered_display": "100.00", "missing_lines": 0, "excluded_lines": 0}, "missing_lines": [], "excluded_lines": []}, "ModelRegistry.list_models": {"executed_lines": [231, 232, 234], "summary": {"covered_lines": 3, "num_statements": 4, "percent_covered": 75.0, "percent_covered_display": "75.00", "missing_lines": 1, "excluded_lines": 0}, "missing_lines": [233], "excluded_lines": []}, "ModelRegistry.get_model_metadata": {"executed_lines": [], "summary": {"covered_lines": 0, "num_statements": 13, "percent_covered": 0.0, "percent_covered_display": "0.00", "missing_lines": 13, "excluded_lines": 0}, "missing_lines": [238, 239, 240, 241, 242, 243, 245, 246, 248, 249, 252, 253, 257], "excluded_lines": []}, "ModelRegistry.delete_model_version": {"executed_lines": [], "summary": {"covered_lines": 0, "num_statements": 11, "percent_covered": 0.0, "percent_covered_display": "0.00", "missing_lines": 11, "excluded_lines": 0}, "missing_lines": [261, 262, 265, 266, 269, 270, 271, 273, 276, 280, 282], "excluded_lines": []}, "ModelRegistry.promote_model": {"executed_lines": [286, 290, 291, 292, 293, 294, 296, 299, 300, 301, 303], "summary": {"covered_lines": 11, "num_statements": 13, "percent_covered": 84.61538461538461, "percent_covered_display": "84.62", "missing_lines": 2, "excluded_lines": 0}, "missing_lines": [287, 297], "excluded_lines": []}, "ModelRegistry.get_registry_stats": {"executed_lines": [], "summary": {"covered_lines": 0, "num_statements": 2, "percent_covered": 0.0, "percent_covered_display": "0.00", "missing_lines": 2, "excluded_lines": 0}, "missing_lines": [312, 322], "excluded_lines": []}, "": {"executed_lines": [1, 5, 6, 7, 8, 9, 10, 12, 14, 16, 20, 21, 22, 24, 25, 26, 27, 28, 31, 32, 33, 34, 37, 38, 39, 40, 43, 44, 47, 48, 50, 55, 56, 57, 59, 60, 61, 62, 65, 66, 68, 82, 95, 100, 172, 188, 225, 229, 236, 259, 284, 310], "summary": {"covered_lines": 48, "num_statements": 48, "percent_covered": 100.0, "percent_covered_display": "100.00", "missing_lines": 0, "excluded_lines": 0}, "missing_lines": [], "excluded_lines": []}}, "classes": {"ModelMetadata": {"executed_lines": [51, 52], "summary": {"covered_lines": 2, "num_statements": 2, "percent_covered": 100.0, "percent_covered_display": "100.00", "missing_lines": 0, "excluded_lines": 0}, "missing_lines": [], "excluded_lines": []}, "ModelVersion": {"executed_lines": [], "summary": {"covered_lines": 0, "num_statements": 0, "percent_covered": 100.0, "percent_covered_display": "100.00", "missing_lines": 0, "excluded_lines": 0}, "missing_lines": [], "excluded_lines": []}, "ModelRegistry": {"executed_lines": [75, 76, 79, 80, 84, 85, 86, 88, 93, 97, 98, 117, 118, 120, 128, 129, 132, 133, 134, 137, 138, 141, 142, 145, 146, 148, 155, 158, 159, 161, 163, 170, 175, 176, 177, 180, 181, 182, 183, 184, 186, 199, 200, 201, 205, 206, 207, 208, 209, 210, 211, 212, 213, 215, 219, 220, 222, 223, 227, 231, 232, 234, 286, 290, 291, 292, 293, 294, 296, 299, 300, 301, 303], "summary": {"covered_lines": 73, "num_statements": 104, "percent_covered": 70.1923076923077, "percent_covered_display": "70.19", "missing_lines": 31, "excluded_lines": 0}, "missing_lines": [202, 216, 233, 238, 239, 240, 241, 242, 243, 245, 246, 248, 249, 252, 253, 257, 261, 262, 265, 266, 269, 270, 271, 273, 276, 280, 282, 287, 297, 312, 322], "excluded_lines": []}, "": {"executed_lines": [1, 5, 6, 7, 8, 9, 10, 12, 14, 16, 20, 21, 22, 24, 25, 26, 27, 28, 31, 32, 33, 34, 37, 38, 39, 40, 43, 44, 47, 48, 50, 55, 56, 57, 59, 60, 61, 62, 65, 66, 68, 82, 95, 100, 172, 188, 225, 229, 236, 259, 284, 310], "summary": {"covered_lines": 48, "num_statements": 48, "percent_covered": 100.0, "percent_covered_display": "100.00", "missing_lines": 0, "excluded_lines": 0}, "missing_lines": [], "excluded_lines": []}}}, "runs_logger.py": {"executed_lines": [3, 4, 5, 6, 7, 9, 10, 11, 14, 16, 17, 22, 23, 26, 38, 41, 42, 45, 55, 56, 57, 58, 59, 60, 62, 63, 66], "summary": {"covered_lines": 26, "num_statements": 26, "percent_covered": 100.0, "percent_covered_display": "100.00", "missing_lines": 0, "excluded_lines": 18}, "missing_lines": [], "excluded_lines": [66, 68, 71, 76, 77, 80, 85, 87, 88, 89, 90, 91, 92, 93, 94, 95, 96, 98], "functions": {"get_git_sha": {"executed_lines": [16, 17, 22, 23], "summary": {"covered_lines": 4, "num_statements": 4, "percent_covered": 100.0, "percent_covered_display": "100.00", "missing_lines": 0, "excluded_lines": 0}, "missing_lines": [], "excluded_lines": []}, "log_run": {"executed_lines": [38, 41, 42, 45, 55, 56, 57, 58, 59, 60, 62, 63], "summary": {"covered_lines": 12, "num_statements": 12, "percent_covered": 100.0, "percent_covered_display": "100.00", "missing_lines": 0, "excluded_lines": 0}, "missing_lines": [], "excluded_lines": []}, "": {"executed_lines": [3, 4, 5, 6, 7, 9, 10, 11, 14, 26, 66], "summary": {"covered_lines": 10, "num_statements": 10, "percent_covered": 100.0, "percent_covered_display": "100.00", "missing_lines": 0, "excluded_lines": 18}, "missing_lines": [], "excluded_lines": [66, 68, 71, 76, 77, 80, 85, 87, 88, 89, 90, 91, 92, 93, 94, 95, 96, 98]}}, "classes": {"": {"executed_lines": [3, 4, 5, 6, 7, 9, 10, 11, 14, 16, 17, 22, 23, 26, 38, 41, 42, 45, 55, 56, 57, 58, 59, 60, 62, 63, 66], "summary": {"covered_lines": 26, "num_statements": 26, "percent_covered": 100.0, "percent_covered_display": "100.00", "missing_lines": 0, "excluded_lines": 18}, "missing_lines": [], "excluded_lines": [66, 68, 71, 76, 77, 80, 85, 87, 88, 89, 90, 91, 92, 93, 94, 95, 96, 98]}}}, "trainer/fit_xgb.py": {"executed_lines": [1, 7, 8, 9, 10, 11, 13, 14, 15, 16, 22, 23, 25, 26, 28, 31, 33, 34, 35, 36, 38, 39, 41, 42, 45, 48, 51, 57, 58, 61, 64, 66, 67, 68, 69, 72, 76, 77, 89, 90, 92, 95, 99, 100, 102, 103, 105, 107, 112, 116, 126, 129, 135, 136, 138, 139, 141, 142, 143, 145, 147, 148, 149, 151, 152, 154, 163, 166, 168, 170, 171, 172, 173, 174, 177, 183, 184, 185, 187, 193, 196, 202, 203, 205, 206, 208, 209, 211, 218], "summary": {"covered_lines": 87, "num_statements": 92, "percent_covered": 94.56521739130434, "percent_covered_display": "94.57", "missing_lines": 5, "excluded_lines": 3}, "missing_lines": [175, 176, 213, 214, 215], "excluded_lines": [218, 219, 220], "functions": {"load_data_from_db": {"executed_lines": [33, 34, 35, 36, 38, 39, 41, 42, 45, 48, 51, 57, 58, 61, 64, 66, 67, 68, 69], "summary": {"covered_lines": 19, "num_statements": 19, "percent_covered": 100.0, "percent_covered_display": "100.00", "missing_lines": 0, "excluded_lines": 0}, "missing_lines": [], "excluded_lines": []}, "train_xgboost_model": {"executed_lines": [76, 77, 89, 90, 92], "summary": {"covered_lines": 5, "num_statements": 5, "percent_covered": 100.0, "percent_covered_display": "100.00", "missing_lines": 0, "excluded_lines": 0}, "missing_lines": [], "excluded_lines": []}, "evaluate_model": {"executed_lines": [99, 100, 102, 103, 105, 107, 112, 116, 126], "summary": {"covered_lines": 9, "num_statements": 9, "percent_covered": 100.0, "percent_covered_display": "100.00", "missing_lines": 0, "excluded_lines": 0}, "missing_lines": [], "excluded_lines": []}, "save_model_and_metrics": {"executed_lines": [135, 136, 138, 139, 141, 142, 143, 145, 147, 148, 149, 151, 152, 154, 163], "summary": {"covered_lines": 15, "num_statements": 15, "percent_covered": 100.0, "percent_covered_display": "100.00", "missing_lines": 0, "excluded_lines": 0}, "missing_lines": [], "excluded_lines": []}, "main": {"executed_lines": [168, 170, 171, 172, 173, 174, 177, 183, 184, 185, 187, 193, 196, 202, 203, 205, 206, 208, 209, 211], "summary": {"covered_lines": 20, "num_statements": 25, "percent_covered": 80.0, "percent_covered_display": "80.00", "missing_lines": 5, "excluded_lines": 0}, "missing_lines": [175, 176, 213, 214, 215], "excluded_lines": []}, "": {"executed_lines": [1, 7, 8, 9, 10, 11, 13, 14, 15, 16, 22, 23, 25, 26, 28, 31, 72, 95, 129, 166, 218], "summary": {"covered_lines": 19, "num_statements": 19, "percent_covered": 100.0, "percent_covered_display": "100.00", "missing_lines": 0, "excluded_lines": 3}, "missing_lines": [], "excluded_lines": [218, 219, 220]}}, "classes": {"": {"executed_lines": [1, 7, 8, 9, 10, 11, 13, 14, 15, 16, 22, 23, 25, 26, 28, 31, 33, 34, 35, 36, 38, 39, 41, 42, 45, 48, 51, 57, 58, 61, 64, 66, 67, 68, 69, 72, 76, 77, 89, 90, 92, 95, 99, 100, 102, 103, 105, 107, 112, 116, 126, 129, 135, 136, 138, 139, 141, 142, 143, 145, 147, 148, 149, 151, 152, 154, 163, 166, 168, 170, 171, 172, 173, 174, 177, 183, 184, 185, 187, 193, 196, 202, 203, 205, 206, 208, 209, 211, 218], "summary": {"covered_lines": 87, "num_statements": 92, "percent_covered": 94.56521739130434, "percent_covered_display": "94.57", "missing_lines": 5, "excluded_lines": 3}, "missing_lines": [175, 176, 213, 214, 215], "excluded_lines": [218, 219, 220]}}}}, "totals": {"covered_lines": 1459, "num_statements": 1643, "percent_covered": 88.80097382836276, "percent_covered_display": "88.80", "missing_lines": 184, "excluded_lines": 135}}
