{"meta": {"format": 3, "version": "7.10.5", "timestamp": "2025-08-27T14:12:31.958692", "branch_coverage": true, "show_contexts": false}, "files": {"apps/__init__.py": {"executed_lines": [], "summary": {"covered_lines": 0, "num_statements": 0, "percent_covered": 100.0, "percent_covered_display": "100.00", "missing_lines": 0, "excluded_lines": 0, "num_branches": 0, "num_partial_branches": 0, "covered_branches": 0, "missing_branches": 0}, "missing_lines": [], "excluded_lines": [], "executed_branches": [], "missing_branches": [], "functions": {"": {"executed_lines": [], "summary": {"covered_lines": 0, "num_statements": 0, "percent_covered": 100.0, "percent_covered_display": "100.00", "missing_lines": 0, "excluded_lines": 0, "num_branches": 0, "num_partial_branches": 0, "covered_branches": 0, "missing_branches": 0}, "missing_lines": [], "excluded_lines": [], "executed_branches": [], "missing_branches": []}}, "classes": {"": {"executed_lines": [], "summary": {"covered_lines": 0, "num_statements": 0, "percent_covered": 100.0, "percent_covered_display": "100.00", "missing_lines": 0, "excluded_lines": 0, "num_branches": 0, "num_partial_branches": 0, "covered_branches": 0, "missing_branches": 0}, "missing_lines": [], "excluded_lines": [], "executed_branches": [], "missing_branches": []}}}, "apps/api/__init__.py": {"executed_lines": [], "summary": {"covered_lines": 0, "num_statements": 0, "percent_covered": 100.0, "percent_covered_display": "100.00", "missing_lines": 0, "excluded_lines": 0, "num_branches": 0, "num_partial_branches": 0, "covered_branches": 0, "missing_branches": 0}, "missing_lines": [], "excluded_lines": [], "executed_branches": [], "missing_branches": [], "functions": {"": {"executed_lines": [], "summary": {"covered_lines": 0, "num_statements": 0, "percent_covered": 100.0, "percent_covered_display": "100.00", "missing_lines": 0, "excluded_lines": 0, "num_branches": 0, "num_partial_branches": 0, "covered_branches": 0, "missing_branches": 0}, "missing_lines": [], "excluded_lines": [], "executed_branches": [], "missing_branches": []}}, "classes": {"": {"executed_lines": [], "summary": {"covered_lines": 0, "num_statements": 0, "percent_covered": 100.0, "percent_covered_display": "100.00", "missing_lines": 0, "excluded_lines": 0, "num_branches": 0, "num_partial_branches": 0, "covered_branches": 0, "missing_branches": 0}, "missing_lines": [], "excluded_lines": [], "executed_branches": [], "missing_branches": []}}}, "apps/api/core/__init__.py": {"executed_lines": [], "summary": {"covered_lines": 0, "num_statements": 0, "percent_covered": 100.0, "percent_covered_display": "100.00", "missing_lines": 0, "excluded_lines": 0, "num_branches": 0, "num_partial_branches": 0, "covered_branches": 0, "missing_branches": 0}, "missing_lines": [], "excluded_lines": [], "executed_branches": [], "missing_branches": [], "functions": {"": {"executed_lines": [], "summary": {"covered_lines": 0, "num_statements": 0, "percent_covered": 100.0, "percent_covered_display": "100.00", "missing_lines": 0, "excluded_lines": 0, "num_branches": 0, "num_partial_branches": 0, "covered_branches": 0, "missing_branches": 0}, "missing_lines": [], "excluded_lines": [], "executed_branches": [], "missing_branches": []}}, "classes": {"": {"executed_lines": [], "summary": {"covered_lines": 0, "num_statements": 0, "percent_covered": 100.0, "percent_covered_display": "100.00", "missing_lines": 0, "excluded_lines": 0, "num_branches": 0, "num_partial_branches": 0, "covered_branches": 0, "missing_branches": 0}, "missing_lines": [], "excluded_lines": [], "executed_branches": [], "missing_branches": []}}}, "apps/api/core/logging.py": {"executed_lines": [1, 5, 6, 7, 9, 11, 14, 18, 25, 28, 30, 49, 54, 60], "summary": {"covered_lines": 13, "num_statements": 19, "percent_covered": 66.66666666666667, "percent_covered_display": "66.67", "missing_lines": 6, "excluded_lines": 0, "num_branches": 2, "num_partial_branches": 1, "covered_branches": 1, "missing_branches": 1}, "missing_lines": [26, 51, 56, 57, 64, 65], "excluded_lines": [], "executed_branches": [[25, 28]], "missing_branches": [[25, 26]], "functions": {"setup_logging": {"executed_lines": [18, 25, 28, 30], "summary": {"covered_lines": 4, "num_statements": 5, "percent_covered": 71.42857142857143, "percent_covered_display": "71.43", "missing_lines": 1, "excluded_lines": 0, "num_branches": 2, "num_partial_branches": 1, "covered_branches": 1, "missing_branches": 1}, "missing_lines": [26], "excluded_lines": [], "executed_branches": [[25, 28]], "missing_branches": [[25, 26]]}, "get_logger_with_trace": {"executed_lines": [], "summary": {"covered_lines": 0, "num_statements": 1, "percent_covered": 0.0, "percent_covered_display": "0.00", "missing_lines": 1, "excluded_lines": 0, "num_branches": 0, "num_partial_branches": 0, "covered_branches": 0, "missing_branches": 0}, "missing_lines": [51], "excluded_lines": [], "executed_branches": [], "missing_branches": []}, "log_api_request": {"executed_lines": [], "summary": {"covered_lines": 0, "num_statements": 2, "percent_covered": 0.0, "percent_covered_display": "0.00", "missing_lines": 2, "excluded_lines": 0, "num_branches": 0, "num_partial_branches": 0, "covered_branches": 0, "missing_branches": 0}, "missing_lines": [56, 57], "excluded_lines": [], "executed_branches": [], "missing_branches": []}, "log_api_response": {"executed_lines": [], "summary": {"covered_lines": 0, "num_statements": 2, "percent_covered": 0.0, "percent_covered_display": "0.00", "missing_lines": 2, "excluded_lines": 0, "num_branches": 0, "num_partial_branches": 0, "covered_branches": 0, "missing_branches": 0}, "missing_lines": [64, 65], "excluded_lines": [], "executed_branches": [], "missing_branches": []}, "": {"executed_lines": [1, 5, 6, 7, 9, 11, 14, 49, 54, 60], "summary": {"covered_lines": 9, "num_statements": 9, "percent_covered": 100.0, "percent_covered_display": "100.00", "missing_lines": 0, "excluded_lines": 0, "num_branches": 0, "num_partial_branches": 0, "covered_branches": 0, "missing_branches": 0}, "missing_lines": [], "excluded_lines": [], "executed_branches": [], "missing_branches": []}}, "classes": {"": {"executed_lines": [1, 5, 6, 7, 9, 11, 14, 18, 25, 28, 30, 49, 54, 60], "summary": {"covered_lines": 13, "num_statements": 19, "percent_covered": 66.66666666666667, "percent_covered_display": "66.67", "missing_lines": 6, "excluded_lines": 0, "num_branches": 2, "num_partial_branches": 1, "covered_branches": 1, "missing_branches": 1}, "missing_lines": [26, 51, 56, 57, 64, 65], "excluded_lines": [], "executed_branches": [[25, 28]], "missing_branches": [[25, 26]]}}}, "apps/api/core/settings.py": {"executed_lines": [3, 6, 8, 9, 10, 11, 14, 15, 18, 21, 22, 25, 26, 27, 30, 31, 34, 35, 38, 41, 44, 45, 47, 48, 49, 50, 53], "summary": {"covered_lines": 27, "num_statements": 27, "percent_covered": 100.0, "percent_covered_display": "100.00", "missing_lines": 0, "excluded_lines": 0, "num_branches": 0, "num_partial_branches": 0, "covered_branches": 0, "missing_branches": 0}, "missing_lines": [], "excluded_lines": [], "executed_branches": [], "missing_branches": [], "functions": {"": {"executed_lines": [3, 6, 8, 9, 10, 11, 14, 15, 18, 21, 22, 25, 26, 27, 30, 31, 34, 35, 38, 41, 44, 45, 47, 48, 49, 50, 53], "summary": {"covered_lines": 27, "num_statements": 27, "percent_covered": 100.0, "percent_covered_display": "100.00", "missing_lines": 0, "excluded_lines": 0, "num_branches": 0, "num_partial_branches": 0, "covered_branches": 0, "missing_branches": 0}, "missing_lines": [], "excluded_lines": [], "executed_branches": [], "missing_branches": []}}, "classes": {"Settings": {"executed_lines": [], "summary": {"covered_lines": 0, "num_statements": 0, "percent_covered": 100.0, "percent_covered_display": "100.00", "missing_lines": 0, "excluded_lines": 0, "num_branches": 0, "num_partial_branches": 0, "covered_branches": 0, "missing_branches": 0}, "missing_lines": [], "excluded_lines": [], "executed_branches": [], "missing_branches": []}, "Settings.Config": {"executed_lines": [], "summary": {"covered_lines": 0, "num_statements": 0, "percent_covered": 100.0, "percent_covered_display": "100.00", "missing_lines": 0, "excluded_lines": 0, "num_branches": 0, "num_partial_branches": 0, "covered_branches": 0, "missing_branches": 0}, "missing_lines": [], "excluded_lines": [], "executed_branches": [], "missing_branches": []}, "": {"executed_lines": [3, 6, 8, 9, 10, 11, 14, 15, 18, 21, 22, 25, 26, 27, 30, 31, 34, 35, 38, 41, 44, 45, 47, 48, 49, 50, 53], "summary": {"covered_lines": 27, "num_statements": 27, "percent_covered": 100.0, "percent_covered_display": "100.00", "missing_lines": 0, "excluded_lines": 0, "num_branches": 0, "num_partial_branches": 0, "covered_branches": 0, "missing_branches": 0}, "missing_lines": [], "excluded_lines": [], "executed_branches": [], "missing_branches": []}}}, "apps/api/dependencies/__init__.py": {"executed_lines": [], "summary": {"covered_lines": 0, "num_statements": 0, "percent_covered": 100.0, "percent_covered_display": "100.00", "missing_lines": 0, "excluded_lines": 0, "num_branches": 0, "num_partial_branches": 0, "covered_branches": 0, "missing_branches": 0}, "missing_lines": [], "excluded_lines": [], "executed_branches": [], "missing_branches": [], "functions": {"": {"executed_lines": [], "summary": {"covered_lines": 0, "num_statements": 0, "percent_covered": 100.0, "percent_covered_display": "100.00", "missing_lines": 0, "excluded_lines": 0, "num_branches": 0, "num_partial_branches": 0, "covered_branches": 0, "missing_branches": 0}, "missing_lines": [], "excluded_lines": [], "executed_branches": [], "missing_branches": []}}, "classes": {"": {"executed_lines": [], "summary": {"covered_lines": 0, "num_statements": 0, "percent_covered": 100.0, "percent_covered_display": "100.00", "missing_lines": 0, "excluded_lines": 0, "num_branches": 0, "num_partial_branches": 0, "covered_branches": 0, "missing_branches": 0}, "missing_lines": [], "excluded_lines": [], "executed_branches": [], "missing_branches": []}}}, "apps/api/main.py": {"executed_lines": [1, 5, 6, 8, 9, 10, 11, 13, 14, 15, 20, 21, 24, 25, 41, 52, 61, 62, 69, 70, 71, 74, 75, 80], "summary": {"covered_lines": 22, "num_statements": 28, "percent_covered": 78.57142857142857, "percent_covered_display": "78.57", "missing_lines": 6, "excluded_lines": 3, "num_branches": 0, "num_partial_branches": 0, "covered_branches": 0, "missing_branches": 0}, "missing_lines": [27, 34, 37, 64, 65, 77], "excluded_lines": [80, 81, 83], "executed_branches": [], "missing_branches": [], "functions": {"lifespan": {"executed_lines": [], "summary": {"covered_lines": 0, "num_statements": 3, "percent_covered": 0.0, "percent_covered_display": "0.00", "missing_lines": 3, "excluded_lines": 0, "num_branches": 0, "num_partial_branches": 0, "covered_branches": 0, "missing_branches": 0}, "missing_lines": [27, 34, 37], "excluded_lines": [], "executed_branches": [], "missing_branches": []}, "global_exception_handler": {"executed_lines": [], "summary": {"covered_lines": 0, "num_statements": 2, "percent_covered": 0.0, "percent_covered_display": "0.00", "missing_lines": 2, "excluded_lines": 0, "num_branches": 0, "num_partial_branches": 0, "covered_branches": 0, "missing_branches": 0}, "missing_lines": [64, 65], "excluded_lines": [], "executed_branches": [], "missing_branches": []}, "root": {"executed_lines": [], "summary": {"covered_lines": 0, "num_statements": 1, "percent_covered": 0.0, "percent_covered_display": "0.00", "missing_lines": 1, "excluded_lines": 0, "num_branches": 0, "num_partial_branches": 0, "covered_branches": 0, "missing_branches": 0}, "missing_lines": [77], "excluded_lines": [], "executed_branches": [], "missing_branches": []}, "": {"executed_lines": [1, 5, 6, 8, 9, 10, 11, 13, 14, 15, 20, 21, 24, 25, 41, 52, 61, 62, 69, 70, 71, 74, 75, 80], "summary": {"covered_lines": 22, "num_statements": 22, "percent_covered": 100.0, "percent_covered_display": "100.00", "missing_lines": 0, "excluded_lines": 3, "num_branches": 0, "num_partial_branches": 0, "covered_branches": 0, "missing_branches": 0}, "missing_lines": [], "excluded_lines": [80, 81, 83], "executed_branches": [], "missing_branches": []}}, "classes": {"": {"executed_lines": [1, 5, 6, 8, 9, 10, 11, 13, 14, 15, 20, 21, 24, 25, 41, 52, 61, 62, 69, 70, 71, 74, 75, 80], "summary": {"covered_lines": 22, "num_statements": 28, "percent_covered": 78.57142857142857, "percent_covered_display": "78.57", "missing_lines": 6, "excluded_lines": 3, "num_branches": 0, "num_partial_branches": 0, "covered_branches": 0, "missing_branches": 0}, "missing_lines": [27, 34, 37, 64, 65, 77], "excluded_lines": [80, 81, 83], "executed_branches": [], "missing_branches": []}}}, "apps/api/routers/__init__.py": {"executed_lines": [], "summary": {"covered_lines": 0, "num_statements": 0, "percent_covered": 100.0, "percent_covered_display": "100.00", "missing_lines": 0, "excluded_lines": 0, "num_branches": 0, "num_partial_branches": 0, "covered_branches": 0, "missing_branches": 0}, "missing_lines": [], "excluded_lines": [], "executed_branches": [], "missing_branches": [], "functions": {"": {"executed_lines": [], "summary": {"covered_lines": 0, "num_statements": 0, "percent_covered": 100.0, "percent_covered_display": "100.00", "missing_lines": 0, "excluded_lines": 0, "num_branches": 0, "num_partial_branches": 0, "covered_branches": 0, "missing_branches": 0}, "missing_lines": [], "excluded_lines": [], "executed_branches": [], "missing_branches": []}}, "classes": {"": {"executed_lines": [], "summary": {"covered_lines": 0, "num_statements": 0, "percent_covered": 100.0, "percent_covered_display": "100.00", "missing_lines": 0, "excluded_lines": 0, "num_branches": 0, "num_partial_branches": 0, "covered_branches": 0, "missing_branches": 0}, "missing_lines": [], "excluded_lines": [], "executed_branches": [], "missing_branches": []}}}, "apps/api/routers/health.py": {"executed_lines": [1, 5, 6, 8, 9, 10, 14, 15, 18, 19, 21, 22, 23, 24, 27, 28], "summary": {"covered_lines": 14, "num_statements": 27, "percent_covered": 48.275862068965516, "percent_covered_display": "48.28", "missing_lines": 13, "excluded_lines": 0, "num_branches": 2, "num_partial_branches": 0, "covered_branches": 0, "missing_branches": 2}, "missing_lines": [38, 39, 40, 44, 48, 52, 56, 59, 60, 62, 69, 70, 71], "excluded_lines": [], "executed_branches": [], "missing_branches": [[59, 60], [59, 62]], "functions": {"health_check": {"executed_lines": [], "summary": {"covered_lines": 0, "num_statements": 13, "percent_covered": 0.0, "percent_covered_display": "0.00", "missing_lines": 13, "excluded_lines": 0, "num_branches": 2, "num_partial_branches": 0, "covered_branches": 0, "missing_branches": 2}, "missing_lines": [38, 39, 40, 44, 48, 52, 56, 59, 60, 62, 69, 70, 71], "excluded_lines": [], "executed_branches": [], "missing_branches": [[59, 60], [59, 62]]}, "": {"executed_lines": [1, 5, 6, 8, 9, 10, 14, 15, 18, 19, 21, 22, 23, 24, 27, 28], "summary": {"covered_lines": 14, "num_statements": 14, "percent_covered": 100.0, "percent_covered_display": "100.00", "missing_lines": 0, "excluded_lines": 0, "num_branches": 0, "num_partial_branches": 0, "covered_branches": 0, "missing_branches": 0}, "missing_lines": [], "excluded_lines": [], "executed_branches": [], "missing_branches": []}}, "classes": {"HealthResponse": {"executed_lines": [], "summary": {"covered_lines": 0, "num_statements": 0, "percent_covered": 100.0, "percent_covered_display": "100.00", "missing_lines": 0, "excluded_lines": 0, "num_branches": 0, "num_partial_branches": 0, "covered_branches": 0, "missing_branches": 0}, "missing_lines": [], "excluded_lines": [], "executed_branches": [], "missing_branches": []}, "": {"executed_lines": [1, 5, 6, 8, 9, 10, 14, 15, 18, 19, 21, 22, 23, 24, 27, 28], "summary": {"covered_lines": 14, "num_statements": 27, "percent_covered": 48.275862068965516, "percent_covered_display": "48.28", "missing_lines": 13, "excluded_lines": 0, "num_branches": 2, "num_partial_branches": 0, "covered_branches": 0, "missing_branches": 2}, "missing_lines": [38, 39, 40, 44, 48, 52, 56, 59, 60, 62, 69, 70, 71], "excluded_lines": [], "executed_branches": [], "missing_branches": [[59, 60], [59, 62]]}}}, "apps/api/routers/metrics.py": {"executed_lines": [1, 5, 7, 8, 9, 19, 20, 23, 24, 27, 31, 35, 38, 39, 42, 43], "summary": {"covered_lines": 15, "num_statements": 26, "percent_covered": 57.69230769230769, "percent_covered_display": "57.69", "missing_lines": 11, "excluded_lines": 0, "num_branches": 0, "num_partial_branches": 0, "covered_branches": 0, "missing_branches": 0}, "missing_lines": [53, 55, 56, 59, 60, 63, 65, 67, 69, 70, 71], "excluded_lines": [], "executed_branches": [], "missing_branches": [], "functions": {"get_metrics": {"executed_lines": [], "summary": {"covered_lines": 0, "num_statements": 11, "percent_covered": 0.0, "percent_covered_display": "0.00", "missing_lines": 11, "excluded_lines": 0, "num_branches": 0, "num_partial_branches": 0, "covered_branches": 0, "missing_branches": 0}, "missing_lines": [53, 55, 56, 59, 60, 63, 65, 67, 69, 70, 71], "excluded_lines": [], "executed_branches": [], "missing_branches": []}, "": {"executed_lines": [1, 5, 7, 8, 9, 19, 20, 23, 24, 27, 31, 35, 38, 39, 42, 43], "summary": {"covered_lines": 15, "num_statements": 15, "percent_covered": 100.0, "percent_covered_display": "100.00", "missing_lines": 0, "excluded_lines": 0, "num_branches": 0, "num_partial_branches": 0, "covered_branches": 0, "missing_branches": 0}, "missing_lines": [], "excluded_lines": [], "executed_branches": [], "missing_branches": []}}, "classes": {"": {"executed_lines": [1, 5, 7, 8, 9, 19, 20, 23, 24, 27, 31, 35, 38, 39, 42, 43], "summary": {"covered_lines": 15, "num_statements": 26, "percent_covered": 57.69230769230769, "percent_covered_display": "57.69", "missing_lines": 11, "excluded_lines": 0, "num_branches": 0, "num_partial_branches": 0, "covered_branches": 0, "missing_branches": 0}, "missing_lines": [53, 55, 56, 59, 60, 63, 65, 67, 69, 70, 71], "excluded_lines": [], "executed_branches": [], "missing_branches": []}}}, "apps/api/routers/predictions.py": {"executed_lines": [1, 5, 6, 7, 9, 10, 11, 13, 14, 15, 19, 20, 22, 25, 26, 28, 29, 30, 33, 34, 36, 39, 40, 42, 43, 44, 45, 46, 47, 48, 51, 52, 54, 55, 56, 60, 61, 97, 98, 135, 136], "summary": {"covered_lines": 35, "num_statements": 63, "percent_covered": 53.84615384615385, "percent_covered_display": "53.85", "missing_lines": 28, "excluded_lines": 0, "num_branches": 2, "num_partial_branches": 0, "covered_branches": 0, "missing_branches": 2}, "missing_lines": [65, 67, 73, 83, 90, 92, 93, 94, 102, 103, 105, 106, 111, 120, 122, 126, 128, 130, 131, 132, 143, 148, 171, 178, 180, 182, 183, 184], "excluded_lines": [], "executed_branches": [], "missing_branches": [[105, 106], [105, 122]], "functions": {"predict_single_match": {"executed_lines": [], "summary": {"covered_lines": 0, "num_statements": 8, "percent_covered": 0.0, "percent_covered_display": "0.00", "missing_lines": 8, "excluded_lines": 0, "num_branches": 0, "num_partial_branches": 0, "covered_branches": 0, "missing_branches": 0}, "missing_lines": [65, 67, 73, 83, 90, 92, 93, 94], "excluded_lines": [], "executed_branches": [], "missing_branches": []}, "predict_batch_matches": {"executed_lines": [], "summary": {"covered_lines": 0, "num_statements": 12, "percent_covered": 0.0, "percent_covered_display": "0.00", "missing_lines": 12, "excluded_lines": 0, "num_branches": 2, "num_partial_branches": 0, "covered_branches": 0, "missing_branches": 2}, "missing_lines": [102, 103, 105, 106, 111, 120, 122, 126, 128, 130, 131, 132], "excluded_lines": [], "executed_branches": [], "missing_branches": [[105, 106], [105, 122]]}, "get_prediction_history": {"executed_lines": [], "summary": {"covered_lines": 0, "num_statements": 8, "percent_covered": 0.0, "percent_covered_display": "0.00", "missing_lines": 8, "excluded_lines": 0, "num_branches": 0, "num_partial_branches": 0, "covered_branches": 0, "missing_branches": 0}, "missing_lines": [143, 148, 171, 178, 180, 182, 183, 184], "excluded_lines": [], "executed_branches": [], "missing_branches": []}, "": {"executed_lines": [1, 5, 6, 7, 9, 10, 11, 13, 14, 15, 19, 20, 22, 25, 26, 28, 29, 30, 33, 34, 36, 39, 40, 42, 43, 44, 45, 46, 47, 48, 51, 52, 54, 55, 56, 60, 61, 97, 98, 135, 136], "summary": {"covered_lines": 35, "num_statements": 35, "percent_covered": 100.0, "percent_covered_display": "100.00", "missing_lines": 0, "excluded_lines": 0, "num_branches": 0, "num_partial_branches": 0, "covered_branches": 0, "missing_branches": 0}, "missing_lines": [], "excluded_lines": [], "executed_branches": [], "missing_branches": []}}, "classes": {"PredictionRequest": {"executed_lines": [], "summary": {"covered_lines": 0, "num_statements": 0, "percent_covered": 100.0, "percent_covered_display": "100.00", "missing_lines": 0, "excluded_lines": 0, "num_branches": 0, "num_partial_branches": 0, "covered_branches": 0, "missing_branches": 0}, "missing_lines": [], "excluded_lines": [], "executed_branches": [], "missing_branches": []}, "SingleMatchPredictionRequest": {"executed_lines": [], "summary": {"covered_lines": 0, "num_statements": 0, "percent_covered": 100.0, "percent_covered_display": "100.00", "missing_lines": 0, "excluded_lines": 0, "num_branches": 0, "num_partial_branches": 0, "covered_branches": 0, "missing_branches": 0}, "missing_lines": [], "excluded_lines": [], "executed_branches": [], "missing_branches": []}, "BatchMatchPredictionRequest": {"executed_lines": [], "summary": {"covered_lines": 0, "num_statements": 0, "percent_covered": 100.0, "percent_covered_display": "100.00", "missing_lines": 0, "excluded_lines": 0, "num_branches": 0, "num_partial_branches": 0, "covered_branches": 0, "missing_branches": 0}, "missing_lines": [], "excluded_lines": [], "executed_branches": [], "missing_branches": []}, "PredictionResponse": {"executed_lines": [], "summary": {"covered_lines": 0, "num_statements": 0, "percent_covered": 100.0, "percent_covered_display": "100.00", "missing_lines": 0, "excluded_lines": 0, "num_branches": 0, "num_partial_branches": 0, "covered_branches": 0, "missing_branches": 0}, "missing_lines": [], "excluded_lines": [], "executed_branches": [], "missing_branches": []}, "BatchPredictionResponse": {"executed_lines": [], "summary": {"covered_lines": 0, "num_statements": 0, "percent_covered": 100.0, "percent_covered_display": "100.00", "missing_lines": 0, "excluded_lines": 0, "num_branches": 0, "num_partial_branches": 0, "covered_branches": 0, "missing_branches": 0}, "missing_lines": [], "excluded_lines": [], "executed_branches": [], "missing_branches": []}, "": {"executed_lines": [1, 5, 6, 7, 9, 10, 11, 13, 14, 15, 19, 20, 22, 25, 26, 28, 29, 30, 33, 34, 36, 39, 40, 42, 43, 44, 45, 46, 47, 48, 51, 52, 54, 55, 56, 60, 61, 97, 98, 135, 136], "summary": {"covered_lines": 35, "num_statements": 63, "percent_covered": 53.84615384615385, "percent_covered_display": "53.85", "missing_lines": 28, "excluded_lines": 0, "num_branches": 2, "num_partial_branches": 0, "covered_branches": 0, "missing_branches": 2}, "missing_lines": [65, 67, 73, 83, 90, 92, 93, 94, 102, 103, 105, 106, 111, 120, 122, 126, 128, 130, 131, 132, 143, 148, 171, 178, 180, 182, 183, 184], "excluded_lines": [], "executed_branches": [], "missing_branches": [[105, 106], [105, 122]]}}}, "apps/backtest/__init__.py": {"executed_lines": [], "summary": {"covered_lines": 0, "num_statements": 0, "percent_covered": 100.0, "percent_covered_display": "100.00", "missing_lines": 0, "excluded_lines": 0, "num_branches": 0, "num_partial_branches": 0, "covered_branches": 0, "missing_branches": 0}, "missing_lines": [], "excluded_lines": [], "executed_branches": [], "missing_branches": [], "functions": {"": {"executed_lines": [], "summary": {"covered_lines": 0, "num_statements": 0, "percent_covered": 100.0, "percent_covered_display": "100.00", "missing_lines": 0, "excluded_lines": 0, "num_branches": 0, "num_partial_branches": 0, "covered_branches": 0, "missing_branches": 0}, "missing_lines": [], "excluded_lines": [], "executed_branches": [], "missing_branches": []}}, "classes": {"": {"executed_lines": [], "summary": {"covered_lines": 0, "num_statements": 0, "percent_covered": 100.0, "percent_covered_display": "100.00", "missing_lines": 0, "excluded_lines": 0, "num_branches": 0, "num_partial_branches": 0, "covered_branches": 0, "missing_branches": 0}, "missing_lines": [], "excluded_lines": [], "executed_branches": [], "missing_branches": []}}}, "apps/backtest/engine.py": {"executed_lines": [1, 5, 6, 7, 9, 10, 11, 13, 16, 17, 18, 20, 21, 22, 23, 24, 27, 28, 29, 32, 33, 34, 35, 38, 39, 40, 43, 44, 47, 48, 50, 52, 54, 158, 170, 213, 278, 294, 340, 363], "summary": {"covered_lines": 37, "num_statements": 152, "percent_covered": 19.892473118279568, "percent_covered_display": "19.89", "missing_lines": 115, "excluded_lines": 0, "num_branches": 34, "num_partial_branches": 0, "covered_branches": 0, "missing_branches": 34}, "missing_lines": [81, 90, 95, 96, 99, 102, 105, 107, 114, 117, 120, 123, 147, 149, 156, 164, 165, 166, 168, 172, 176, 180, 182, 190, 191, 193, 200, 201, 202, 205, 206, 207, 208, 209, 211, 215, 216, 218, 220, 221, 224, 225, 226, 227, 228, 229, 231, 232, 235, 236, 237, 239, 240, 243, 255, 258, 259, 260, 261, 264, 265, 266, 267, 269, 280, 281, 284, 285, 287, 288, 289, 290, 292, 296, 297, 299, 300, 301, 303, 304, 307, 310, 313, 314, 315, 317, 319, 320, 325, 328, 329, 331, 332, 334, 342, 343, 345, 346, 349, 350, 353, 356, 357, 358, 359, 361, 365, 366, 369, 370, 374, 377, 378, 379, 393], "excluded_lines": [], "executed_branches": [], "missing_branches": [[95, 96], [95, 99], [180, 182], [180, 193], [190, 191], [190, 193], [218, 220], [218, 264], [224, 225], [224, 227], [227, 228], [227, 231], [235, 236], [235, 239], [259, 260], [259, 261], [284, 285], [284, 287], [287, 288], [287, 289], [289, 290], [289, 292], [299, 300], [299, 307], [317, 319], [317, 334], [345, 346], [345, 349], [365, 366], [365, 369], [369, 370], [369, 374], [378, 379], [378, 393]], "functions": {"BacktestEngine.__init__": {"executed_lines": [52], "summary": {"covered_lines": 1, "num_statements": 1, "percent_covered": 100.0, "percent_covered_display": "100.00", "missing_lines": 0, "excluded_lines": 0, "num_branches": 0, "num_partial_branches": 0, "covered_branches": 0, "missing_branches": 0}, "missing_lines": [], "excluded_lines": [], "executed_branches": [], "missing_branches": []}, "BacktestEngine.run_backtest": {"executed_lines": [], "summary": {"covered_lines": 0, "num_statements": 15, "percent_covered": 0.0, "percent_covered_display": "0.00", "missing_lines": 15, "excluded_lines": 0, "num_branches": 2, "num_partial_branches": 0, "covered_branches": 0, "missing_branches": 2}, "missing_lines": [81, 90, 95, 96, 99, 102, 105, 107, 114, 117, 120, 123, 147, 149, 156], "excluded_lines": [], "executed_branches": [], "missing_branches": [[95, 96], [95, 99]]}, "BacktestEngine._merge_odds_data": {"executed_lines": [], "summary": {"covered_lines": 0, "num_statements": 4, "percent_covered": 0.0, "percent_covered_display": "0.00", "missing_lines": 4, "excluded_lines": 0, "num_branches": 0, "num_partial_branches": 0, "covered_branches": 0, "missing_branches": 0}, "missing_lines": [164, 165, 166, 168], "excluded_lines": [], "executed_branches": [], "missing_branches": []}, "BacktestEngine._generate_predictions": {"executed_lines": [], "summary": {"covered_lines": 0, "num_statements": 16, "percent_covered": 0.0, "percent_covered_display": "0.00", "missing_lines": 16, "excluded_lines": 0, "num_branches": 4, "num_partial_branches": 0, "covered_branches": 0, "missing_branches": 4}, "missing_lines": [172, 176, 180, 182, 190, 191, 193, 200, 201, 202, 205, 206, 207, 208, 209, 211], "excluded_lines": [], "executed_branches": [], "missing_branches": [[180, 182], [180, 193], [190, 191], [190, 193]]}, "BacktestEngine._calculate_pnl": {"executed_lines": [], "summary": {"covered_lines": 0, "num_statements": 29, "percent_covered": 0.0, "percent_covered_display": "0.00", "missing_lines": 29, "excluded_lines": 0, "num_branches": 10, "num_partial_branches": 0, "covered_branches": 0, "missing_branches": 10}, "missing_lines": [215, 216, 218, 220, 221, 224, 225, 226, 227, 228, 229, 231, 232, 235, 236, 237, 239, 240, 243, 255, 258, 259, 260, 261, 264, 265, 266, 267, 269], "excluded_lines": [], "executed_branches": [], "missing_branches": [[218, 220], [218, 264], [224, 225], [224, 227], [227, 228], [227, 231], [235, 236], [235, 239], [259, 260], [259, 261]]}, "BacktestEngine._get_actual_result": {"executed_lines": [], "summary": {"covered_lines": 0, "num_statements": 9, "percent_covered": 0.0, "percent_covered_display": "0.00", "missing_lines": 9, "excluded_lines": 0, "num_branches": 6, "num_partial_branches": 0, "covered_branches": 0, "missing_branches": 6}, "missing_lines": [280, 281, 284, 285, 287, 288, 289, 290, 292], "excluded_lines": [], "executed_branches": [], "missing_branches": [[284, 285], [284, 287], [287, 288], [287, 289], [289, 290], [289, 292]]}, "BacktestEngine._calculate_accuracy_metrics": {"executed_lines": [], "summary": {"covered_lines": 0, "num_statements": 21, "percent_covered": 0.0, "percent_covered_display": "0.00", "missing_lines": 21, "excluded_lines": 0, "num_branches": 4, "num_partial_branches": 0, "covered_branches": 0, "missing_branches": 4}, "missing_lines": [296, 297, 299, 300, 301, 303, 304, 307, 310, 313, 314, 315, 317, 319, 320, 325, 328, 329, 331, 332, 334], "excluded_lines": [], "executed_branches": [], "missing_branches": [[299, 300], [299, 307], [317, 319], [317, 334]]}, "BacktestEngine._calculate_risk_metrics": {"executed_lines": [], "summary": {"covered_lines": 0, "num_statements": 12, "percent_covered": 0.0, "percent_covered_display": "0.00", "missing_lines": 12, "excluded_lines": 0, "num_branches": 2, "num_partial_branches": 0, "covered_branches": 0, "missing_branches": 2}, "missing_lines": [342, 343, 345, 346, 349, 350, 353, 356, 357, 358, 359, 361], "excluded_lines": [], "executed_branches": [], "missing_branches": [[345, 346], [345, 349]]}, "BacktestEngine.compare_strategies": {"executed_lines": [], "summary": {"covered_lines": 0, "num_statements": 9, "percent_covered": 0.0, "percent_covered_display": "0.00", "missing_lines": 9, "excluded_lines": 0, "num_branches": 6, "num_partial_branches": 0, "covered_branches": 0, "missing_branches": 6}, "missing_lines": [365, 366, 369, 370, 374, 377, 378, 379, 393], "excluded_lines": [], "executed_branches": [], "missing_branches": [[365, 366], [365, 369], [369, 370], [369, 374], [378, 379], [378, 393]]}, "": {"executed_lines": [1, 5, 6, 7, 9, 10, 11, 13, 16, 17, 18, 20, 21, 22, 23, 24, 27, 28, 29, 32, 33, 34, 35, 38, 39, 40, 43, 44, 47, 48, 50, 54, 158, 170, 213, 278, 294, 340, 363], "summary": {"covered_lines": 36, "num_statements": 36, "percent_covered": 100.0, "percent_covered_display": "100.00", "missing_lines": 0, "excluded_lines": 0, "num_branches": 0, "num_partial_branches": 0, "covered_branches": 0, "missing_branches": 0}, "missing_lines": [], "excluded_lines": [], "executed_branches": [], "missing_branches": []}}, "classes": {"BacktestResult": {"executed_lines": [], "summary": {"covered_lines": 0, "num_statements": 0, "percent_covered": 100.0, "percent_covered_display": "100.00", "missing_lines": 0, "excluded_lines": 0, "num_branches": 0, "num_partial_branches": 0, "covered_branches": 0, "missing_branches": 0}, "missing_lines": [], "excluded_lines": [], "executed_branches": [], "missing_branches": []}, "BacktestEngine": {"executed_lines": [52], "summary": {"covered_lines": 1, "num_statements": 116, "percent_covered": 0.6666666666666666, "percent_covered_display": "0.67", "missing_lines": 115, "excluded_lines": 0, "num_branches": 34, "num_partial_branches": 0, "covered_branches": 0, "missing_branches": 34}, "missing_lines": [81, 90, 95, 96, 99, 102, 105, 107, 114, 117, 120, 123, 147, 149, 156, 164, 165, 166, 168, 172, 176, 180, 182, 190, 191, 193, 200, 201, 202, 205, 206, 207, 208, 209, 211, 215, 216, 218, 220, 221, 224, 225, 226, 227, 228, 229, 231, 232, 235, 236, 237, 239, 240, 243, 255, 258, 259, 260, 261, 264, 265, 266, 267, 269, 280, 281, 284, 285, 287, 288, 289, 290, 292, 296, 297, 299, 300, 301, 303, 304, 307, 310, 313, 314, 315, 317, 319, 320, 325, 328, 329, 331, 332, 334, 342, 343, 345, 346, 349, 350, 353, 356, 357, 358, 359, 361, 365, 366, 369, 370, 374, 377, 378, 379, 393], "excluded_lines": [], "executed_branches": [], "missing_branches": [[95, 96], [95, 99], [180, 182], [180, 193], [190, 191], [190, 193], [218, 220], [218, 264], [224, 225], [224, 227], [227, 228], [227, 231], [235, 236], [235, 239], [259, 260], [259, 261], [284, 285], [284, 287], [287, 288], [287, 289], [289, 290], [289, 292], [299, 300], [299, 307], [317, 319], [317, 334], [345, 346], [345, 349], [365, 366], [365, 369], [369, 370], [369, 374], [378, 379], [378, 393]]}, "": {"executed_lines": [1, 5, 6, 7, 9, 10, 11, 13, 16, 17, 18, 20, 21, 22, 23, 24, 27, 28, 29, 32, 33, 34, 35, 38, 39, 40, 43, 44, 47, 48, 50, 54, 158, 170, 213, 278, 294, 340, 363], "summary": {"covered_lines": 36, "num_statements": 36, "percent_covered": 100.0, "percent_covered_display": "100.00", "missing_lines": 0, "excluded_lines": 0, "num_branches": 0, "num_partial_branches": 0, "covered_branches": 0, "missing_branches": 0}, "missing_lines": [], "excluded_lines": [], "executed_branches": [], "missing_branches": []}}}, "apps/backtest/reports/__init__.py": {"executed_lines": [], "summary": {"covered_lines": 0, "num_statements": 0, "percent_covered": 100.0, "percent_covered_display": "100.00", "missing_lines": 0, "excluded_lines": 0, "num_branches": 0, "num_partial_branches": 0, "covered_branches": 0, "missing_branches": 0}, "missing_lines": [], "excluded_lines": [], "executed_branches": [], "missing_branches": [], "functions": {"": {"executed_lines": [], "summary": {"covered_lines": 0, "num_statements": 0, "percent_covered": 100.0, "percent_covered_display": "100.00", "missing_lines": 0, "excluded_lines": 0, "num_branches": 0, "num_partial_branches": 0, "covered_branches": 0, "missing_branches": 0}, "missing_lines": [], "excluded_lines": [], "executed_branches": [], "missing_branches": []}}, "classes": {"": {"executed_lines": [], "summary": {"covered_lines": 0, "num_statements": 0, "percent_covered": 100.0, "percent_covered_display": "100.00", "missing_lines": 0, "excluded_lines": 0, "num_branches": 0, "num_partial_branches": 0, "covered_branches": 0, "missing_branches": 0}, "missing_lines": [], "excluded_lines": [], "executed_branches": [], "missing_branches": []}}}, "apps/backtest/strategies/__init__.py": {"executed_lines": [], "summary": {"covered_lines": 0, "num_statements": 0, "percent_covered": 100.0, "percent_covered_display": "100.00", "missing_lines": 0, "excluded_lines": 0, "num_branches": 0, "num_partial_branches": 0, "covered_branches": 0, "missing_branches": 0}, "missing_lines": [], "excluded_lines": [], "executed_branches": [], "missing_branches": [], "functions": {"": {"executed_lines": [], "summary": {"covered_lines": 0, "num_statements": 0, "percent_covered": 100.0, "percent_covered_display": "100.00", "missing_lines": 0, "excluded_lines": 0, "num_branches": 0, "num_partial_branches": 0, "covered_branches": 0, "missing_branches": 0}, "missing_lines": [], "excluded_lines": [], "executed_branches": [], "missing_branches": []}}, "classes": {"": {"executed_lines": [], "summary": {"covered_lines": 0, "num_statements": 0, "percent_covered": 100.0, "percent_covered_display": "100.00", "missing_lines": 0, "excluded_lines": 0, "num_branches": 0, "num_partial_branches": 0, "covered_branches": 0, "missing_branches": 0}, "missing_lines": [], "excluded_lines": [], "executed_branches": [], "missing_branches": []}}}, "apps/trainer/__init__.py": {"executed_lines": [], "summary": {"covered_lines": 0, "num_statements": 0, "percent_covered": 100.0, "percent_covered_display": "100.00", "missing_lines": 0, "excluded_lines": 0, "num_branches": 0, "num_partial_branches": 0, "covered_branches": 0, "missing_branches": 0}, "missing_lines": [], "excluded_lines": [], "executed_branches": [], "missing_branches": [], "functions": {"": {"executed_lines": [], "summary": {"covered_lines": 0, "num_statements": 0, "percent_covered": 100.0, "percent_covered_display": "100.00", "missing_lines": 0, "excluded_lines": 0, "num_branches": 0, "num_partial_branches": 0, "covered_branches": 0, "missing_branches": 0}, "missing_lines": [], "excluded_lines": [], "executed_branches": [], "missing_branches": []}}, "classes": {"": {"executed_lines": [], "summary": {"covered_lines": 0, "num_statements": 0, "percent_covered": 100.0, "percent_covered_display": "100.00", "missing_lines": 0, "excluded_lines": 0, "num_branches": 0, "num_partial_branches": 0, "covered_branches": 0, "missing_branches": 0}, "missing_lines": [], "excluded_lines": [], "executed_branches": [], "missing_branches": []}}}, "apps/trainer/features/__init__.py": {"executed_lines": [], "summary": {"covered_lines": 0, "num_statements": 0, "percent_covered": 100.0, "percent_covered_display": "100.00", "missing_lines": 0, "excluded_lines": 0, "num_branches": 0, "num_partial_branches": 0, "covered_branches": 0, "missing_branches": 0}, "missing_lines": [], "excluded_lines": [], "executed_branches": [], "missing_branches": [], "functions": {"": {"executed_lines": [], "summary": {"covered_lines": 0, "num_statements": 0, "percent_covered": 100.0, "percent_covered_display": "100.00", "missing_lines": 0, "excluded_lines": 0, "num_branches": 0, "num_partial_branches": 0, "covered_branches": 0, "missing_branches": 0}, "missing_lines": [], "excluded_lines": [], "executed_branches": [], "missing_branches": []}}, "classes": {"": {"executed_lines": [], "summary": {"covered_lines": 0, "num_statements": 0, "percent_covered": 100.0, "percent_covered_display": "100.00", "missing_lines": 0, "excluded_lines": 0, "num_branches": 0, "num_partial_branches": 0, "covered_branches": 0, "missing_branches": 0}, "missing_lines": [], "excluded_lines": [], "executed_branches": [], "missing_branches": []}}}, "apps/trainer/models/__init__.py": {"executed_lines": [], "summary": {"covered_lines": 0, "num_statements": 0, "percent_covered": 100.0, "percent_covered_display": "100.00", "missing_lines": 0, "excluded_lines": 0, "num_branches": 0, "num_partial_branches": 0, "covered_branches": 0, "missing_branches": 0}, "missing_lines": [], "excluded_lines": [], "executed_branches": [], "missing_branches": [], "functions": {"": {"executed_lines": [], "summary": {"covered_lines": 0, "num_statements": 0, "percent_covered": 100.0, "percent_covered_display": "100.00", "missing_lines": 0, "excluded_lines": 0, "num_branches": 0, "num_partial_branches": 0, "covered_branches": 0, "missing_branches": 0}, "missing_lines": [], "excluded_lines": [], "executed_branches": [], "missing_branches": []}}, "classes": {"": {"executed_lines": [], "summary": {"covered_lines": 0, "num_statements": 0, "percent_covered": 100.0, "percent_covered_display": "100.00", "missing_lines": 0, "excluded_lines": 0, "num_branches": 0, "num_partial_branches": 0, "covered_branches": 0, "missing_branches": 0}, "missing_lines": [], "excluded_lines": [], "executed_branches": [], "missing_branches": []}}}, "apps/trainer/pipelines/__init__.py": {"executed_lines": [], "summary": {"covered_lines": 0, "num_statements": 0, "percent_covered": 100.0, "percent_covered_display": "100.00", "missing_lines": 0, "excluded_lines": 0, "num_branches": 0, "num_partial_branches": 0, "covered_branches": 0, "missing_branches": 0}, "missing_lines": [], "excluded_lines": [], "executed_branches": [], "missing_branches": [], "functions": {"": {"executed_lines": [], "summary": {"covered_lines": 0, "num_statements": 0, "percent_covered": 100.0, "percent_covered_display": "100.00", "missing_lines": 0, "excluded_lines": 0, "num_branches": 0, "num_partial_branches": 0, "covered_branches": 0, "missing_branches": 0}, "missing_lines": [], "excluded_lines": [], "executed_branches": [], "missing_branches": []}}, "classes": {"": {"executed_lines": [], "summary": {"covered_lines": 0, "num_statements": 0, "percent_covered": 100.0, "percent_covered_display": "100.00", "missing_lines": 0, "excluded_lines": 0, "num_branches": 0, "num_partial_branches": 0, "covered_branches": 0, "missing_branches": 0}, "missing_lines": [], "excluded_lines": [], "executed_branches": [], "missing_branches": []}}}, "apps/trainer/xgboost_trainer.py": {"executed_lines": [1, 5, 6, 7, 9, 10, 11, 12, 13, 14, 16, 19, 20, 21, 24, 25, 26, 27, 28, 29, 32, 33, 34, 37, 38, 41, 42, 43, 45, 46, 47, 48, 49, 50, 51, 52, 55, 56, 58, 65, 66, 67, 69, 113, 135, 216, 231, 246, 265, 278, 289], "summary": {"covered_lines": 47, "num_statements": 102, "percent_covered": 40.51724137931034, "percent_covered_display": "40.52", "missing_lines": 55, "excluded_lines": 0, "num_branches": 14, "num_partial_branches": 0, "covered_branches": 0, "missing_branches": 14}, "missing_lines": [82, 89, 92, 95, 103, 111, 116, 117, 118, 121, 122, 123, 126, 127, 128, 129, 150, 152, 155, 168, 171, 172, 175, 176, 178, 179, 182, 185, 188, 193, 195, 206, 214, 226, 227, 229, 241, 242, 244, 256, 257, 259, 261, 263, 272, 273, 275, 276, 285, 286, 287, 300, 305, 313, 314], "excluded_lines": [], "executed_branches": [], "missing_branches": [[117, 118], [117, 121], [122, 123], [122, 126], [128, -113], [128, 129], [226, 227], [226, 229], [241, 242], [241, 244], [256, 257], [256, 259], [272, 273], [272, 275]], "functions": {"XGBoostTrainer.__init__": {"executed_lines": [65, 66, 67], "summary": {"covered_lines": 3, "num_statements": 3, "percent_covered": 100.0, "percent_covered_display": "100.00", "missing_lines": 0, "excluded_lines": 0, "num_branches": 0, "num_partial_branches": 0, "covered_branches": 0, "missing_branches": 0}, "missing_lines": [], "excluded_lines": [], "executed_branches": [], "missing_branches": []}, "XGBoostTrainer.prepare_data": {"executed_lines": [], "summary": {"covered_lines": 0, "num_statements": 6, "percent_covered": 0.0, "percent_covered_display": "0.00", "missing_lines": 6, "excluded_lines": 0, "num_branches": 0, "num_partial_branches": 0, "covered_branches": 0, "missing_branches": 0}, "missing_lines": [82, 89, 92, 95, 103, 111], "excluded_lines": [], "executed_branches": [], "missing_branches": []}, "XGBoostTrainer._validate_data": {"executed_lines": [], "summary": {"covered_lines": 0, "num_statements": 10, "percent_covered": 0.0, "percent_covered_display": "0.00", "missing_lines": 10, "excluded_lines": 0, "num_branches": 6, "num_partial_branches": 0, "covered_branches": 0, "missing_branches": 6}, "missing_lines": [116, 117, 118, 121, 122, 123, 126, 127, 128, 129], "excluded_lines": [], "executed_branches": [], "missing_branches": [[117, 118], [117, 121], [122, 123], [122, 126], [128, -113], [128, 129]]}, "XGBoostTrainer.train": {"executed_lines": [], "summary": {"covered_lines": 0, "num_statements": 17, "percent_covered": 0.0, "percent_covered_display": "0.00", "missing_lines": 17, "excluded_lines": 0, "num_branches": 0, "num_partial_branches": 0, "covered_branches": 0, "missing_branches": 0}, "missing_lines": [150, 152, 155, 168, 171, 172, 175, 176, 178, 179, 182, 185, 188, 193, 195, 206, 214], "excluded_lines": [], "executed_branches": [], "missing_branches": []}, "XGBoostTrainer.predict_proba": {"executed_lines": [], "summary": {"covered_lines": 0, "num_statements": 3, "percent_covered": 0.0, "percent_covered_display": "0.00", "missing_lines": 3, "excluded_lines": 0, "num_branches": 2, "num_partial_branches": 0, "covered_branches": 0, "missing_branches": 2}, "missing_lines": [226, 227, 229], "excluded_lines": [], "executed_branches": [], "missing_branches": [[226, 227], [226, 229]]}, "XGBoostTrainer.predict": {"executed_lines": [], "summary": {"covered_lines": 0, "num_statements": 3, "percent_covered": 0.0, "percent_covered_display": "0.00", "missing_lines": 3, "excluded_lines": 0, "num_branches": 2, "num_partial_branches": 0, "covered_branches": 0, "missing_branches": 2}, "missing_lines": [241, 242, 244], "excluded_lines": [], "executed_branches": [], "missing_branches": [[241, 242], [241, 244]]}, "XGBoostTrainer.get_feature_importance": {"executed_lines": [], "summary": {"covered_lines": 0, "num_statements": 5, "percent_covered": 0.0, "percent_covered_display": "0.00", "missing_lines": 5, "excluded_lines": 0, "num_branches": 2, "num_partial_branches": 0, "covered_branches": 0, "missing_branches": 2}, "missing_lines": [256, 257, 259, 261, 263], "excluded_lines": [], "executed_branches": [], "missing_branches": [[256, 257], [256, 259]]}, "XGBoostTrainer.save_model": {"executed_lines": [], "summary": {"covered_lines": 0, "num_statements": 4, "percent_covered": 0.0, "percent_covered_display": "0.00", "missing_lines": 4, "excluded_lines": 0, "num_branches": 2, "num_partial_branches": 0, "covered_branches": 0, "missing_branches": 2}, "missing_lines": [272, 273, 275, 276], "excluded_lines": [], "executed_branches": [], "missing_branches": [[272, 273], [272, 275]]}, "XGBoostTrainer.load_model": {"executed_lines": [], "summary": {"covered_lines": 0, "num_statements": 3, "percent_covered": 0.0, "percent_covered_display": "0.00", "missing_lines": 3, "excluded_lines": 0, "num_branches": 0, "num_partial_branches": 0, "covered_branches": 0, "missing_branches": 0}, "missing_lines": [285, 286, 287], "excluded_lines": [], "executed_branches": [], "missing_branches": []}, "XGBoostTrainer.hyperparameter_tuning": {"executed_lines": [], "summary": {"covered_lines": 0, "num_statements": 4, "percent_covered": 0.0, "percent_covered_display": "0.00", "missing_lines": 4, "excluded_lines": 0, "num_branches": 0, "num_partial_branches": 0, "covered_branches": 0, "missing_branches": 0}, "missing_lines": [300, 305, 313, 314], "excluded_lines": [], "executed_branches": [], "missing_branches": []}, "": {"executed_lines": [1, 5, 6, 7, 9, 10, 11, 12, 13, 14, 16, 19, 20, 21, 24, 25, 26, 27, 28, 29, 32, 33, 34, 37, 38, 41, 42, 43, 45, 46, 47, 48, 49, 50, 51, 52, 55, 56, 58, 69, 113, 135, 216, 231, 246, 265, 278, 289], "summary": {"covered_lines": 44, "num_statements": 44, "percent_covered": 100.0, "percent_covered_display": "100.00", "missing_lines": 0, "excluded_lines": 0, "num_branches": 0, "num_partial_branches": 0, "covered_branches": 0, "missing_branches": 0}, "missing_lines": [], "excluded_lines": [], "executed_branches": [], "missing_branches": []}}, "classes": {"TrainingConfig": {"executed_lines": [], "summary": {"covered_lines": 0, "num_statements": 0, "percent_covered": 100.0, "percent_covered_display": "100.00", "missing_lines": 0, "excluded_lines": 0, "num_branches": 0, "num_partial_branches": 0, "covered_branches": 0, "missing_branches": 0}, "missing_lines": [], "excluded_lines": [], "executed_branches": [], "missing_branches": []}, "TrainingResult": {"executed_lines": [], "summary": {"covered_lines": 0, "num_statements": 0, "percent_covered": 100.0, "percent_covered_display": "100.00", "missing_lines": 0, "excluded_lines": 0, "num_branches": 0, "num_partial_branches": 0, "covered_branches": 0, "missing_branches": 0}, "missing_lines": [], "excluded_lines": [], "executed_branches": [], "missing_branches": []}, "XGBoostTrainer": {"executed_lines": [65, 66, 67], "summary": {"covered_lines": 3, "num_statements": 58, "percent_covered": 4.166666666666667, "percent_covered_display": "4.17", "missing_lines": 55, "excluded_lines": 0, "num_branches": 14, "num_partial_branches": 0, "covered_branches": 0, "missing_branches": 14}, "missing_lines": [82, 89, 92, 95, 103, 111, 116, 117, 118, 121, 122, 123, 126, 127, 128, 129, 150, 152, 155, 168, 171, 172, 175, 176, 178, 179, 182, 185, 188, 193, 195, 206, 214, 226, 227, 229, 241, 242, 244, 256, 257, 259, 261, 263, 272, 273, 275, 276, 285, 286, 287, 300, 305, 313, 314], "excluded_lines": [], "executed_branches": [], "missing_branches": [[117, 118], [117, 121], [122, 123], [122, 126], [128, -113], [128, 129], [226, 227], [226, 229], [241, 242], [241, 244], [256, 257], [256, 259], [272, 273], [272, 275]]}, "": {"executed_lines": [1, 5, 6, 7, 9, 10, 11, 12, 13, 14, 16, 19, 20, 21, 24, 25, 26, 27, 28, 29, 32, 33, 34, 37, 38, 41, 42, 43, 45, 46, 47, 48, 49, 50, 51, 52, 55, 56, 58, 69, 113, 135, 216, 231, 246, 265, 278, 289], "summary": {"covered_lines": 44, "num_statements": 44, "percent_covered": 100.0, "percent_covered_display": "100.00", "missing_lines": 0, "excluded_lines": 0, "num_branches": 0, "num_partial_branches": 0, "covered_branches": 0, "missing_branches": 0}, "missing_lines": [], "excluded_lines": [], "executed_branches": [], "missing_branches": []}}}, "apps/workers/__init__.py": {"executed_lines": [], "summary": {"covered_lines": 0, "num_statements": 0, "percent_covered": 100.0, "percent_covered_display": "100.00", "missing_lines": 0, "excluded_lines": 0, "num_branches": 0, "num_partial_branches": 0, "covered_branches": 0, "missing_branches": 0}, "missing_lines": [], "excluded_lines": [], "executed_branches": [], "missing_branches": [], "functions": {"": {"executed_lines": [], "summary": {"covered_lines": 0, "num_statements": 0, "percent_covered": 100.0, "percent_covered_display": "100.00", "missing_lines": 0, "excluded_lines": 0, "num_branches": 0, "num_partial_branches": 0, "covered_branches": 0, "missing_branches": 0}, "missing_lines": [], "excluded_lines": [], "executed_branches": [], "missing_branches": []}}, "classes": {"": {"executed_lines": [], "summary": {"covered_lines": 0, "num_statements": 0, "percent_covered": 100.0, "percent_covered_display": "100.00", "missing_lines": 0, "excluded_lines": 0, "num_branches": 0, "num_partial_branches": 0, "covered_branches": 0, "missing_branches": 0}, "missing_lines": [], "excluded_lines": [], "executed_branches": [], "missing_branches": []}}}, "apps/workers/flows/__init__.py": {"executed_lines": [], "summary": {"covered_lines": 0, "num_statements": 0, "percent_covered": 100.0, "percent_covered_display": "100.00", "missing_lines": 0, "excluded_lines": 0, "num_branches": 0, "num_partial_branches": 0, "covered_branches": 0, "missing_branches": 0}, "missing_lines": [], "excluded_lines": [], "executed_branches": [], "missing_branches": [], "functions": {"": {"executed_lines": [], "summary": {"covered_lines": 0, "num_statements": 0, "percent_covered": 100.0, "percent_covered_display": "100.00", "missing_lines": 0, "excluded_lines": 0, "num_branches": 0, "num_partial_branches": 0, "covered_branches": 0, "missing_branches": 0}, "missing_lines": [], "excluded_lines": [], "executed_branches": [], "missing_branches": []}}, "classes": {"": {"executed_lines": [], "summary": {"covered_lines": 0, "num_statements": 0, "percent_covered": 100.0, "percent_covered_display": "100.00", "missing_lines": 0, "excluded_lines": 0, "num_branches": 0, "num_partial_branches": 0, "covered_branches": 0, "missing_branches": 0}, "missing_lines": [], "excluded_lines": [], "executed_branches": [], "missing_branches": []}}}, "apps/workers/flows/data_collection_flow.py": {"executed_lines": [], "summary": {"covered_lines": 0, "num_statements": 75, "percent_covered": 0.0, "percent_covered_display": "0.00", "missing_lines": 75, "excluded_lines": 6, "num_branches": 6, "num_partial_branches": 0, "covered_branches": 0, "missing_branches": 6}, "missing_lines": [5, 7, 8, 14, 17, 18, 32, 36, 45, 57, 58, 60, 61, 62, 65, 66, 76, 78, 85, 97, 98, 100, 101, 102, 105, 106, 117, 125, 134, 135, 138, 139, 150, 152, 167, 174, 175, 177, 178, 179, 182, 186, 199, 200, 202, 203, 205, 208, 211, 212, 215, 218, 221, 233, 234, 237, 238, 252, 259, 260, 263, 264, 265, 267, 270, 271, 272, 275, 276, 278, 281, 284, 286, 297, 298], "excluded_lines": [302, 303, 306, 307, 308, 310], "executed_branches": [], "missing_branches": [[199, 200], [199, 202], [202, 203], [202, 205], [264, 265], [264, 281]], "functions": {"collect_matches_task": {"executed_lines": [], "summary": {"covered_lines": 0, "num_statements": 8, "percent_covered": 0.0, "percent_covered_display": "0.00", "missing_lines": 8, "excluded_lines": 0, "num_branches": 0, "num_partial_branches": 0, "covered_branches": 0, "missing_branches": 0}, "missing_lines": [32, 36, 45, 57, 58, 60, 61, 62], "excluded_lines": [], "executed_branches": [], "missing_branches": []}, "collect_odds_task": {"executed_lines": [], "summary": {"covered_lines": 0, "num_statements": 8, "percent_covered": 0.0, "percent_covered_display": "0.00", "missing_lines": 8, "excluded_lines": 0, "num_branches": 0, "num_partial_branches": 0, "covered_branches": 0, "missing_branches": 0}, "missing_lines": [76, 78, 85, 97, 98, 100, 101, 102], "excluded_lines": [], "executed_branches": [], "missing_branches": []}, "validate_and_clean_data": {"executed_lines": [], "summary": {"covered_lines": 0, "num_statements": 4, "percent_covered": 0.0, "percent_covered_display": "0.00", "missing_lines": 4, "excluded_lines": 0, "num_branches": 0, "num_partial_branches": 0, "covered_branches": 0, "missing_branches": 0}, "missing_lines": [117, 125, 134, 135], "excluded_lines": [], "executed_branches": [], "missing_branches": []}, "store_data_task": {"executed_lines": [], "summary": {"covered_lines": 0, "num_statements": 8, "percent_covered": 0.0, "percent_covered_display": "0.00", "missing_lines": 8, "excluded_lines": 0, "num_branches": 0, "num_partial_branches": 0, "covered_branches": 0, "missing_branches": 0}, "missing_lines": [150, 152, 167, 174, 175, 177, 178, 179], "excluded_lines": [], "executed_branches": [], "missing_branches": []}, "daily_data_collection_flow": {"executed_lines": [], "summary": {"covered_lines": 0, "num_statements": 13, "percent_covered": 0.0, "percent_covered_display": "0.00", "missing_lines": 13, "excluded_lines": 0, "num_branches": 4, "num_partial_branches": 0, "covered_branches": 0, "missing_branches": 4}, "missing_lines": [199, 200, 202, 203, 205, 208, 211, 212, 215, 218, 221, 233, 234], "excluded_lines": [], "executed_branches": [], "missing_branches": [[199, 200], [199, 202], [202, 203], [202, 205]]}, "historical_data_backfill_flow": {"executed_lines": [], "summary": {"covered_lines": 0, "num_statements": 18, "percent_covered": 0.0, "percent_covered_display": "0.00", "missing_lines": 18, "excluded_lines": 0, "num_branches": 2, "num_partial_branches": 0, "covered_branches": 0, "missing_branches": 2}, "missing_lines": [252, 259, 260, 263, 264, 265, 267, 270, 271, 272, 275, 276, 278, 281, 284, 286, 297, 298], "excluded_lines": [], "executed_branches": [], "missing_branches": [[264, 265], [264, 281]]}, "test_flow": {"executed_lines": [], "summary": {"covered_lines": 0, "num_statements": 0, "percent_covered": 100.0, "percent_covered_display": "100.00", "missing_lines": 0, "excluded_lines": 2, "num_branches": 0, "num_partial_branches": 0, "covered_branches": 0, "missing_branches": 0}, "missing_lines": [], "excluded_lines": [307, 308], "executed_branches": [], "missing_branches": []}, "": {"executed_lines": [], "summary": {"covered_lines": 0, "num_statements": 16, "percent_covered": 0.0, "percent_covered_display": "0.00", "missing_lines": 16, "excluded_lines": 4, "num_branches": 0, "num_partial_branches": 0, "covered_branches": 0, "missing_branches": 0}, "missing_lines": [5, 7, 8, 14, 17, 18, 65, 66, 105, 106, 138, 139, 182, 186, 237, 238], "excluded_lines": [302, 303, 306, 310], "executed_branches": [], "missing_branches": []}}, "classes": {"": {"executed_lines": [], "summary": {"covered_lines": 0, "num_statements": 75, "percent_covered": 0.0, "percent_covered_display": "0.00", "missing_lines": 75, "excluded_lines": 6, "num_branches": 6, "num_partial_branches": 0, "covered_branches": 0, "missing_branches": 6}, "missing_lines": [5, 7, 8, 14, 17, 18, 32, 36, 45, 57, 58, 60, 61, 62, 65, 66, 76, 78, 85, 97, 98, 100, 101, 102, 105, 106, 117, 125, 134, 135, 138, 139, 150, 152, 167, 174, 175, 177, 178, 179, 182, 186, 199, 200, 202, 203, 205, 208, 211, 212, 215, 218, 221, 233, 234, 237, 238, 252, 259, 260, 263, 264, 265, 267, 270, 271, 272, 275, 276, 278, 281, 284, 286, 297, 298], "excluded_lines": [302, 303, 306, 307, 308, 310], "executed_branches": [], "missing_branches": [[199, 200], [199, 202], [202, 203], [202, 205], [264, 265], [264, 281]]}}}, "apps/workers/tasks/__init__.py": {"executed_lines": [], "summary": {"covered_lines": 0, "num_statements": 0, "percent_covered": 100.0, "percent_covered_display": "100.00", "missing_lines": 0, "excluded_lines": 0, "num_branches": 0, "num_partial_branches": 0, "covered_branches": 0, "missing_branches": 0}, "missing_lines": [], "excluded_lines": [], "executed_branches": [], "missing_branches": [], "functions": {"": {"executed_lines": [], "summary": {"covered_lines": 0, "num_statements": 0, "percent_covered": 100.0, "percent_covered_display": "100.00", "missing_lines": 0, "excluded_lines": 0, "num_branches": 0, "num_partial_branches": 0, "covered_branches": 0, "missing_branches": 0}, "missing_lines": [], "excluded_lines": [], "executed_branches": [], "missing_branches": []}}, "classes": {"": {"executed_lines": [], "summary": {"covered_lines": 0, "num_statements": 0, "percent_covered": 100.0, "percent_covered_display": "100.00", "missing_lines": 0, "excluded_lines": 0, "num_branches": 0, "num_partial_branches": 0, "covered_branches": 0, "missing_branches": 0}, "missing_lines": [], "excluded_lines": [], "executed_branches": [], "missing_branches": []}}}, "data_pipeline/__init__.py": {"executed_lines": [], "summary": {"covered_lines": 0, "num_statements": 0, "percent_covered": 100.0, "percent_covered_display": "100.00", "missing_lines": 0, "excluded_lines": 0, "num_branches": 0, "num_partial_branches": 0, "covered_branches": 0, "missing_branches": 0}, "missing_lines": [], "excluded_lines": [], "executed_branches": [], "missing_branches": [], "functions": {"": {"executed_lines": [], "summary": {"covered_lines": 0, "num_statements": 0, "percent_covered": 100.0, "percent_covered_display": "100.00", "missing_lines": 0, "excluded_lines": 0, "num_branches": 0, "num_partial_branches": 0, "covered_branches": 0, "missing_branches": 0}, "missing_lines": [], "excluded_lines": [], "executed_branches": [], "missing_branches": []}}, "classes": {"": {"executed_lines": [], "summary": {"covered_lines": 0, "num_statements": 0, "percent_covered": 100.0, "percent_covered_display": "100.00", "missing_lines": 0, "excluded_lines": 0, "num_branches": 0, "num_partial_branches": 0, "covered_branches": 0, "missing_branches": 0}, "missing_lines": [], "excluded_lines": [], "executed_branches": [], "missing_branches": []}}}, "data_pipeline/feature_store/__init__.py": {"executed_lines": [], "summary": {"covered_lines": 0, "num_statements": 0, "percent_covered": 100.0, "percent_covered_display": "100.00", "missing_lines": 0, "excluded_lines": 0, "num_branches": 0, "num_partial_branches": 0, "covered_branches": 0, "missing_branches": 0}, "missing_lines": [], "excluded_lines": [], "executed_branches": [], "missing_branches": [], "functions": {"": {"executed_lines": [], "summary": {"covered_lines": 0, "num_statements": 0, "percent_covered": 100.0, "percent_covered_display": "100.00", "missing_lines": 0, "excluded_lines": 0, "num_branches": 0, "num_partial_branches": 0, "covered_branches": 0, "missing_branches": 0}, "missing_lines": [], "excluded_lines": [], "executed_branches": [], "missing_branches": []}}, "classes": {"": {"executed_lines": [], "summary": {"covered_lines": 0, "num_statements": 0, "percent_covered": 100.0, "percent_covered_display": "100.00", "missing_lines": 0, "excluded_lines": 0, "num_branches": 0, "num_partial_branches": 0, "covered_branches": 0, "missing_branches": 0}, "missing_lines": [], "excluded_lines": [], "executed_branches": [], "missing_branches": []}}}, "data_pipeline/loaders/__init__.py": {"executed_lines": [], "summary": {"covered_lines": 0, "num_statements": 0, "percent_covered": 100.0, "percent_covered_display": "100.00", "missing_lines": 0, "excluded_lines": 0, "num_branches": 0, "num_partial_branches": 0, "covered_branches": 0, "missing_branches": 0}, "missing_lines": [], "excluded_lines": [], "executed_branches": [], "missing_branches": [], "functions": {"": {"executed_lines": [], "summary": {"covered_lines": 0, "num_statements": 0, "percent_covered": 100.0, "percent_covered_display": "100.00", "missing_lines": 0, "excluded_lines": 0, "num_branches": 0, "num_partial_branches": 0, "covered_branches": 0, "missing_branches": 0}, "missing_lines": [], "excluded_lines": [], "executed_branches": [], "missing_branches": []}}, "classes": {"": {"executed_lines": [], "summary": {"covered_lines": 0, "num_statements": 0, "percent_covered": 100.0, "percent_covered_display": "100.00", "missing_lines": 0, "excluded_lines": 0, "num_branches": 0, "num_partial_branches": 0, "covered_branches": 0, "missing_branches": 0}, "missing_lines": [], "excluded_lines": [], "executed_branches": [], "missing_branches": []}}}, "data_pipeline/sources/__init__.py": {"executed_lines": [], "summary": {"covered_lines": 0, "num_statements": 0, "percent_covered": 100.0, "percent_covered_display": "100.00", "missing_lines": 0, "excluded_lines": 0, "num_branches": 0, "num_partial_branches": 0, "covered_branches": 0, "missing_branches": 0}, "missing_lines": [], "excluded_lines": [], "executed_branches": [], "missing_branches": [], "functions": {"": {"executed_lines": [], "summary": {"covered_lines": 0, "num_statements": 0, "percent_covered": 100.0, "percent_covered_display": "100.00", "missing_lines": 0, "excluded_lines": 0, "num_branches": 0, "num_partial_branches": 0, "covered_branches": 0, "missing_branches": 0}, "missing_lines": [], "excluded_lines": [], "executed_branches": [], "missing_branches": []}}, "classes": {"": {"executed_lines": [], "summary": {"covered_lines": 0, "num_statements": 0, "percent_covered": 100.0, "percent_covered_display": "100.00", "missing_lines": 0, "excluded_lines": 0, "num_branches": 0, "num_partial_branches": 0, "covered_branches": 0, "missing_branches": 0}, "missing_lines": [], "excluded_lines": [], "executed_branches": [], "missing_branches": []}}}, "data_pipeline/sources/football_api.py": {"executed_lines": [1, 5, 6, 7, 9, 10, 12, 14, 18, 19, 20, 22, 23, 24, 25, 26, 27, 28, 29, 30, 31, 34, 35, 36, 38, 39, 40, 41, 42, 43, 46, 47, 49, 50, 51, 52, 54, 67, 72, 115, 148], "summary": {"covered_lines": 37, "num_statements": 89, "percent_covered": 33.944954128440365, "percent_covered_display": "33.94", "missing_lines": 52, "excluded_lines": 0, "num_branches": 20, "num_partial_branches": 0, "covered_branches": 0, "missing_branches": 20}, "missing_lines": [56, 57, 58, 60, 65, 69, 70, 86, 87, 89, 93, 95, 98, 99, 102, 105, 106, 108, 109, 110, 112, 113, 125, 126, 128, 130, 132, 134, 136, 139, 141, 142, 143, 145, 146, 150, 153, 164, 165, 167, 169, 170, 171, 173, 174, 176, 177, 186, 188, 191, 193, 195], "excluded_lines": [], "executed_branches": [], "missing_branches": [[57, 58], [57, 60], [69, -67], [69, 70], [86, 87], [86, 89], [98, 99], [98, 112], [125, 126], [125, 128], [134, 136], [134, 145], [167, 169], [167, 195], [169, 170], [169, 191], [170, 171], [170, 173], [176, 177], [176, 188]], "functions": {"FootballAPICollector.__init__": {"executed_lines": [50, 51, 52], "summary": {"covered_lines": 3, "num_statements": 3, "percent_covered": 100.0, "percent_covered_display": "100.00", "missing_lines": 0, "excluded_lines": 0, "num_branches": 0, "num_partial_branches": 0, "covered_branches": 0, "missing_branches": 0}, "missing_lines": [], "excluded_lines": [], "executed_branches": [], "missing_branches": []}, "FootballAPICollector.__aenter__": {"executed_lines": [], "summary": {"covered_lines": 0, "num_statements": 5, "percent_covered": 0.0, "percent_covered_display": "0.00", "missing_lines": 5, "excluded_lines": 0, "num_branches": 2, "num_partial_branches": 0, "covered_branches": 0, "missing_branches": 2}, "missing_lines": [56, 57, 58, 60, 65], "excluded_lines": [], "executed_branches": [], "missing_branches": [[57, 58], [57, 60]]}, "FootballAPICollector.__aexit__": {"executed_lines": [], "summary": {"covered_lines": 0, "num_statements": 2, "percent_covered": 0.0, "percent_covered_display": "0.00", "missing_lines": 2, "excluded_lines": 0, "num_branches": 2, "num_partial_branches": 0, "covered_branches": 0, "missing_branches": 2}, "missing_lines": [69, 70], "excluded_lines": [], "executed_branches": [], "missing_branches": [[69, -67], [69, 70]]}, "FootballAPICollector.collect_matches_by_date": {"executed_lines": [], "summary": {"covered_lines": 0, "num_statements": 15, "percent_covered": 0.0, "percent_covered_display": "0.00", "missing_lines": 15, "excluded_lines": 0, "num_branches": 4, "num_partial_branches": 0, "covered_branches": 0, "missing_branches": 4}, "missing_lines": [86, 87, 89, 93, 95, 98, 99, 102, 105, 106, 108, 109, 110, 112, 113], "excluded_lines": [], "executed_branches": [], "missing_branches": [[86, 87], [86, 89], [98, 99], [98, 112]]}, "FootballAPICollector.collect_team_info": {"executed_lines": [], "summary": {"covered_lines": 0, "num_statements": 13, "percent_covered": 0.0, "percent_covered_display": "0.00", "missing_lines": 13, "excluded_lines": 0, "num_branches": 4, "num_partial_branches": 0, "covered_branches": 0, "missing_branches": 4}, "missing_lines": [125, 126, 128, 130, 132, 134, 136, 139, 141, 142, 143, 145, 146], "excluded_lines": [], "executed_branches": [], "missing_branches": [[125, 126], [125, 128], [134, 136], [134, 145]]}, "FootballAPICollector._generate_mock_matches": {"executed_lines": [], "summary": {"covered_lines": 0, "num_statements": 17, "percent_covered": 0.0, "percent_covered_display": "0.00", "missing_lines": 17, "excluded_lines": 0, "num_branches": 8, "num_partial_branches": 0, "covered_branches": 0, "missing_branches": 8}, "missing_lines": [150, 153, 164, 165, 167, 169, 170, 171, 173, 174, 176, 177, 186, 188, 191, 193, 195], "excluded_lines": [], "executed_branches": [], "missing_branches": [[167, 169], [167, 195], [169, 170], [169, 191], [170, 171], [170, 173], [176, 177], [176, 188]]}, "": {"executed_lines": [1, 5, 6, 7, 9, 10, 12, 14, 18, 19, 20, 22, 23, 24, 25, 26, 27, 28, 29, 30, 31, 34, 35, 36, 38, 39, 40, 41, 42, 43, 46, 47, 49, 54, 67, 72, 115, 148], "summary": {"covered_lines": 34, "num_statements": 34, "percent_covered": 100.0, "percent_covered_display": "100.00", "missing_lines": 0, "excluded_lines": 0, "num_branches": 0, "num_partial_branches": 0, "covered_branches": 0, "missing_branches": 0}, "missing_lines": [], "excluded_lines": [], "executed_branches": [], "missing_branches": []}}, "classes": {"Match": {"executed_lines": [], "summary": {"covered_lines": 0, "num_statements": 0, "percent_covered": 100.0, "percent_covered_display": "100.00", "missing_lines": 0, "excluded_lines": 0, "num_branches": 0, "num_partial_branches": 0, "covered_branches": 0, "missing_branches": 0}, "missing_lines": [], "excluded_lines": [], "executed_branches": [], "missing_branches": []}, "Team": {"executed_lines": [], "summary": {"covered_lines": 0, "num_statements": 0, "percent_covered": 100.0, "percent_covered_display": "100.00", "missing_lines": 0, "excluded_lines": 0, "num_branches": 0, "num_partial_branches": 0, "covered_branches": 0, "missing_branches": 0}, "missing_lines": [], "excluded_lines": [], "executed_branches": [], "missing_branches": []}, "FootballAPICollector": {"executed_lines": [50, 51, 52], "summary": {"covered_lines": 3, "num_statements": 55, "percent_covered": 4.0, "percent_covered_display": "4.00", "missing_lines": 52, "excluded_lines": 0, "num_branches": 20, "num_partial_branches": 0, "covered_branches": 0, "missing_branches": 20}, "missing_lines": [56, 57, 58, 60, 65, 69, 70, 86, 87, 89, 93, 95, 98, 99, 102, 105, 106, 108, 109, 110, 112, 113, 125, 126, 128, 130, 132, 134, 136, 139, 141, 142, 143, 145, 146, 150, 153, 164, 165, 167, 169, 170, 171, 173, 174, 176, 177, 186, 188, 191, 193, 195], "excluded_lines": [], "executed_branches": [], "missing_branches": [[57, 58], [57, 60], [69, -67], [69, 70], [86, 87], [86, 89], [98, 99], [98, 112], [125, 126], [125, 128], [134, 136], [134, 145], [167, 169], [167, 195], [169, 170], [169, 191], [170, 171], [170, 173], [176, 177], [176, 188]]}, "": {"executed_lines": [1, 5, 6, 7, 9, 10, 12, 14, 18, 19, 20, 22, 23, 24, 25, 26, 27, 28, 29, 30, 31, 34, 35, 36, 38, 39, 40, 41, 42, 43, 46, 47, 49, 54, 67, 72, 115, 148], "summary": {"covered_lines": 34, "num_statements": 34, "percent_covered": 100.0, "percent_covered_display": "100.00", "missing_lines": 0, "excluded_lines": 0, "num_branches": 0, "num_partial_branches": 0, "covered_branches": 0, "missing_branches": 0}, "missing_lines": [], "excluded_lines": [], "executed_branches": [], "missing_branches": []}}}, "data_pipeline/sources/ingest_odds.py": {"executed_lines": [1, 2, 3, 4, 6, 7, 9, 12, 16, 19, 39, 94, 121], "summary": {"covered_lines": 12, "num_statements": 56, "percent_covered": 17.142857142857142, "percent_covered_display": "17.14", "missing_lines": 44, "excluded_lines": 2, "num_branches": 14, "num_partial_branches": 0, "covered_branches": 0, "missing_branches": 14}, "missing_lines": [21, 22, 23, 24, 25, 27, 28, 29, 31, 32, 33, 34, 36, 46, 47, 48, 50, 51, 52, 54, 64, 65, 66, 69, 85, 86, 87, 88, 89, 91, 95, 96, 97, 98, 103, 105, 106, 108, 112, 113, 114, 116, 117, 118], "excluded_lines": [121, 122], "executed_branches": [], "missing_branches": [[22, 23], [22, 27], [23, 22], [23, 24], [27, 28], [27, 31], [31, 32], [31, 36], [32, 31], [32, 33], [50, 51], [50, 54], [105, 106], [105, 108]], "functions": {"validate_odds": {"executed_lines": [], "summary": {"covered_lines": 0, "num_statements": 13, "percent_covered": 0.0, "percent_covered_display": "0.00", "missing_lines": 13, "excluded_lines": 0, "num_branches": 10, "num_partial_branches": 0, "covered_branches": 0, "missing_branches": 10}, "missing_lines": [21, 22, 23, 24, 25, 27, 28, 29, 31, 32, 33, 34, 36], "excluded_lines": [], "executed_branches": [], "missing_branches": [[22, 23], [22, 27], [23, 22], [23, 24], [27, 28], [27, 31], [31, 32], [31, 36], [32, 31], [32, 33]]}, "ingest_data": {"executed_lines": [], "summary": {"covered_lines": 0, "num_statements": 17, "percent_covered": 0.0, "percent_covered_display": "0.00", "missing_lines": 17, "excluded_lines": 0, "num_branches": 2, "num_partial_branches": 0, "covered_branches": 0, "missing_branches": 2}, "missing_lines": [46, 47, 48, 50, 51, 52, 54, 64, 65, 66, 69, 85, 86, 87, 88, 89, 91], "excluded_lines": [], "executed_branches": [], "missing_branches": [[50, 51], [50, 54]]}, "main": {"executed_lines": [], "summary": {"covered_lines": 0, "num_statements": 14, "percent_covered": 0.0, "percent_covered_display": "0.00", "missing_lines": 14, "excluded_lines": 0, "num_branches": 2, "num_partial_branches": 0, "covered_branches": 0, "missing_branches": 2}, "missing_lines": [95, 96, 97, 98, 103, 105, 106, 108, 112, 113, 114, 116, 117, 118], "excluded_lines": [], "executed_branches": [], "missing_branches": [[105, 106], [105, 108]]}, "": {"executed_lines": [1, 2, 3, 4, 6, 7, 9, 12, 16, 19, 39, 94, 121], "summary": {"covered_lines": 12, "num_statements": 12, "percent_covered": 100.0, "percent_covered_display": "100.00", "missing_lines": 0, "excluded_lines": 2, "num_branches": 0, "num_partial_branches": 0, "covered_branches": 0, "missing_branches": 0}, "missing_lines": [], "excluded_lines": [121, 122], "executed_branches": [], "missing_branches": []}}, "classes": {"": {"executed_lines": [1, 2, 3, 4, 6, 7, 9, 12, 16, 19, 39, 94, 121], "summary": {"covered_lines": 12, "num_statements": 56, "percent_covered": 17.142857142857142, "percent_covered_display": "17.14", "missing_lines": 44, "excluded_lines": 2, "num_branches": 14, "num_partial_branches": 0, "covered_branches": 0, "missing_branches": 14}, "missing_lines": [21, 22, 23, 24, 25, 27, 28, 29, 31, 32, 33, 34, 36, 46, 47, 48, 50, 51, 52, 54, 64, 65, 66, 69, 85, 86, 87, 88, 89, 91, 95, 96, 97, 98, 103, 105, 106, 108, 112, 113, 114, 116, 117, 118], "excluded_lines": [121, 122], "executed_branches": [], "missing_branches": [[22, 23], [22, 27], [23, 22], [23, 24], [27, 28], [27, 31], [31, 32], [31, 36], [32, 31], [32, 33], [50, 51], [50, 54], [105, 106], [105, 108]]}}}, "data_pipeline/sources/odds_fetcher.py": {"executed_lines": [1, 2, 3, 4, 5, 7, 8, 9, 12, 16, 19, 27, 28, 30, 31, 32, 33, 36, 37, 40, 41, 42, 44, 49, 50, 51, 52, 54, 55, 56, 61, 62, 63], "summary": {"covered_lines": 33, "num_statements": 39, "percent_covered": 83.72093023255815, "percent_covered_display": "83.72", "missing_lines": 6, "excluded_lines": 0, "num_branches": 4, "num_partial_branches": 1, "covered_branches": 3, "missing_branches": 1}, "missing_lines": [34, 35, 57, 58, 59, 60], "excluded_lines": [], "executed_branches": [[30, 31], [30, 40], [33, 36]], "missing_branches": [[33, 34]], "functions": {"fetch_odds": {"executed_lines": [27, 28, 30, 31, 32, 33, 36, 37, 40, 41, 42, 44, 49, 50, 51, 52, 54, 55, 56, 61, 62, 63], "summary": {"covered_lines": 22, "num_statements": 28, "percent_covered": 78.125, "percent_covered_display": "78.12", "missing_lines": 6, "excluded_lines": 0, "num_branches": 4, "num_partial_branches": 1, "covered_branches": 3, "missing_branches": 1}, "missing_lines": [34, 35, 57, 58, 59, 60], "excluded_lines": [], "executed_branches": [[30, 31], [30, 40], [33, 36]], "missing_branches": [[33, 34]]}, "": {"executed_lines": [1, 2, 3, 4, 5, 7, 8, 9, 12, 16, 19], "summary": {"covered_lines": 11, "num_statements": 11, "percent_covered": 100.0, "percent_covered_display": "100.00", "missing_lines": 0, "excluded_lines": 0, "num_branches": 0, "num_partial_branches": 0, "covered_branches": 0, "missing_branches": 0}, "missing_lines": [], "excluded_lines": [], "executed_branches": [], "missing_branches": []}}, "classes": {"": {"executed_lines": [1, 2, 3, 4, 5, 7, 8, 9, 12, 16, 19, 27, 28, 30, 31, 32, 33, 36, 37, 40, 41, 42, 44, 49, 50, 51, 52, 54, 55, 56, 61, 62, 63], "summary": {"covered_lines": 33, "num_statements": 39, "percent_covered": 83.72093023255815, "percent_covered_display": "83.72", "missing_lines": 6, "excluded_lines": 0, "num_branches": 4, "num_partial_branches": 1, "covered_branches": 3, "missing_branches": 1}, "missing_lines": [34, 35, 57, 58, 59, 60], "excluded_lines": [], "executed_branches": [[30, 31], [30, 40], [33, 36]], "missing_branches": [[33, 34]]}}}, "data_pipeline/transforms/__init__.py": {"executed_lines": [], "summary": {"covered_lines": 0, "num_statements": 0, "percent_covered": 100.0, "percent_covered_display": "100.00", "missing_lines": 0, "excluded_lines": 0, "num_branches": 0, "num_partial_branches": 0, "covered_branches": 0, "missing_branches": 0}, "missing_lines": [], "excluded_lines": [], "executed_branches": [], "missing_branches": [], "functions": {"": {"executed_lines": [], "summary": {"covered_lines": 0, "num_statements": 0, "percent_covered": 100.0, "percent_covered_display": "100.00", "missing_lines": 0, "excluded_lines": 0, "num_branches": 0, "num_partial_branches": 0, "covered_branches": 0, "missing_branches": 0}, "missing_lines": [], "excluded_lines": [], "executed_branches": [], "missing_branches": []}}, "classes": {"": {"executed_lines": [], "summary": {"covered_lines": 0, "num_statements": 0, "percent_covered": 100.0, "percent_covered_display": "100.00", "missing_lines": 0, "excluded_lines": 0, "num_branches": 0, "num_partial_branches": 0, "covered_branches": 0, "missing_branches": 0}, "missing_lines": [], "excluded_lines": [], "executed_branches": [], "missing_branches": []}}}, "data_pipeline/transforms/feature_engineer.py": {"executed_lines": [1, 5, 6, 9, 19, 22, 23, 24, 27, 31, 34, 45, 51, 54, 65, 68, 71, 74, 77, 80, 83, 86, 88], "summary": {"covered_lines": 22, "num_statements": 22, "percent_covered": 100.0, "percent_covered_display": "100.00", "missing_lines": 0, "excluded_lines": 0, "num_branches": 0, "num_partial_branches": 0, "covered_branches": 0, "missing_branches": 0}, "missing_lines": [], "excluded_lines": [], "executed_branches": [], "missing_branches": [], "functions": {"calculate_implied_probabilities": {"executed_lines": [19, 22, 23, 24, 27, 31], "summary": {"covered_lines": 6, "num_statements": 6, "percent_covered": 100.0, "percent_covered_display": "100.00", "missing_lines": 0, "excluded_lines": 0, "num_branches": 0, "num_partial_branches": 0, "covered_branches": 0, "missing_branches": 0}, "missing_lines": [], "excluded_lines": [], "executed_branches": [], "missing_branches": []}, "aggregate_odds": {"executed_lines": [45, 51], "summary": {"covered_lines": 2, "num_statements": 2, "percent_covered": 100.0, "percent_covered_display": "100.00", "missing_lines": 0, "excluded_lines": 0, "num_branches": 0, "num_partial_branches": 0, "covered_branches": 0, "missing_branches": 0}, "missing_lines": [], "excluded_lines": [], "executed_branches": [], "missing_branches": []}, "generate_features": {"executed_lines": [65, 68, 71, 74, 77, 80, 83, 86, 88], "summary": {"covered_lines": 9, "num_statements": 9, "percent_covered": 100.0, "percent_covered_display": "100.00", "missing_lines": 0, "excluded_lines": 0, "num_branches": 0, "num_partial_branches": 0, "covered_branches": 0, "missing_branches": 0}, "missing_lines": [], "excluded_lines": [], "executed_branches": [], "missing_branches": []}, "": {"executed_lines": [1, 5, 6, 9, 34, 54], "summary": {"covered_lines": 5, "num_statements": 5, "percent_covered": 100.0, "percent_covered_display": "100.00", "missing_lines": 0, "excluded_lines": 0, "num_branches": 0, "num_partial_branches": 0, "covered_branches": 0, "missing_branches": 0}, "missing_lines": [], "excluded_lines": [], "executed_branches": [], "missing_branches": []}}, "classes": {"": {"executed_lines": [1, 5, 6, 9, 19, 22, 23, 24, 27, 31, 34, 45, 51, 54, 65, 68, 71, 74, 77, 80, 83, 86, 88], "summary": {"covered_lines": 22, "num_statements": 22, "percent_covered": 100.0, "percent_covered_display": "100.00", "missing_lines": 0, "excluded_lines": 0, "num_branches": 0, "num_partial_branches": 0, "covered_branches": 0, "missing_branches": 0}, "missing_lines": [], "excluded_lines": [], "executed_branches": [], "missing_branches": []}}}, "data_pipeline/transforms/ingest_features.py": {"executed_lines": [1, 2, 3, 5, 6, 7, 9, 12, 16, 19, 32, 77, 106], "summary": {"covered_lines": 12, "num_statements": 51, "percent_covered": 21.05263157894737, "percent_covered_display": "21.05", "missing_lines": 39, "excluded_lines": 2, "num_branches": 6, "num_partial_branches": 0, "covered_branches": 0, "missing_branches": 6}, "missing_lines": [21, 22, 23, 24, 25, 26, 27, 28, 29, 39, 40, 41, 43, 64, 65, 66, 67, 68, 69, 70, 71, 72, 73, 74, 79, 81, 85, 87, 88, 89, 90, 93, 94, 95, 96, 99, 101, 102, 103], "excluded_lines": [106, 107], "executed_branches": [], "missing_branches": [[39, 40], [39, 43], [88, 89], [88, 93], [94, 95], [94, 99]], "functions": {"fetch_source_data": {"executed_lines": [], "summary": {"covered_lines": 0, "num_statements": 9, "percent_covered": 0.0, "percent_covered_display": "0.00", "missing_lines": 9, "excluded_lines": 0, "num_branches": 0, "num_partial_branches": 0, "covered_branches": 0, "missing_branches": 0}, "missing_lines": [21, 22, 23, 24, 25, 26, 27, 28, 29], "excluded_lines": [], "executed_branches": [], "missing_branches": []}, "ingest_features_data": {"executed_lines": [], "summary": {"covered_lines": 0, "num_statements": 15, "percent_covered": 0.0, "percent_covered_display": "0.00", "missing_lines": 15, "excluded_lines": 0, "num_branches": 2, "num_partial_branches": 0, "covered_branches": 0, "missing_branches": 2}, "missing_lines": [39, 40, 41, 43, 64, 65, 66, 67, 68, 69, 70, 71, 72, 73, 74], "excluded_lines": [], "executed_branches": [], "missing_branches": [[39, 40], [39, 43]]}, "main": {"executed_lines": [], "summary": {"covered_lines": 0, "num_statements": 15, "percent_covered": 0.0, "percent_covered_display": "0.00", "missing_lines": 15, "excluded_lines": 0, "num_branches": 4, "num_partial_branches": 0, "covered_branches": 0, "missing_branches": 4}, "missing_lines": [79, 81, 85, 87, 88, 89, 90, 93, 94, 95, 96, 99, 101, 102, 103], "excluded_lines": [], "executed_branches": [], "missing_branches": [[88, 89], [88, 93], [94, 95], [94, 99]]}, "": {"executed_lines": [1, 2, 3, 5, 6, 7, 9, 12, 16, 19, 32, 77, 106], "summary": {"covered_lines": 12, "num_statements": 12, "percent_covered": 100.0, "percent_covered_display": "100.00", "missing_lines": 0, "excluded_lines": 2, "num_branches": 0, "num_partial_branches": 0, "covered_branches": 0, "missing_branches": 0}, "missing_lines": [], "excluded_lines": [106, 107], "executed_branches": [], "missing_branches": []}}, "classes": {"": {"executed_lines": [1, 2, 3, 5, 6, 7, 9, 12, 16, 19, 32, 77, 106], "summary": {"covered_lines": 12, "num_statements": 51, "percent_covered": 21.05263157894737, "percent_covered_display": "21.05", "missing_lines": 39, "excluded_lines": 2, "num_branches": 6, "num_partial_branches": 0, "covered_branches": 0, "missing_branches": 6}, "missing_lines": [21, 22, 23, 24, 25, 26, 27, 28, 29, 39, 40, 41, 43, 64, 65, 66, 67, 68, 69, 70, 71, 72, 73, 74, 79, 81, 85, 87, 88, 89, 90, 93, 94, 95, 96, 99, 101, 102, 103], "excluded_lines": [106, 107], "executed_branches": [], "missing_branches": [[39, 40], [39, 43], [88, 89], [88, 93], [94, 95], [94, 99]]}}}, "evaluation/__init__.py": {"executed_lines": [], "summary": {"covered_lines": 0, "num_statements": 0, "percent_covered": 100.0, "percent_covered_display": "100.00", "missing_lines": 0, "excluded_lines": 0, "num_branches": 0, "num_partial_branches": 0, "covered_branches": 0, "missing_branches": 0}, "missing_lines": [], "excluded_lines": [], "executed_branches": [], "missing_branches": [], "functions": {"": {"executed_lines": [], "summary": {"covered_lines": 0, "num_statements": 0, "percent_covered": 100.0, "percent_covered_display": "100.00", "missing_lines": 0, "excluded_lines": 0, "num_branches": 0, "num_partial_branches": 0, "covered_branches": 0, "missing_branches": 0}, "missing_lines": [], "excluded_lines": [], "executed_branches": [], "missing_branches": []}}, "classes": {"": {"executed_lines": [], "summary": {"covered_lines": 0, "num_statements": 0, "percent_covered": 100.0, "percent_covered_display": "100.00", "missing_lines": 0, "excluded_lines": 0, "num_branches": 0, "num_partial_branches": 0, "covered_branches": 0, "missing_branches": 0}, "missing_lines": [], "excluded_lines": [], "executed_branches": [], "missing_branches": []}}}, "infra/__init__.py": {"executed_lines": [], "summary": {"covered_lines": 0, "num_statements": 0, "percent_covered": 100.0, "percent_covered_display": "100.00", "missing_lines": 0, "excluded_lines": 0, "num_branches": 0, "num_partial_branches": 0, "covered_branches": 0, "missing_branches": 0}, "missing_lines": [], "excluded_lines": [], "executed_branches": [], "missing_branches": [], "functions": {"": {"executed_lines": [], "summary": {"covered_lines": 0, "num_statements": 0, "percent_covered": 100.0, "percent_covered_display": "100.00", "missing_lines": 0, "excluded_lines": 0, "num_branches": 0, "num_partial_branches": 0, "covered_branches": 0, "missing_branches": 0}, "missing_lines": [], "excluded_lines": [], "executed_branches": [], "missing_branches": []}}, "classes": {"": {"executed_lines": [], "summary": {"covered_lines": 0, "num_statements": 0, "percent_covered": 100.0, "percent_covered_display": "100.00", "missing_lines": 0, "excluded_lines": 0, "num_branches": 0, "num_partial_branches": 0, "covered_branches": 0, "missing_branches": 0}, "missing_lines": [], "excluded_lines": [], "executed_branches": [], "missing_branches": []}}}, "models/__init__.py": {"executed_lines": [], "summary": {"covered_lines": 0, "num_statements": 0, "percent_covered": 100.0, "percent_covered_display": "100.00", "missing_lines": 0, "excluded_lines": 0, "num_branches": 0, "num_partial_branches": 0, "covered_branches": 0, "missing_branches": 0}, "missing_lines": [], "excluded_lines": [], "executed_branches": [], "missing_branches": [], "functions": {"": {"executed_lines": [], "summary": {"covered_lines": 0, "num_statements": 0, "percent_covered": 100.0, "percent_covered_display": "100.00", "missing_lines": 0, "excluded_lines": 0, "num_branches": 0, "num_partial_branches": 0, "covered_branches": 0, "missing_branches": 0}, "missing_lines": [], "excluded_lines": [], "executed_branches": [], "missing_branches": []}}, "classes": {"": {"executed_lines": [], "summary": {"covered_lines": 0, "num_statements": 0, "percent_covered": 100.0, "percent_covered_display": "100.00", "missing_lines": 0, "excluded_lines": 0, "num_branches": 0, "num_partial_branches": 0, "covered_branches": 0, "missing_branches": 0}, "missing_lines": [], "excluded_lines": [], "executed_branches": [], "missing_branches": []}}}, "models/artifacts/__init__.py": {"executed_lines": [], "summary": {"covered_lines": 0, "num_statements": 0, "percent_covered": 100.0, "percent_covered_display": "100.00", "missing_lines": 0, "excluded_lines": 0, "num_branches": 0, "num_partial_branches": 0, "covered_branches": 0, "missing_branches": 0}, "missing_lines": [], "excluded_lines": [], "executed_branches": [], "missing_branches": [], "functions": {"": {"executed_lines": [], "summary": {"covered_lines": 0, "num_statements": 0, "percent_covered": 100.0, "percent_covered_display": "100.00", "missing_lines": 0, "excluded_lines": 0, "num_branches": 0, "num_partial_branches": 0, "covered_branches": 0, "missing_branches": 0}, "missing_lines": [], "excluded_lines": [], "executed_branches": [], "missing_branches": []}}, "classes": {"": {"executed_lines": [], "summary": {"covered_lines": 0, "num_statements": 0, "percent_covered": 100.0, "percent_covered_display": "100.00", "missing_lines": 0, "excluded_lines": 0, "num_branches": 0, "num_partial_branches": 0, "covered_branches": 0, "missing_branches": 0}, "missing_lines": [], "excluded_lines": [], "executed_branches": [], "missing_branches": []}}}, "models/registry.py": {"executed_lines": [1, 5, 6, 7, 8, 9, 10, 12, 14, 16, 20, 21, 22, 24, 25, 26, 27, 28, 31, 32, 33, 34, 37, 38, 39, 40, 43, 44, 47, 48, 50, 55, 56, 57, 59, 60, 61, 62, 65, 66, 68, 75, 76, 79, 80, 82, 84, 85, 86, 95, 100, 162, 178, 215, 219, 226, 247, 272, 295], "summary": {"covered_lines": 55, "num_statements": 154, "percent_covered": 26.923076923076923, "percent_covered_display": "26.92", "missing_lines": 99, "excluded_lines": 0, "num_branches": 54, "num_partial_branches": 1, "covered_branches": 1, "missing_branches": 53}, "missing_lines": [51, 52, 88, 93, 97, 98, 117, 118, 120, 123, 124, 127, 128, 129, 132, 133, 136, 137, 140, 141, 143, 150, 153, 154, 156, 158, 160, 165, 166, 167, 170, 171, 172, 173, 174, 176, 189, 190, 191, 192, 195, 196, 197, 198, 199, 200, 201, 202, 203, 205, 206, 209, 210, 212, 213, 217, 221, 222, 223, 224, 228, 229, 230, 231, 232, 233, 235, 236, 238, 239, 242, 243, 245, 249, 250, 253, 254, 257, 258, 259, 261, 264, 268, 270, 274, 275, 278, 279, 280, 281, 282, 284, 285, 287, 288, 289, 291, 297, 305], "excluded_lines": [], "executed_branches": [[84, 85]], "missing_branches": [[51, -50], [51, 52], [84, 88], [140, 141], [140, 143], [153, 154], [153, 156], [165, 166], [165, 170], [166, 167], [166, 170], [170, 171], [170, 176], [171, 170], [171, 172], [189, 190], [189, 195], [191, 192], [191, 195], [196, 197], [196, 205], [197, 198], [197, 205], [198, 197], [198, 199], [205, 206], [205, 209], [222, 223], [222, 224], [229, 230], [229, 235], [230, 231], [230, 235], [231, 230], [231, 232], [235, 236], [235, 238], [242, 243], [242, 245], [249, 250], [249, 253], [253, 254], [253, 257], [258, 259], [258, 264], [274, 275], [274, 278], [279, 280], [279, 284], [280, 279], [280, 281], [284, 285], [284, 287]], "functions": {"ModelMetadata.__post_init__": {"executed_lines": [], "summary": {"covered_lines": 0, "num_statements": 2, "percent_covered": 0.0, "percent_covered_display": "0.00", "missing_lines": 2, "excluded_lines": 0, "num_branches": 2, "num_partial_branches": 0, "covered_branches": 0, "missing_branches": 2}, "missing_lines": [51, 52], "excluded_lines": [], "executed_branches": [], "missing_branches": [[51, -50], [51, 52]]}, "ModelRegistry.__init__": {"executed_lines": [75, 76, 79, 80], "summary": {"covered_lines": 4, "num_statements": 4, "percent_covered": 100.0, "percent_covered_display": "100.00", "missing_lines": 0, "excluded_lines": 0, "num_branches": 0, "num_partial_branches": 0, "covered_branches": 0, "missing_branches": 0}, "missing_lines": [], "excluded_lines": [], "executed_branches": [], "missing_branches": []}, "ModelRegistry._load_index": {"executed_lines": [84, 85, 86], "summary": {"covered_lines": 3, "num_statements": 5, "percent_covered": 57.142857142857146, "percent_covered_display": "57.14", "missing_lines": 2, "excluded_lines": 0, "num_branches": 2, "num_partial_branches": 1, "covered_branches": 1, "missing_branches": 1}, "missing_lines": [88, 93], "excluded_lines": [], "executed_branches": [[84, 85]], "missing_branches": [[84, 88]]}, "ModelRegistry._save_index": {"executed_lines": [], "summary": {"covered_lines": 0, "num_statements": 2, "percent_covered": 0.0, "percent_covered_display": "0.00", "missing_lines": 2, "excluded_lines": 0, "num_branches": 0, "num_partial_branches": 0, "covered_branches": 0, "missing_branches": 0}, "missing_lines": [97, 98], "excluded_lines": [], "executed_branches": [], "missing_branches": []}, "ModelRegistry.register_model": {"executed_lines": [], "summary": {"covered_lines": 0, "num_statements": 21, "percent_covered": 0.0, "percent_covered_display": "0.00", "missing_lines": 21, "excluded_lines": 0, "num_branches": 4, "num_partial_branches": 0, "covered_branches": 0, "missing_branches": 4}, "missing_lines": [117, 118, 120, 123, 124, 127, 128, 129, 132, 133, 136, 137, 140, 141, 143, 150, 153, 154, 156, 158, 160], "excluded_lines": [], "executed_branches": [], "missing_branches": [[140, 141], [140, 143], [153, 154], [153, 156]]}, "ModelRegistry._set_active_version": {"executed_lines": [], "summary": {"covered_lines": 0, "num_statements": 9, "percent_covered": 0.0, "percent_covered_display": "0.00", "missing_lines": 9, "excluded_lines": 0, "num_branches": 8, "num_partial_branches": 0, "covered_branches": 0, "missing_branches": 8}, "missing_lines": [165, 166, 167, 170, 171, 172, 173, 174, 176], "excluded_lines": [], "executed_branches": [], "missing_branches": [[165, 166], [165, 170], [166, 167], [166, 170], [170, 171], [170, 176], [171, 170], [171, 172]]}, "ModelRegistry.load_model": {"executed_lines": [], "summary": {"covered_lines": 0, "num_statements": 19, "percent_covered": 0.0, "percent_covered_display": "0.00", "missing_lines": 19, "excluded_lines": 0, "num_branches": 12, "num_partial_branches": 0, "covered_branches": 0, "missing_branches": 12}, "missing_lines": [189, 190, 191, 192, 195, 196, 197, 198, 199, 200, 201, 202, 203, 205, 206, 209, 210, 212, 213], "excluded_lines": [], "executed_branches": [], "missing_branches": [[189, 190], [189, 195], [191, 192], [191, 195], [196, 197], [196, 205], [197, 198], [197, 205], [198, 197], [198, 199], [205, 206], [205, 209]]}, "ModelRegistry.get_active_version": {"executed_lines": [], "summary": {"covered_lines": 0, "num_statements": 1, "percent_covered": 0.0, "percent_covered_display": "0.00", "missing_lines": 1, "excluded_lines": 0, "num_branches": 0, "num_partial_branches": 0, "covered_branches": 0, "missing_branches": 0}, "missing_lines": [217], "excluded_lines": [], "executed_branches": [], "missing_branches": []}, "ModelRegistry.list_models": {"executed_lines": [], "summary": {"covered_lines": 0, "num_statements": 4, "percent_covered": 0.0, "percent_covered_display": "0.00", "missing_lines": 4, "excluded_lines": 0, "num_branches": 2, "num_partial_branches": 0, "covered_branches": 0, "missing_branches": 2}, "missing_lines": [221, 222, 223, 224], "excluded_lines": [], "executed_branches": [], "missing_branches": [[222, 223], [222, 224]]}, "ModelRegistry.get_model_metadata": {"executed_lines": [], "summary": {"covered_lines": 0, "num_statements": 13, "percent_covered": 0.0, "percent_covered_display": "0.00", "missing_lines": 13, "excluded_lines": 0, "num_branches": 10, "num_partial_branches": 0, "covered_branches": 0, "missing_branches": 10}, "missing_lines": [228, 229, 230, 231, 232, 233, 235, 236, 238, 239, 242, 243, 245], "excluded_lines": [], "executed_branches": [], "missing_branches": [[229, 230], [229, 235], [230, 231], [230, 235], [231, 230], [231, 232], [235, 236], [235, 238], [242, 243], [242, 245]]}, "ModelRegistry.delete_model_version": {"executed_lines": [], "summary": {"covered_lines": 0, "num_statements": 11, "percent_covered": 0.0, "percent_covered_display": "0.00", "missing_lines": 11, "excluded_lines": 0, "num_branches": 6, "num_partial_branches": 0, "covered_branches": 0, "missing_branches": 6}, "missing_lines": [249, 250, 253, 254, 257, 258, 259, 261, 264, 268, 270], "excluded_lines": [], "executed_branches": [], "missing_branches": [[249, 250], [249, 253], [253, 254], [253, 257], [258, 259], [258, 264]]}, "ModelRegistry.promote_model": {"executed_lines": [], "summary": {"covered_lines": 0, "num_statements": 13, "percent_covered": 0.0, "percent_covered_display": "0.00", "missing_lines": 13, "excluded_lines": 0, "num_branches": 8, "num_partial_branches": 0, "covered_branches": 0, "missing_branches": 8}, "missing_lines": [274, 275, 278, 279, 280, 281, 282, 284, 285, 287, 288, 289, 291], "excluded_lines": [], "executed_branches": [], "missing_branches": [[274, 275], [274, 278], [279, 280], [279, 284], [280, 279], [280, 281], [284, 285], [284, 287]]}, "ModelRegistry.get_registry_stats": {"executed_lines": [], "summary": {"covered_lines": 0, "num_statements": 2, "percent_covered": 0.0, "percent_covered_display": "0.00", "missing_lines": 2, "excluded_lines": 0, "num_branches": 0, "num_partial_branches": 0, "covered_branches": 0, "missing_branches": 0}, "missing_lines": [297, 305], "excluded_lines": [], "executed_branches": [], "missing_branches": []}, "": {"executed_lines": [1, 5, 6, 7, 8, 9, 10, 12, 14, 16, 20, 21, 22, 24, 25, 26, 27, 28, 31, 32, 33, 34, 37, 38, 39, 40, 43, 44, 47, 48, 50, 55, 56, 57, 59, 60, 61, 62, 65, 66, 68, 82, 95, 100, 162, 178, 215, 219, 226, 247, 272, 295], "summary": {"covered_lines": 48, "num_statements": 48, "percent_covered": 100.0, "percent_covered_display": "100.00", "missing_lines": 0, "excluded_lines": 0, "num_branches": 0, "num_partial_branches": 0, "covered_branches": 0, "missing_branches": 0}, "missing_lines": [], "excluded_lines": [], "executed_branches": [], "missing_branches": []}}, "classes": {"ModelMetadata": {"executed_lines": [], "summary": {"covered_lines": 0, "num_statements": 2, "percent_covered": 0.0, "percent_covered_display": "0.00", "missing_lines": 2, "excluded_lines": 0, "num_branches": 2, "num_partial_branches": 0, "covered_branches": 0, "missing_branches": 2}, "missing_lines": [51, 52], "excluded_lines": [], "executed_branches": [], "missing_branches": [[51, -50], [51, 52]]}, "ModelVersion": {"executed_lines": [], "summary": {"covered_lines": 0, "num_statements": 0, "percent_covered": 100.0, "percent_covered_display": "100.00", "missing_lines": 0, "excluded_lines": 0, "num_branches": 0, "num_partial_branches": 0, "covered_branches": 0, "missing_branches": 0}, "missing_lines": [], "excluded_lines": [], "executed_branches": [], "missing_branches": []}, "ModelRegistry": {"executed_lines": [75, 76, 79, 80, 84, 85, 86], "summary": {"covered_lines": 7, "num_statements": 104, "percent_covered": 5.128205128205129, "percent_covered_display": "5.13", "missing_lines": 97, "excluded_lines": 0, "num_branches": 52, "num_partial_branches": 1, "covered_branches": 1, "missing_branches": 51}, "missing_lines": [88, 93, 97, 98, 117, 118, 120, 123, 124, 127, 128, 129, 132, 133, 136, 137, 140, 141, 143, 150, 153, 154, 156, 158, 160, 165, 166, 167, 170, 171, 172, 173, 174, 176, 189, 190, 191, 192, 195, 196, 197, 198, 199, 200, 201, 202, 203, 205, 206, 209, 210, 212, 213, 217, 221, 222, 223, 224, 228, 229, 230, 231, 232, 233, 235, 236, 238, 239, 242, 243, 245, 249, 250, 253, 254, 257, 258, 259, 261, 264, 268, 270, 274, 275, 278, 279, 280, 281, 282, 284, 285, 287, 288, 289, 291, 297, 305], "excluded_lines": [], "executed_branches": [[84, 85]], "missing_branches": [[84, 88], [140, 141], [140, 143], [153, 154], [153, 156], [165, 166], [165, 170], [166, 167], [166, 170], [170, 171], [170, 176], [171, 170], [171, 172], [189, 190], [189, 195], [191, 192], [191, 195], [196, 197], [196, 205], [197, 198], [197, 205], [198, 197], [198, 199], [205, 206], [205, 209], [222, 223], [222, 224], [229, 230], [229, 235], [230, 231], [230, 235], [231, 230], [231, 232], [235, 236], [235, 238], [242, 243], [242, 245], [249, 250], [249, 253], [253, 254], [253, 257], [258, 259], [258, 264], [274, 275], [274, 278], [279, 280], [279, 284], [280, 279], [280, 281], [284, 285], [284, 287]]}, "": {"executed_lines": [1, 5, 6, 7, 8, 9, 10, 12, 14, 16, 20, 21, 22, 24, 25, 26, 27, 28, 31, 32, 33, 34, 37, 38, 39, 40, 43, 44, 47, 48, 50, 55, 56, 57, 59, 60, 61, 62, 65, 66, 68, 82, 95, 100, 162, 178, 215, 219, 226, 247, 272, 295], "summary": {"covered_lines": 48, "num_statements": 48, "percent_covered": 100.0, "percent_covered_display": "100.00", "missing_lines": 0, "excluded_lines": 0, "num_branches": 0, "num_partial_branches": 0, "covered_branches": 0, "missing_branches": 0}, "missing_lines": [], "excluded_lines": [], "executed_branches": [], "missing_branches": []}}}}, "totals": {"covered_lines": 381, "num_statements": 930, "percent_covered": 35.47794117647059, "percent_covered_display": "35.48", "missing_lines": 549, "excluded_lines": 13, "num_branches": 158, "num_partial_branches": 3, "covered_branches": 5, "missing_branches": 153}}
