{"meta": {"format": 3, "version": "7.10.5", "timestamp": "2025-08-28T08:39:42.390862", "branch_coverage": false, "show_contexts": false}, "files": {"apps/__init__.py": {"executed_lines": [0], "summary": {"covered_lines": 0, "num_statements": 0, "percent_covered": 100.0, "percent_covered_display": "100", "missing_lines": 0, "excluded_lines": 0}, "missing_lines": [], "excluded_lines": [], "functions": {"": {"executed_lines": [], "summary": {"covered_lines": 0, "num_statements": 0, "percent_covered": 100.0, "percent_covered_display": "100", "missing_lines": 0, "excluded_lines": 0}, "missing_lines": [], "excluded_lines": []}}, "classes": {"": {"executed_lines": [], "summary": {"covered_lines": 0, "num_statements": 0, "percent_covered": 100.0, "percent_covered_display": "100", "missing_lines": 0, "excluded_lines": 0}, "missing_lines": [], "excluded_lines": []}}}, "apps/__pycache__/__init__.py": {"executed_lines": [], "summary": {"covered_lines": 0, "num_statements": 0, "percent_covered": 100.0, "percent_covered_display": "100", "missing_lines": 0, "excluded_lines": 0}, "missing_lines": [], "excluded_lines": [], "functions": {"": {"executed_lines": [], "summary": {"covered_lines": 0, "num_statements": 0, "percent_covered": 100.0, "percent_covered_display": "100", "missing_lines": 0, "excluded_lines": 0}, "missing_lines": [], "excluded_lines": []}}, "classes": {"": {"executed_lines": [], "summary": {"covered_lines": 0, "num_statements": 0, "percent_covered": 100.0, "percent_covered_display": "100", "missing_lines": 0, "excluded_lines": 0}, "missing_lines": [], "excluded_lines": []}}}, "apps/api/__init__.py": {"executed_lines": [0], "summary": {"covered_lines": 0, "num_statements": 0, "percent_covered": 100.0, "percent_covered_display": "100", "missing_lines": 0, "excluded_lines": 0}, "missing_lines": [], "excluded_lines": [], "functions": {"": {"executed_lines": [], "summary": {"covered_lines": 0, "num_statements": 0, "percent_covered": 100.0, "percent_covered_display": "100", "missing_lines": 0, "excluded_lines": 0}, "missing_lines": [], "excluded_lines": []}}, "classes": {"": {"executed_lines": [], "summary": {"covered_lines": 0, "num_statements": 0, "percent_covered": 100.0, "percent_covered_display": "100", "missing_lines": 0, "excluded_lines": 0}, "missing_lines": [], "excluded_lines": []}}}, "apps/api/__pycache__/__init__.py": {"executed_lines": [], "summary": {"covered_lines": 0, "num_statements": 0, "percent_covered": 100.0, "percent_covered_display": "100", "missing_lines": 0, "excluded_lines": 0}, "missing_lines": [], "excluded_lines": [], "functions": {"": {"executed_lines": [], "summary": {"covered_lines": 0, "num_statements": 0, "percent_covered": 100.0, "percent_covered_display": "100", "missing_lines": 0, "excluded_lines": 0}, "missing_lines": [], "excluded_lines": []}}, "classes": {"": {"executed_lines": [], "summary": {"covered_lines": 0, "num_statements": 0, "percent_covered": 100.0, "percent_covered_display": "100", "missing_lines": 0, "excluded_lines": 0}, "missing_lines": [], "excluded_lines": []}}}, "apps/api/core/__init__.py": {"executed_lines": [0], "summary": {"covered_lines": 0, "num_statements": 0, "percent_covered": 100.0, "percent_covered_display": "100", "missing_lines": 0, "excluded_lines": 0}, "missing_lines": [], "excluded_lines": [], "functions": {"": {"executed_lines": [], "summary": {"covered_lines": 0, "num_statements": 0, "percent_covered": 100.0, "percent_covered_display": "100", "missing_lines": 0, "excluded_lines": 0}, "missing_lines": [], "excluded_lines": []}}, "classes": {"": {"executed_lines": [], "summary": {"covered_lines": 0, "num_statements": 0, "percent_covered": 100.0, "percent_covered_display": "100", "missing_lines": 0, "excluded_lines": 0}, "missing_lines": [], "excluded_lines": []}}}, "apps/api/core/__pycache__/__init__.py": {"executed_lines": [], "summary": {"covered_lines": 0, "num_statements": 0, "percent_covered": 100.0, "percent_covered_display": "100", "missing_lines": 0, "excluded_lines": 0}, "missing_lines": [], "excluded_lines": [], "functions": {"": {"executed_lines": [], "summary": {"covered_lines": 0, "num_statements": 0, "percent_covered": 100.0, "percent_covered_display": "100", "missing_lines": 0, "excluded_lines": 0}, "missing_lines": [], "excluded_lines": []}}, "classes": {"": {"executed_lines": [], "summary": {"covered_lines": 0, "num_statements": 0, "percent_covered": 100.0, "percent_covered_display": "100", "missing_lines": 0, "excluded_lines": 0}, "missing_lines": [], "excluded_lines": []}}}, "apps/api/core/logging.py": {"executed_lines": [1, 5, 6, 7, 9, 11, 14, 49, 54, 60], "summary": {"covered_lines": 9, "num_statements": 19, "percent_covered": 47.36842105263158, "percent_covered_display": "47", "missing_lines": 10, "excluded_lines": 0}, "missing_lines": [18, 25, 26, 28, 30, 51, 56, 57, 64, 65], "excluded_lines": [], "functions": {"setup_logging": {"executed_lines": [], "summary": {"covered_lines": 0, "num_statements": 5, "percent_covered": 0.0, "percent_covered_display": "0", "missing_lines": 5, "excluded_lines": 0}, "missing_lines": [18, 25, 26, 28, 30], "excluded_lines": []}, "get_logger_with_trace": {"executed_lines": [], "summary": {"covered_lines": 0, "num_statements": 1, "percent_covered": 0.0, "percent_covered_display": "0", "missing_lines": 1, "excluded_lines": 0}, "missing_lines": [51], "excluded_lines": []}, "log_api_request": {"executed_lines": [], "summary": {"covered_lines": 0, "num_statements": 2, "percent_covered": 0.0, "percent_covered_display": "0", "missing_lines": 2, "excluded_lines": 0}, "missing_lines": [56, 57], "excluded_lines": []}, "log_api_response": {"executed_lines": [], "summary": {"covered_lines": 0, "num_statements": 2, "percent_covered": 0.0, "percent_covered_display": "0", "missing_lines": 2, "excluded_lines": 0}, "missing_lines": [64, 65], "excluded_lines": []}, "": {"executed_lines": [1, 5, 6, 7, 9, 11, 14, 49, 54, 60], "summary": {"covered_lines": 9, "num_statements": 9, "percent_covered": 100.0, "percent_covered_display": "100", "missing_lines": 0, "excluded_lines": 0}, "missing_lines": [], "excluded_lines": []}}, "classes": {"": {"executed_lines": [1, 5, 6, 7, 9, 11, 14, 49, 54, 60], "summary": {"covered_lines": 9, "num_statements": 19, "percent_covered": 47.36842105263158, "percent_covered_display": "47", "missing_lines": 10, "excluded_lines": 0}, "missing_lines": [18, 25, 26, 28, 30, 51, 56, 57, 64, 65], "excluded_lines": []}}}, "apps/api/core/settings.py": {"executed_lines": [3, 4, 7, 9, 10, 11, 12, 18, 19, 22, 25, 26, 29, 30, 31, 34, 35, 38, 39, 42, 45, 48, 49, 51, 52, 53, 54, 57], "summary": {"covered_lines": 28, "num_statements": 28, "percent_covered": 100.0, "percent_covered_display": "100", "missing_lines": 0, "excluded_lines": 0}, "missing_lines": [], "excluded_lines": [], "functions": {"": {"executed_lines": [3, 4, 7, 9, 10, 11, 12, 18, 19, 22, 25, 26, 29, 30, 31, 34, 35, 38, 39, 42, 45, 48, 49, 51, 52, 53, 54, 57], "summary": {"covered_lines": 28, "num_statements": 28, "percent_covered": 100.0, "percent_covered_display": "100", "missing_lines": 0, "excluded_lines": 0}, "missing_lines": [], "excluded_lines": []}}, "classes": {"Settings": {"executed_lines": [], "summary": {"covered_lines": 0, "num_statements": 0, "percent_covered": 100.0, "percent_covered_display": "100", "missing_lines": 0, "excluded_lines": 0}, "missing_lines": [], "excluded_lines": []}, "Settings.Config": {"executed_lines": [], "summary": {"covered_lines": 0, "num_statements": 0, "percent_covered": 100.0, "percent_covered_display": "100", "missing_lines": 0, "excluded_lines": 0}, "missing_lines": [], "excluded_lines": []}, "": {"executed_lines": [3, 4, 7, 9, 10, 11, 12, 18, 19, 22, 25, 26, 29, 30, 31, 34, 35, 38, 39, 42, 45, 48, 49, 51, 52, 53, 54, 57], "summary": {"covered_lines": 28, "num_statements": 28, "percent_covered": 100.0, "percent_covered_display": "100", "missing_lines": 0, "excluded_lines": 0}, "missing_lines": [], "excluded_lines": []}}}, "apps/api/dependencies/__init__.py": {"executed_lines": [], "summary": {"covered_lines": 0, "num_statements": 0, "percent_covered": 100.0, "percent_covered_display": "100", "missing_lines": 0, "excluded_lines": 0}, "missing_lines": [], "excluded_lines": [], "functions": {"": {"executed_lines": [], "summary": {"covered_lines": 0, "num_statements": 0, "percent_covered": 100.0, "percent_covered_display": "100", "missing_lines": 0, "excluded_lines": 0}, "missing_lines": [], "excluded_lines": []}}, "classes": {"": {"executed_lines": [], "summary": {"covered_lines": 0, "num_statements": 0, "percent_covered": 100.0, "percent_covered_display": "100", "missing_lines": 0, "excluded_lines": 0}, "missing_lines": [], "excluded_lines": []}}}, "apps/api/main.py": {"executed_lines": [1, 7, 9, 10, 11, 13, 14, 18, 19, 21, 22, 23, 24, 25, 26, 27, 30, 31, 33, 35, 36, 37, 38, 41, 42, 45, 46, 48, 50, 51, 52, 56, 57, 58, 59, 62, 65, 66, 77, 78, 92, 93, 162, 163, 173], "summary": {"covered_lines": 41, "num_statements": 75, "percent_covered": 54.666666666666664, "percent_covered_display": "55", "missing_lines": 34, "excluded_lines": 0}, "missing_lines": [69, 70, 71, 72, 73, 74, 80, 81, 83, 84, 85, 87, 103, 104, 106, 107, 109, 111, 112, 113, 124, 127, 128, 131, 132, 133, 143, 144, 145, 156, 158, 159, 165, 175], "excluded_lines": [], "functions": {"startup_event": {"executed_lines": [], "summary": {"covered_lines": 0, "num_statements": 6, "percent_covered": 0.0, "percent_covered_display": "0", "missing_lines": 6, "excluded_lines": 0}, "missing_lines": [69, 70, 71, 72, 73, 74], "excluded_lines": []}, "get_version": {"executed_lines": [], "summary": {"covered_lines": 0, "num_statements": 6, "percent_covered": 0.0, "percent_covered_display": "0", "missing_lines": 6, "excluded_lines": 0}, "missing_lines": [80, 81, 83, 84, 85, 87], "excluded_lines": []}, "predict_matches": {"executed_lines": [], "summary": {"covered_lines": 0, "num_statements": 20, "percent_covered": 0.0, "percent_covered_display": "0", "missing_lines": 20, "excluded_lines": 0}, "missing_lines": [103, 104, 106, 107, 109, 111, 112, 113, 124, 127, 128, 131, 132, 133, 143, 144, 145, 156, 158, 159], "excluded_lines": []}, "root": {"executed_lines": [], "summary": {"covered_lines": 0, "num_statements": 1, "percent_covered": 0.0, "percent_covered_display": "0", "missing_lines": 1, "excluded_lines": 0}, "missing_lines": [165], "excluded_lines": []}, "": {"executed_lines": [1, 7, 9, 10, 11, 13, 14, 18, 19, 21, 22, 23, 24, 25, 26, 27, 30, 31, 33, 35, 36, 37, 38, 41, 42, 45, 46, 48, 50, 51, 52, 56, 57, 58, 59, 62, 65, 66, 77, 78, 92, 93, 162, 163, 173], "summary": {"covered_lines": 41, "num_statements": 42, "percent_covered": 97.61904761904762, "percent_covered_display": "98", "missing_lines": 1, "excluded_lines": 0}, "missing_lines": [175], "excluded_lines": []}}, "classes": {"MatchInput": {"executed_lines": [], "summary": {"covered_lines": 0, "num_statements": 0, "percent_covered": 100.0, "percent_covered_display": "100", "missing_lines": 0, "excluded_lines": 0}, "missing_lines": [], "excluded_lines": []}, "PredictionOutput": {"executed_lines": [], "summary": {"covered_lines": 0, "num_statements": 0, "percent_covered": 100.0, "percent_covered_display": "100", "missing_lines": 0, "excluded_lines": 0}, "missing_lines": [], "excluded_lines": []}, "VersionResponse": {"executed_lines": [], "summary": {"covered_lines": 0, "num_statements": 0, "percent_covered": 100.0, "percent_covered_display": "100", "missing_lines": 0, "excluded_lines": 0}, "missing_lines": [], "excluded_lines": []}, "": {"executed_lines": [1, 7, 9, 10, 11, 13, 14, 18, 19, 21, 22, 23, 24, 25, 26, 27, 30, 31, 33, 35, 36, 37, 38, 41, 42, 45, 46, 48, 50, 51, 52, 56, 57, 58, 59, 62, 65, 66, 77, 78, 92, 93, 162, 163, 173], "summary": {"covered_lines": 41, "num_statements": 75, "percent_covered": 54.666666666666664, "percent_covered_display": "55", "missing_lines": 34, "excluded_lines": 0}, "missing_lines": [69, 70, 71, 72, 73, 74, 80, 81, 83, 84, 85, 87, 103, 104, 106, 107, 109, 111, 112, 113, 124, 127, 128, 131, 132, 133, 143, 144, 145, 156, 158, 159, 165, 175], "excluded_lines": []}}}, "apps/api/routers/__init__.py": {"executed_lines": [0], "summary": {"covered_lines": 0, "num_statements": 0, "percent_covered": 100.0, "percent_covered_display": "100", "missing_lines": 0, "excluded_lines": 0}, "missing_lines": [], "excluded_lines": [], "functions": {"": {"executed_lines": [], "summary": {"covered_lines": 0, "num_statements": 0, "percent_covered": 100.0, "percent_covered_display": "100", "missing_lines": 0, "excluded_lines": 0}, "missing_lines": [], "excluded_lines": []}}, "classes": {"": {"executed_lines": [], "summary": {"covered_lines": 0, "num_statements": 0, "percent_covered": 100.0, "percent_covered_display": "100", "missing_lines": 0, "excluded_lines": 0}, "missing_lines": [], "excluded_lines": []}}}, "apps/api/routers/__pycache__/__init__.py": {"executed_lines": [], "summary": {"covered_lines": 0, "num_statements": 0, "percent_covered": 100.0, "percent_covered_display": "100", "missing_lines": 0, "excluded_lines": 0}, "missing_lines": [], "excluded_lines": [], "functions": {"": {"executed_lines": [], "summary": {"covered_lines": 0, "num_statements": 0, "percent_covered": 100.0, "percent_covered_display": "100", "missing_lines": 0, "excluded_lines": 0}, "missing_lines": [], "excluded_lines": []}}, "classes": {"": {"executed_lines": [], "summary": {"covered_lines": 0, "num_statements": 0, "percent_covered": 100.0, "percent_covered_display": "100", "missing_lines": 0, "excluded_lines": 0}, "missing_lines": [], "excluded_lines": []}}}, "apps/api/routers/health.py": {"executed_lines": [1, 5, 6, 8, 9, 10, 14, 15, 18, 19, 21, 22, 23, 24, 27, 28], "summary": {"covered_lines": 14, "num_statements": 27, "percent_covered": 51.851851851851855, "percent_covered_display": "52", "missing_lines": 13, "excluded_lines": 0}, "missing_lines": [38, 39, 40, 44, 51, 58, 65, 71, 72, 74, 81, 82, 83], "excluded_lines": [], "functions": {"health_check": {"executed_lines": [], "summary": {"covered_lines": 0, "num_statements": 13, "percent_covered": 0.0, "percent_covered_display": "0", "missing_lines": 13, "excluded_lines": 0}, "missing_lines": [38, 39, 40, 44, 51, 58, 65, 71, 72, 74, 81, 82, 83], "excluded_lines": []}, "": {"executed_lines": [1, 5, 6, 8, 9, 10, 14, 15, 18, 19, 21, 22, 23, 24, 27, 28], "summary": {"covered_lines": 14, "num_statements": 14, "percent_covered": 100.0, "percent_covered_display": "100", "missing_lines": 0, "excluded_lines": 0}, "missing_lines": [], "excluded_lines": []}}, "classes": {"HealthResponse": {"executed_lines": [], "summary": {"covered_lines": 0, "num_statements": 0, "percent_covered": 100.0, "percent_covered_display": "100", "missing_lines": 0, "excluded_lines": 0}, "missing_lines": [], "excluded_lines": []}, "": {"executed_lines": [1, 5, 6, 8, 9, 10, 14, 15, 18, 19, 21, 22, 23, 24, 27, 28], "summary": {"covered_lines": 14, "num_statements": 27, "percent_covered": 51.851851851851855, "percent_covered_display": "52", "missing_lines": 13, "excluded_lines": 0}, "missing_lines": [38, 39, 40, 44, 51, 58, 65, 71, 72, 74, 81, 82, 83], "excluded_lines": []}}}, "apps/api/routers/metrics.py": {"executed_lines": [1, 5, 7, 8, 9, 19, 20, 23, 24, 27, 31, 38, 41, 42, 45, 46], "summary": {"covered_lines": 15, "num_statements": 26, "percent_covered": 57.69230769230769, "percent_covered_display": "58", "missing_lines": 11, "excluded_lines": 0}, "missing_lines": [56, 58, 59, 62, 63, 66, 68, 70, 72, 73, 74], "excluded_lines": [], "functions": {"get_metrics": {"executed_lines": [], "summary": {"covered_lines": 0, "num_statements": 11, "percent_covered": 0.0, "percent_covered_display": "0", "missing_lines": 11, "excluded_lines": 0}, "missing_lines": [56, 58, 59, 62, 63, 66, 68, 70, 72, 73, 74], "excluded_lines": []}, "": {"executed_lines": [1, 5, 7, 8, 9, 19, 20, 23, 24, 27, 31, 38, 41, 42, 45, 46], "summary": {"covered_lines": 15, "num_statements": 15, "percent_covered": 100.0, "percent_covered_display": "100", "missing_lines": 0, "excluded_lines": 0}, "missing_lines": [], "excluded_lines": []}}, "classes": {"": {"executed_lines": [1, 5, 7, 8, 9, 19, 20, 23, 24, 27, 31, 38, 41, 42, 45, 46], "summary": {"covered_lines": 15, "num_statements": 26, "percent_covered": 57.69230769230769, "percent_covered_display": "58", "missing_lines": 11, "excluded_lines": 0}, "missing_lines": [56, 58, 59, 62, 63, 66, 68, 70, 72, 73, 74], "excluded_lines": []}}}, "apps/api/routers/predictions.py": {"executed_lines": [1, 5, 6, 7, 9, 10, 11, 13, 14, 15, 19, 20, 22, 25, 26, 28, 29, 30, 33, 34, 36, 39, 40, 42, 43, 44, 45, 46, 47, 48, 51, 52, 54, 55, 56, 60, 61, 99, 100, 141, 142], "summary": {"covered_lines": 35, "num_statements": 63, "percent_covered": 55.55555555555556, "percent_covered_display": "56", "missing_lines": 28, "excluded_lines": 0}, "missing_lines": [67, 69, 75, 85, 92, 94, 95, 96, 106, 107, 109, 110, 115, 124, 126, 132, 134, 136, 137, 138, 149, 154, 177, 184, 186, 188, 189, 190], "excluded_lines": [], "functions": {"predict_single_match": {"executed_lines": [], "summary": {"covered_lines": 0, "num_statements": 8, "percent_covered": 0.0, "percent_covered_display": "0", "missing_lines": 8, "excluded_lines": 0}, "missing_lines": [67, 69, 75, 85, 92, 94, 95, 96], "excluded_lines": []}, "predict_batch_matches": {"executed_lines": [], "summary": {"covered_lines": 0, "num_statements": 12, "percent_covered": 0.0, "percent_covered_display": "0", "missing_lines": 12, "excluded_lines": 0}, "missing_lines": [106, 107, 109, 110, 115, 124, 126, 132, 134, 136, 137, 138], "excluded_lines": []}, "get_prediction_history": {"executed_lines": [], "summary": {"covered_lines": 0, "num_statements": 8, "percent_covered": 0.0, "percent_covered_display": "0", "missing_lines": 8, "excluded_lines": 0}, "missing_lines": [149, 154, 177, 184, 186, 188, 189, 190], "excluded_lines": []}, "": {"executed_lines": [1, 5, 6, 7, 9, 10, 11, 13, 14, 15, 19, 20, 22, 25, 26, 28, 29, 30, 33, 34, 36, 39, 40, 42, 43, 44, 45, 46, 47, 48, 51, 52, 54, 55, 56, 60, 61, 99, 100, 141, 142], "summary": {"covered_lines": 35, "num_statements": 35, "percent_covered": 100.0, "percent_covered_display": "100", "missing_lines": 0, "excluded_lines": 0}, "missing_lines": [], "excluded_lines": []}}, "classes": {"PredictionRequest": {"executed_lines": [], "summary": {"covered_lines": 0, "num_statements": 0, "percent_covered": 100.0, "percent_covered_display": "100", "missing_lines": 0, "excluded_lines": 0}, "missing_lines": [], "excluded_lines": []}, "SingleMatchPredictionRequest": {"executed_lines": [], "summary": {"covered_lines": 0, "num_statements": 0, "percent_covered": 100.0, "percent_covered_display": "100", "missing_lines": 0, "excluded_lines": 0}, "missing_lines": [], "excluded_lines": []}, "BatchMatchPredictionRequest": {"executed_lines": [], "summary": {"covered_lines": 0, "num_statements": 0, "percent_covered": 100.0, "percent_covered_display": "100", "missing_lines": 0, "excluded_lines": 0}, "missing_lines": [], "excluded_lines": []}, "PredictionResponse": {"executed_lines": [], "summary": {"covered_lines": 0, "num_statements": 0, "percent_covered": 100.0, "percent_covered_display": "100", "missing_lines": 0, "excluded_lines": 0}, "missing_lines": [], "excluded_lines": []}, "BatchPredictionResponse": {"executed_lines": [], "summary": {"covered_lines": 0, "num_statements": 0, "percent_covered": 100.0, "percent_covered_display": "100", "missing_lines": 0, "excluded_lines": 0}, "missing_lines": [], "excluded_lines": []}, "": {"executed_lines": [1, 5, 6, 7, 9, 10, 11, 13, 14, 15, 19, 20, 22, 25, 26, 28, 29, 30, 33, 34, 36, 39, 40, 42, 43, 44, 45, 46, 47, 48, 51, 52, 54, 55, 56, 60, 61, 99, 100, 141, 142], "summary": {"covered_lines": 35, "num_statements": 63, "percent_covered": 55.55555555555556, "percent_covered_display": "56", "missing_lines": 28, "excluded_lines": 0}, "missing_lines": [67, 69, 75, 85, 92, 94, 95, 96, 106, 107, 109, 110, 115, 124, 126, 132, 134, 136, 137, 138, 149, 154, 177, 184, 186, 188, 189, 190], "excluded_lines": []}}}, "apps/backtest/__init__.py": {"executed_lines": [0], "summary": {"covered_lines": 0, "num_statements": 0, "percent_covered": 100.0, "percent_covered_display": "100", "missing_lines": 0, "excluded_lines": 0}, "missing_lines": [], "excluded_lines": [], "functions": {"": {"executed_lines": [], "summary": {"covered_lines": 0, "num_statements": 0, "percent_covered": 100.0, "percent_covered_display": "100", "missing_lines": 0, "excluded_lines": 0}, "missing_lines": [], "excluded_lines": []}}, "classes": {"": {"executed_lines": [], "summary": {"covered_lines": 0, "num_statements": 0, "percent_covered": 100.0, "percent_covered_display": "100", "missing_lines": 0, "excluded_lines": 0}, "missing_lines": [], "excluded_lines": []}}}, "apps/backtest/__pycache__/__init__.py": {"executed_lines": [], "summary": {"covered_lines": 0, "num_statements": 0, "percent_covered": 100.0, "percent_covered_display": "100", "missing_lines": 0, "excluded_lines": 0}, "missing_lines": [], "excluded_lines": [], "functions": {"": {"executed_lines": [], "summary": {"covered_lines": 0, "num_statements": 0, "percent_covered": 100.0, "percent_covered_display": "100", "missing_lines": 0, "excluded_lines": 0}, "missing_lines": [], "excluded_lines": []}}, "classes": {"": {"executed_lines": [], "summary": {"covered_lines": 0, "num_statements": 0, "percent_covered": 100.0, "percent_covered_display": "100", "missing_lines": 0, "excluded_lines": 0}, "missing_lines": [], "excluded_lines": []}}}, "apps/backtest/engine.py": {"executed_lines": [1, 5, 6, 7, 9, 10, 11, 13, 16, 17, 18, 20, 21, 22, 23, 24, 27, 28, 29, 32, 33, 34, 35, 38, 39, 40, 43, 44, 47, 48, 50, 54, 163, 177, 224, 291, 307, 355, 382], "summary": {"covered_lines": 36, "num_statements": 152, "percent_covered": 23.68421052631579, "percent_covered_display": "24", "missing_lines": 116, "excluded_lines": 0}, "missing_lines": [52, 81, 90, 95, 96, 99, 102, 105, 109, 116, 119, 122, 125, 152, 154, 161, 171, 172, 173, 175, 181, 185, 191, 193, 201, 202, 204, 211, 212, 213, 216, 217, 218, 219, 220, 222, 228, 229, 231, 233, 234, 237, 238, 239, 240, 241, 242, 244, 245, 248, 249, 250, 252, 253, 256, 268, 271, 272, 273, 274, 277, 278, 279, 280, 282, 293, 294, 297, 298, 300, 301, 302, 303, 305, 309, 310, 312, 313, 314, 316, 317, 320, 323, 326, 327, 328, 330, 332, 333, 338, 343, 344, 346, 347, 349, 357, 358, 360, 361, 364, 365, 368, 371, 372, 373, 374, 376, 384, 385, 388, 389, 393, 396, 397, 398, 412], "excluded_lines": [], "functions": {"BacktestEngine.__init__": {"executed_lines": [], "summary": {"covered_lines": 0, "num_statements": 1, "percent_covered": 0.0, "percent_covered_display": "0", "missing_lines": 1, "excluded_lines": 0}, "missing_lines": [52], "excluded_lines": []}, "BacktestEngine.run_backtest": {"executed_lines": [], "summary": {"covered_lines": 0, "num_statements": 15, "percent_covered": 0.0, "percent_covered_display": "0", "missing_lines": 15, "excluded_lines": 0}, "missing_lines": [81, 90, 95, 96, 99, 102, 105, 109, 116, 119, 122, 125, 152, 154, 161], "excluded_lines": []}, "BacktestEngine._merge_odds_data": {"executed_lines": [], "summary": {"covered_lines": 0, "num_statements": 4, "percent_covered": 0.0, "percent_covered_display": "0", "missing_lines": 4, "excluded_lines": 0}, "missing_lines": [171, 172, 173, 175], "excluded_lines": []}, "BacktestEngine._generate_predictions": {"executed_lines": [], "summary": {"covered_lines": 0, "num_statements": 16, "percent_covered": 0.0, "percent_covered_display": "0", "missing_lines": 16, "excluded_lines": 0}, "missing_lines": [181, 185, 191, 193, 201, 202, 204, 211, 212, 213, 216, 217, 218, 219, 220, 222], "excluded_lines": []}, "BacktestEngine._calculate_pnl": {"executed_lines": [], "summary": {"covered_lines": 0, "num_statements": 29, "percent_covered": 0.0, "percent_covered_display": "0", "missing_lines": 29, "excluded_lines": 0}, "missing_lines": [228, 229, 231, 233, 234, 237, 238, 239, 240, 241, 242, 244, 245, 248, 249, 250, 252, 253, 256, 268, 271, 272, 273, 274, 277, 278, 279, 280, 282], "excluded_lines": []}, "BacktestEngine._get_actual_result": {"executed_lines": [], "summary": {"covered_lines": 0, "num_statements": 9, "percent_covered": 0.0, "percent_covered_display": "0", "missing_lines": 9, "excluded_lines": 0}, "missing_lines": [293, 294, 297, 298, 300, 301, 302, 303, 305], "excluded_lines": []}, "BacktestEngine._calculate_accuracy_metrics": {"executed_lines": [], "summary": {"covered_lines": 0, "num_statements": 21, "percent_covered": 0.0, "percent_covered_display": "0", "missing_lines": 21, "excluded_lines": 0}, "missing_lines": [309, 310, 312, 313, 314, 316, 317, 320, 323, 326, 327, 328, 330, 332, 333, 338, 343, 344, 346, 347, 349], "excluded_lines": []}, "BacktestEngine._calculate_risk_metrics": {"executed_lines": [], "summary": {"covered_lines": 0, "num_statements": 12, "percent_covered": 0.0, "percent_covered_display": "0", "missing_lines": 12, "excluded_lines": 0}, "missing_lines": [357, 358, 360, 361, 364, 365, 368, 371, 372, 373, 374, 376], "excluded_lines": []}, "BacktestEngine.compare_strategies": {"executed_lines": [], "summary": {"covered_lines": 0, "num_statements": 9, "percent_covered": 0.0, "percent_covered_display": "0", "missing_lines": 9, "excluded_lines": 0}, "missing_lines": [384, 385, 388, 389, 393, 396, 397, 398, 412], "excluded_lines": []}, "": {"executed_lines": [1, 5, 6, 7, 9, 10, 11, 13, 16, 17, 18, 20, 21, 22, 23, 24, 27, 28, 29, 32, 33, 34, 35, 38, 39, 40, 43, 44, 47, 48, 50, 54, 163, 177, 224, 291, 307, 355, 382], "summary": {"covered_lines": 36, "num_statements": 36, "percent_covered": 100.0, "percent_covered_display": "100", "missing_lines": 0, "excluded_lines": 0}, "missing_lines": [], "excluded_lines": []}}, "classes": {"BacktestResult": {"executed_lines": [], "summary": {"covered_lines": 0, "num_statements": 0, "percent_covered": 100.0, "percent_covered_display": "100", "missing_lines": 0, "excluded_lines": 0}, "missing_lines": [], "excluded_lines": []}, "BacktestEngine": {"executed_lines": [], "summary": {"covered_lines": 0, "num_statements": 116, "percent_covered": 0.0, "percent_covered_display": "0", "missing_lines": 116, "excluded_lines": 0}, "missing_lines": [52, 81, 90, 95, 96, 99, 102, 105, 109, 116, 119, 122, 125, 152, 154, 161, 171, 172, 173, 175, 181, 185, 191, 193, 201, 202, 204, 211, 212, 213, 216, 217, 218, 219, 220, 222, 228, 229, 231, 233, 234, 237, 238, 239, 240, 241, 242, 244, 245, 248, 249, 250, 252, 253, 256, 268, 271, 272, 273, 274, 277, 278, 279, 280, 282, 293, 294, 297, 298, 300, 301, 302, 303, 305, 309, 310, 312, 313, 314, 316, 317, 320, 323, 326, 327, 328, 330, 332, 333, 338, 343, 344, 346, 347, 349, 357, 358, 360, 361, 364, 365, 368, 371, 372, 373, 374, 376, 384, 385, 388, 389, 393, 396, 397, 398, 412], "excluded_lines": []}, "": {"executed_lines": [1, 5, 6, 7, 9, 10, 11, 13, 16, 17, 18, 20, 21, 22, 23, 24, 27, 28, 29, 32, 33, 34, 35, 38, 39, 40, 43, 44, 47, 48, 50, 54, 163, 177, 224, 291, 307, 355, 382], "summary": {"covered_lines": 36, "num_statements": 36, "percent_covered": 100.0, "percent_covered_display": "100", "missing_lines": 0, "excluded_lines": 0}, "missing_lines": [], "excluded_lines": []}}}, "apps/backtest/reports/__init__.py": {"executed_lines": [], "summary": {"covered_lines": 0, "num_statements": 0, "percent_covered": 100.0, "percent_covered_display": "100", "missing_lines": 0, "excluded_lines": 0}, "missing_lines": [], "excluded_lines": [], "functions": {"": {"executed_lines": [], "summary": {"covered_lines": 0, "num_statements": 0, "percent_covered": 100.0, "percent_covered_display": "100", "missing_lines": 0, "excluded_lines": 0}, "missing_lines": [], "excluded_lines": []}}, "classes": {"": {"executed_lines": [], "summary": {"covered_lines": 0, "num_statements": 0, "percent_covered": 100.0, "percent_covered_display": "100", "missing_lines": 0, "excluded_lines": 0}, "missing_lines": [], "excluded_lines": []}}}, "apps/backtest/strategies/__init__.py": {"executed_lines": [], "summary": {"covered_lines": 0, "num_statements": 0, "percent_covered": 100.0, "percent_covered_display": "100", "missing_lines": 0, "excluded_lines": 0}, "missing_lines": [], "excluded_lines": [], "functions": {"": {"executed_lines": [], "summary": {"covered_lines": 0, "num_statements": 0, "percent_covered": 100.0, "percent_covered_display": "100", "missing_lines": 0, "excluded_lines": 0}, "missing_lines": [], "excluded_lines": []}}, "classes": {"": {"executed_lines": [], "summary": {"covered_lines": 0, "num_statements": 0, "percent_covered": 100.0, "percent_covered_display": "100", "missing_lines": 0, "excluded_lines": 0}, "missing_lines": [], "excluded_lines": []}}}, "apps/trainer/__init__.py": {"executed_lines": [0], "summary": {"covered_lines": 0, "num_statements": 0, "percent_covered": 100.0, "percent_covered_display": "100", "missing_lines": 0, "excluded_lines": 0}, "missing_lines": [], "excluded_lines": [], "functions": {"": {"executed_lines": [], "summary": {"covered_lines": 0, "num_statements": 0, "percent_covered": 100.0, "percent_covered_display": "100", "missing_lines": 0, "excluded_lines": 0}, "missing_lines": [], "excluded_lines": []}}, "classes": {"": {"executed_lines": [], "summary": {"covered_lines": 0, "num_statements": 0, "percent_covered": 100.0, "percent_covered_display": "100", "missing_lines": 0, "excluded_lines": 0}, "missing_lines": [], "excluded_lines": []}}}, "apps/trainer/__pycache__/__init__.py": {"executed_lines": [], "summary": {"covered_lines": 0, "num_statements": 0, "percent_covered": 100.0, "percent_covered_display": "100", "missing_lines": 0, "excluded_lines": 0}, "missing_lines": [], "excluded_lines": [], "functions": {"": {"executed_lines": [], "summary": {"covered_lines": 0, "num_statements": 0, "percent_covered": 100.0, "percent_covered_display": "100", "missing_lines": 0, "excluded_lines": 0}, "missing_lines": [], "excluded_lines": []}}, "classes": {"": {"executed_lines": [], "summary": {"covered_lines": 0, "num_statements": 0, "percent_covered": 100.0, "percent_covered_display": "100", "missing_lines": 0, "excluded_lines": 0}, "missing_lines": [], "excluded_lines": []}}}, "apps/trainer/features/__init__.py": {"executed_lines": [], "summary": {"covered_lines": 0, "num_statements": 0, "percent_covered": 100.0, "percent_covered_display": "100", "missing_lines": 0, "excluded_lines": 0}, "missing_lines": [], "excluded_lines": [], "functions": {"": {"executed_lines": [], "summary": {"covered_lines": 0, "num_statements": 0, "percent_covered": 100.0, "percent_covered_display": "100", "missing_lines": 0, "excluded_lines": 0}, "missing_lines": [], "excluded_lines": []}}, "classes": {"": {"executed_lines": [], "summary": {"covered_lines": 0, "num_statements": 0, "percent_covered": 100.0, "percent_covered_display": "100", "missing_lines": 0, "excluded_lines": 0}, "missing_lines": [], "excluded_lines": []}}}, "apps/trainer/models/__init__.py": {"executed_lines": [], "summary": {"covered_lines": 0, "num_statements": 0, "percent_covered": 100.0, "percent_covered_display": "100", "missing_lines": 0, "excluded_lines": 0}, "missing_lines": [], "excluded_lines": [], "functions": {"": {"executed_lines": [], "summary": {"covered_lines": 0, "num_statements": 0, "percent_covered": 100.0, "percent_covered_display": "100", "missing_lines": 0, "excluded_lines": 0}, "missing_lines": [], "excluded_lines": []}}, "classes": {"": {"executed_lines": [], "summary": {"covered_lines": 0, "num_statements": 0, "percent_covered": 100.0, "percent_covered_display": "100", "missing_lines": 0, "excluded_lines": 0}, "missing_lines": [], "excluded_lines": []}}}, "apps/trainer/pipelines/__init__.py": {"executed_lines": [], "summary": {"covered_lines": 0, "num_statements": 0, "percent_covered": 100.0, "percent_covered_display": "100", "missing_lines": 0, "excluded_lines": 0}, "missing_lines": [], "excluded_lines": [], "functions": {"": {"executed_lines": [], "summary": {"covered_lines": 0, "num_statements": 0, "percent_covered": 100.0, "percent_covered_display": "100", "missing_lines": 0, "excluded_lines": 0}, "missing_lines": [], "excluded_lines": []}}, "classes": {"": {"executed_lines": [], "summary": {"covered_lines": 0, "num_statements": 0, "percent_covered": 100.0, "percent_covered_display": "100", "missing_lines": 0, "excluded_lines": 0}, "missing_lines": [], "excluded_lines": []}}}, "apps/trainer/xgboost_trainer.py": {"executed_lines": [1, 5, 6, 7, 9, 10, 11, 12, 13, 14, 16, 19, 20, 21, 24, 25, 26, 27, 28, 29, 32, 33, 34, 37, 38, 41, 42, 43, 45, 46, 47, 48, 49, 50, 51, 52, 55, 56, 58, 69, 113, 139, 232, 247, 262, 289, 302, 313], "summary": {"covered_lines": 44, "num_statements": 102, "percent_covered": 43.13725490196079, "percent_covered_display": "43", "missing_lines": 58, "excluded_lines": 0}, "missing_lines": [65, 66, 67, 82, 89, 92, 95, 103, 111, 116, 117, 118, 123, 124, 125, 130, 131, 132, 133, 158, 160, 163, 176, 179, 180, 183, 184, 186, 187, 190, 197, 200, 209, 211, 222, 230, 242, 243, 245, 257, 258, 260, 272, 273, 275, 283, 287, 296, 297, 299, 300, 309, 310, 311, 326, 331, 339, 340], "excluded_lines": [], "functions": {"XGBoostTrainer.__init__": {"executed_lines": [], "summary": {"covered_lines": 0, "num_statements": 3, "percent_covered": 0.0, "percent_covered_display": "0", "missing_lines": 3, "excluded_lines": 0}, "missing_lines": [65, 66, 67], "excluded_lines": []}, "XGBoostTrainer.prepare_data": {"executed_lines": [], "summary": {"covered_lines": 0, "num_statements": 6, "percent_covered": 0.0, "percent_covered_display": "0", "missing_lines": 6, "excluded_lines": 0}, "missing_lines": [82, 89, 92, 95, 103, 111], "excluded_lines": []}, "XGBoostTrainer._validate_data": {"executed_lines": [], "summary": {"covered_lines": 0, "num_statements": 10, "percent_covered": 0.0, "percent_covered_display": "0", "missing_lines": 10, "excluded_lines": 0}, "missing_lines": [116, 117, 118, 123, 124, 125, 130, 131, 132, 133], "excluded_lines": []}, "XGBoostTrainer.train": {"executed_lines": [], "summary": {"covered_lines": 0, "num_statements": 17, "percent_covered": 0.0, "percent_covered_display": "0", "missing_lines": 17, "excluded_lines": 0}, "missing_lines": [158, 160, 163, 176, 179, 180, 183, 184, 186, 187, 190, 197, 200, 209, 211, 222, 230], "excluded_lines": []}, "XGBoostTrainer.predict_proba": {"executed_lines": [], "summary": {"covered_lines": 0, "num_statements": 3, "percent_covered": 0.0, "percent_covered_display": "0", "missing_lines": 3, "excluded_lines": 0}, "missing_lines": [242, 243, 245], "excluded_lines": []}, "XGBoostTrainer.predict": {"executed_lines": [], "summary": {"covered_lines": 0, "num_statements": 3, "percent_covered": 0.0, "percent_covered_display": "0", "missing_lines": 3, "excluded_lines": 0}, "missing_lines": [257, 258, 260], "excluded_lines": []}, "XGBoostTrainer.get_feature_importance": {"executed_lines": [], "summary": {"covered_lines": 0, "num_statements": 5, "percent_covered": 0.0, "percent_covered_display": "0", "missing_lines": 5, "excluded_lines": 0}, "missing_lines": [272, 273, 275, 283, 287], "excluded_lines": []}, "XGBoostTrainer.save_model": {"executed_lines": [], "summary": {"covered_lines": 0, "num_statements": 4, "percent_covered": 0.0, "percent_covered_display": "0", "missing_lines": 4, "excluded_lines": 0}, "missing_lines": [296, 297, 299, 300], "excluded_lines": []}, "XGBoostTrainer.load_model": {"executed_lines": [], "summary": {"covered_lines": 0, "num_statements": 3, "percent_covered": 0.0, "percent_covered_display": "0", "missing_lines": 3, "excluded_lines": 0}, "missing_lines": [309, 310, 311], "excluded_lines": []}, "XGBoostTrainer.hyperparameter_tuning": {"executed_lines": [], "summary": {"covered_lines": 0, "num_statements": 4, "percent_covered": 0.0, "percent_covered_display": "0", "missing_lines": 4, "excluded_lines": 0}, "missing_lines": [326, 331, 339, 340], "excluded_lines": []}, "": {"executed_lines": [1, 5, 6, 7, 9, 10, 11, 12, 13, 14, 16, 19, 20, 21, 24, 25, 26, 27, 28, 29, 32, 33, 34, 37, 38, 41, 42, 43, 45, 46, 47, 48, 49, 50, 51, 52, 55, 56, 58, 69, 113, 139, 232, 247, 262, 289, 302, 313], "summary": {"covered_lines": 44, "num_statements": 44, "percent_covered": 100.0, "percent_covered_display": "100", "missing_lines": 0, "excluded_lines": 0}, "missing_lines": [], "excluded_lines": []}}, "classes": {"TrainingConfig": {"executed_lines": [], "summary": {"covered_lines": 0, "num_statements": 0, "percent_covered": 100.0, "percent_covered_display": "100", "missing_lines": 0, "excluded_lines": 0}, "missing_lines": [], "excluded_lines": []}, "TrainingResult": {"executed_lines": [], "summary": {"covered_lines": 0, "num_statements": 0, "percent_covered": 100.0, "percent_covered_display": "100", "missing_lines": 0, "excluded_lines": 0}, "missing_lines": [], "excluded_lines": []}, "XGBoostTrainer": {"executed_lines": [], "summary": {"covered_lines": 0, "num_statements": 58, "percent_covered": 0.0, "percent_covered_display": "0", "missing_lines": 58, "excluded_lines": 0}, "missing_lines": [65, 66, 67, 82, 89, 92, 95, 103, 111, 116, 117, 118, 123, 124, 125, 130, 131, 132, 133, 158, 160, 163, 176, 179, 180, 183, 184, 186, 187, 190, 197, 200, 209, 211, 222, 230, 242, 243, 245, 257, 258, 260, 272, 273, 275, 283, 287, 296, 297, 299, 300, 309, 310, 311, 326, 331, 339, 340], "excluded_lines": []}, "": {"executed_lines": [1, 5, 6, 7, 9, 10, 11, 12, 13, 14, 16, 19, 20, 21, 24, 25, 26, 27, 28, 29, 32, 33, 34, 37, 38, 41, 42, 43, 45, 46, 47, 48, 49, 50, 51, 52, 55, 56, 58, 69, 113, 139, 232, 247, 262, 289, 302, 313], "summary": {"covered_lines": 44, "num_statements": 44, "percent_covered": 100.0, "percent_covered_display": "100", "missing_lines": 0, "excluded_lines": 0}, "missing_lines": [], "excluded_lines": []}}}, "apps/workers/__init__.py": {"executed_lines": [0], "summary": {"covered_lines": 0, "num_statements": 0, "percent_covered": 100.0, "percent_covered_display": "100", "missing_lines": 0, "excluded_lines": 0}, "missing_lines": [], "excluded_lines": [], "functions": {"": {"executed_lines": [], "summary": {"covered_lines": 0, "num_statements": 0, "percent_covered": 100.0, "percent_covered_display": "100", "missing_lines": 0, "excluded_lines": 0}, "missing_lines": [], "excluded_lines": []}}, "classes": {"": {"executed_lines": [], "summary": {"covered_lines": 0, "num_statements": 0, "percent_covered": 100.0, "percent_covered_display": "100", "missing_lines": 0, "excluded_lines": 0}, "missing_lines": [], "excluded_lines": []}}}, "apps/workers/flows/__init__.py": {"executed_lines": [0], "summary": {"covered_lines": 0, "num_statements": 0, "percent_covered": 100.0, "percent_covered_display": "100", "missing_lines": 0, "excluded_lines": 0}, "missing_lines": [], "excluded_lines": [], "functions": {"": {"executed_lines": [], "summary": {"covered_lines": 0, "num_statements": 0, "percent_covered": 100.0, "percent_covered_display": "100", "missing_lines": 0, "excluded_lines": 0}, "missing_lines": [], "excluded_lines": []}}, "classes": {"": {"executed_lines": [], "summary": {"covered_lines": 0, "num_statements": 0, "percent_covered": 100.0, "percent_covered_display": "100", "missing_lines": 0, "excluded_lines": 0}, "missing_lines": [], "excluded_lines": []}}}, "apps/workers/flows/data_collection_flow.py": {"executed_lines": [1, 5, 6, 8, 9, 15, 18, 19, 69, 70, 109, 110, 144, 145, 190, 194, 245, 246, 310], "summary": {"covered_lines": 18, "num_statements": 82, "percent_covered": 21.951219512195124, "percent_covered_display": "22", "missing_lines": 64, "excluded_lines": 0}, "missing_lines": [33, 40, 49, 61, 62, 64, 65, 66, 80, 82, 89, 101, 102, 104, 105, 106, 123, 131, 140, 141, 158, 160, 175, 182, 183, 185, 186, 187, 207, 208, 210, 211, 213, 216, 219, 220, 223, 226, 229, 241, 242, 260, 267, 268, 271, 272, 273, 275, 278, 279, 280, 283, 284, 286, 289, 292, 294, 305, 306, 311, 314, 315, 316, 318], "excluded_lines": [], "functions": {"collect_matches_task": {"executed_lines": [], "summary": {"covered_lines": 0, "num_statements": 8, "percent_covered": 0.0, "percent_covered_display": "0", "missing_lines": 8, "excluded_lines": 0}, "missing_lines": [33, 40, 49, 61, 62, 64, 65, 66], "excluded_lines": []}, "collect_odds_task": {"executed_lines": [], "summary": {"covered_lines": 0, "num_statements": 8, "percent_covered": 0.0, "percent_covered_display": "0", "missing_lines": 8, "excluded_lines": 0}, "missing_lines": [80, 82, 89, 101, 102, 104, 105, 106], "excluded_lines": []}, "validate_and_clean_data": {"executed_lines": [], "summary": {"covered_lines": 0, "num_statements": 4, "percent_covered": 0.0, "percent_covered_display": "0", "missing_lines": 4, "excluded_lines": 0}, "missing_lines": [123, 131, 140, 141], "excluded_lines": []}, "store_data_task": {"executed_lines": [], "summary": {"covered_lines": 0, "num_statements": 8, "percent_covered": 0.0, "percent_covered_display": "0", "missing_lines": 8, "excluded_lines": 0}, "missing_lines": [158, 160, 175, 182, 183, 185, 186, 187], "excluded_lines": []}, "daily_data_collection_flow": {"executed_lines": [], "summary": {"covered_lines": 0, "num_statements": 13, "percent_covered": 0.0, "percent_covered_display": "0", "missing_lines": 13, "excluded_lines": 0}, "missing_lines": [207, 208, 210, 211, 213, 216, 219, 220, 223, 226, 229, 241, 242], "excluded_lines": []}, "historical_data_backfill_flow": {"executed_lines": [], "summary": {"covered_lines": 0, "num_statements": 18, "percent_covered": 0.0, "percent_covered_display": "0", "missing_lines": 18, "excluded_lines": 0}, "missing_lines": [260, 267, 268, 271, 272, 273, 275, 278, 279, 280, 283, 284, 286, 289, 292, 294, 305, 306], "excluded_lines": []}, "test_flow": {"executed_lines": [], "summary": {"covered_lines": 0, "num_statements": 2, "percent_covered": 0.0, "percent_covered_display": "0", "missing_lines": 2, "excluded_lines": 0}, "missing_lines": [315, 316], "excluded_lines": []}, "": {"executed_lines": [1, 5, 6, 8, 9, 15, 18, 19, 69, 70, 109, 110, 144, 145, 190, 194, 245, 246, 310], "summary": {"covered_lines": 18, "num_statements": 21, "percent_covered": 85.71428571428571, "percent_covered_display": "86", "missing_lines": 3, "excluded_lines": 0}, "missing_lines": [311, 314, 318], "excluded_lines": []}}, "classes": {"": {"executed_lines": [1, 5, 6, 8, 9, 15, 18, 19, 69, 70, 109, 110, 144, 145, 190, 194, 245, 246, 310], "summary": {"covered_lines": 18, "num_statements": 82, "percent_covered": 21.951219512195124, "percent_covered_display": "22", "missing_lines": 64, "excluded_lines": 0}, "missing_lines": [33, 40, 49, 61, 62, 64, 65, 66, 80, 82, 89, 101, 102, 104, 105, 106, 123, 131, 140, 141, 158, 160, 175, 182, 183, 185, 186, 187, 207, 208, 210, 211, 213, 216, 219, 220, 223, 226, 229, 241, 242, 260, 267, 268, 271, 272, 273, 275, 278, 279, 280, 283, 284, 286, 289, 292, 294, 305, 306, 311, 314, 315, 316, 318], "excluded_lines": []}}}, "apps/workers/tasks/__init__.py": {"executed_lines": [], "summary": {"covered_lines": 0, "num_statements": 0, "percent_covered": 100.0, "percent_covered_display": "100", "missing_lines": 0, "excluded_lines": 0}, "missing_lines": [], "excluded_lines": [], "functions": {"": {"executed_lines": [], "summary": {"covered_lines": 0, "num_statements": 0, "percent_covered": 100.0, "percent_covered_display": "100", "missing_lines": 0, "excluded_lines": 0}, "missing_lines": [], "excluded_lines": []}}, "classes": {"": {"executed_lines": [], "summary": {"covered_lines": 0, "num_statements": 0, "percent_covered": 100.0, "percent_covered_display": "100", "missing_lines": 0, "excluded_lines": 0}, "missing_lines": [], "excluded_lines": []}}}, "data_pipeline/__init__.py": {"executed_lines": [0], "summary": {"covered_lines": 0, "num_statements": 0, "percent_covered": 100.0, "percent_covered_display": "100", "missing_lines": 0, "excluded_lines": 0}, "missing_lines": [], "excluded_lines": [], "functions": {"": {"executed_lines": [], "summary": {"covered_lines": 0, "num_statements": 0, "percent_covered": 100.0, "percent_covered_display": "100", "missing_lines": 0, "excluded_lines": 0}, "missing_lines": [], "excluded_lines": []}}, "classes": {"": {"executed_lines": [], "summary": {"covered_lines": 0, "num_statements": 0, "percent_covered": 100.0, "percent_covered_display": "100", "missing_lines": 0, "excluded_lines": 0}, "missing_lines": [], "excluded_lines": []}}}, "data_pipeline/__pycache__/__init__.py": {"executed_lines": [], "summary": {"covered_lines": 0, "num_statements": 0, "percent_covered": 100.0, "percent_covered_display": "100", "missing_lines": 0, "excluded_lines": 0}, "missing_lines": [], "excluded_lines": [], "functions": {"": {"executed_lines": [], "summary": {"covered_lines": 0, "num_statements": 0, "percent_covered": 100.0, "percent_covered_display": "100", "missing_lines": 0, "excluded_lines": 0}, "missing_lines": [], "excluded_lines": []}}, "classes": {"": {"executed_lines": [], "summary": {"covered_lines": 0, "num_statements": 0, "percent_covered": 100.0, "percent_covered_display": "100", "missing_lines": 0, "excluded_lines": 0}, "missing_lines": [], "excluded_lines": []}}}, "data_pipeline/feature_store/__init__.py": {"executed_lines": [], "summary": {"covered_lines": 0, "num_statements": 0, "percent_covered": 100.0, "percent_covered_display": "100", "missing_lines": 0, "excluded_lines": 0}, "missing_lines": [], "excluded_lines": [], "functions": {"": {"executed_lines": [], "summary": {"covered_lines": 0, "num_statements": 0, "percent_covered": 100.0, "percent_covered_display": "100", "missing_lines": 0, "excluded_lines": 0}, "missing_lines": [], "excluded_lines": []}}, "classes": {"": {"executed_lines": [], "summary": {"covered_lines": 0, "num_statements": 0, "percent_covered": 100.0, "percent_covered_display": "100", "missing_lines": 0, "excluded_lines": 0}, "missing_lines": [], "excluded_lines": []}}}, "data_pipeline/features/build.py": {"executed_lines": [1, 7, 9, 10, 12, 15, 58, 69, 94, 166, 193, 212, 232], "summary": {"covered_lines": 12, "num_statements": 142, "percent_covered": 8.450704225352112, "percent_covered_display": "8", "missing_lines": 130, "excluded_lines": 0}, "missing_lines": [31, 32, 35, 38, 41, 44, 47, 50, 53, 55, 60, 71, 74, 75, 78, 81, 82, 83, 88, 89, 91, 96, 99, 102, 103, 105, 106, 109, 110, 113, 122, 133, 140, 143, 149, 152, 155, 161, 163, 168, 171, 172, 173, 176, 177, 178, 179, 182, 183, 184, 185, 188, 190, 195, 201, 202, 203, 204, 209, 214, 217, 218, 219, 220, 221, 222, 223, 226, 227, 229, 256, 257, 258, 259, 260, 261, 262, 263, 265, 267, 268, 271, 272, 273, 274, 277, 279, 280, 281, 282, 283, 284, 285, 286, 288, 291, 292, 293, 294, 295, 297, 300, 301, 302, 305, 306, 307, 310, 311, 312, 313, 316, 317, 320, 321, 322, 323, 324, 327, 328, 333, 334, 335, 336, 337, 338, 341, 342, 343, 345], "excluded_lines": [], "functions": {"build_match_features": {"executed_lines": [], "summary": {"covered_lines": 0, "num_statements": 10, "percent_covered": 0.0, "percent_covered_display": "0", "missing_lines": 10, "excluded_lines": 0}, "missing_lines": [31, 32, 35, 38, 41, 44, 47, 50, 53, 55], "excluded_lines": []}, "get_default_feature_config": {"executed_lines": [], "summary": {"covered_lines": 0, "num_statements": 1, "percent_covered": 0.0, "percent_covered_display": "0", "missing_lines": 1, "excluded_lines": 0}, "missing_lines": [60], "excluded_lines": []}, "add_basic_features": {"executed_lines": [], "summary": {"covered_lines": 0, "num_statements": 10, "percent_covered": 0.0, "percent_covered_display": "0", "missing_lines": 10, "excluded_lines": 0}, "missing_lines": [71, 74, 75, 78, 81, 82, 83, 88, 89, 91], "excluded_lines": []}, "add_form_features": {"executed_lines": [], "summary": {"covered_lines": 0, "num_statements": 18, "percent_covered": 0.0, "percent_covered_display": "0", "missing_lines": 18, "excluded_lines": 0}, "missing_lines": [96, 99, 102, 103, 105, 106, 109, 110, 113, 122, 133, 140, 143, 149, 152, 155, 161, 163], "excluded_lines": []}, "add_odds_features": {"executed_lines": [], "summary": {"covered_lines": 0, "num_statements": 14, "percent_covered": 0.0, "percent_covered_display": "0", "missing_lines": 14, "excluded_lines": 0}, "missing_lines": [168, 171, 172, 173, 176, 177, 178, 179, 182, 183, 184, 185, 188, 190], "excluded_lines": []}, "add_head_to_head_features": {"executed_lines": [], "summary": {"covered_lines": 0, "num_statements": 6, "percent_covered": 0.0, "percent_covered_display": "0", "missing_lines": 6, "excluded_lines": 0}, "missing_lines": [195, 201, 202, 203, 204, 209], "excluded_lines": []}, "clean_features": {"executed_lines": [], "summary": {"covered_lines": 0, "num_statements": 11, "percent_covered": 0.0, "percent_covered_display": "0", "missing_lines": 11, "excluded_lines": 0}, "missing_lines": [214, 217, 218, 219, 220, 221, 222, 223, 226, 227, 229], "excluded_lines": []}, "create_feature_vector": {"executed_lines": [], "summary": {"covered_lines": 0, "num_statements": 37, "percent_covered": 0.0, "percent_covered_display": "0", "missing_lines": 37, "excluded_lines": 0}, "missing_lines": [256, 265, 291, 292, 293, 294, 295, 297, 300, 301, 302, 305, 306, 307, 310, 311, 312, 313, 316, 317, 320, 321, 322, 323, 324, 327, 328, 333, 334, 335, 336, 337, 338, 341, 342, 343, 345], "excluded_lines": []}, "create_feature_vector.validate_team_name": {"executed_lines": [], "summary": {"covered_lines": 0, "num_statements": 7, "percent_covered": 0.0, "percent_covered_display": "0", "missing_lines": 7, "excluded_lines": 0}, "missing_lines": [257, 258, 259, 260, 261, 262, 263], "excluded_lines": []}, "create_feature_vector.validate_odds": {"executed_lines": [], "summary": {"covered_lines": 0, "num_statements": 16, "percent_covered": 0.0, "percent_covered_display": "0", "missing_lines": 16, "excluded_lines": 0}, "missing_lines": [267, 268, 271, 272, 273, 274, 277, 279, 280, 281, 282, 283, 284, 285, 286, 288], "excluded_lines": []}, "": {"executed_lines": [1, 7, 9, 10, 12, 15, 58, 69, 94, 166, 193, 212, 232], "summary": {"covered_lines": 12, "num_statements": 12, "percent_covered": 100.0, "percent_covered_display": "100", "missing_lines": 0, "excluded_lines": 0}, "missing_lines": [], "excluded_lines": []}}, "classes": {"": {"executed_lines": [1, 7, 9, 10, 12, 15, 58, 69, 94, 166, 193, 212, 232], "summary": {"covered_lines": 12, "num_statements": 142, "percent_covered": 8.450704225352112, "percent_covered_display": "8", "missing_lines": 130, "excluded_lines": 0}, "missing_lines": [31, 32, 35, 38, 41, 44, 47, 50, 53, 55, 60, 71, 74, 75, 78, 81, 82, 83, 88, 89, 91, 96, 99, 102, 103, 105, 106, 109, 110, 113, 122, 133, 140, 143, 149, 152, 155, 161, 163, 168, 171, 172, 173, 176, 177, 178, 179, 182, 183, 184, 185, 188, 190, 195, 201, 202, 203, 204, 209, 214, 217, 218, 219, 220, 221, 222, 223, 226, 227, 229, 256, 257, 258, 259, 260, 261, 262, 263, 265, 267, 268, 271, 272, 273, 274, 277, 279, 280, 281, 282, 283, 284, 285, 286, 288, 291, 292, 293, 294, 295, 297, 300, 301, 302, 305, 306, 307, 310, 311, 312, 313, 316, 317, 320, 321, 322, 323, 324, 327, 328, 333, 334, 335, 336, 337, 338, 341, 342, 343, 345], "excluded_lines": []}}}, "data_pipeline/features/rolling.py": {"executed_lines": [1, 7, 10, 49, 91, 169, 188], "summary": {"covered_lines": 6, "num_statements": 57, "percent_covered": 10.526315789473685, "percent_covered_display": "11", "missing_lines": 51, "excluded_lines": 0}, "missing_lines": [33, 34, 36, 39, 46, 69, 70, 72, 75, 78, 86, 88, 113, 114, 116, 117, 119, 121, 122, 128, 129, 135, 136, 142, 143, 149, 150, 156, 157, 164, 166, 180, 181, 182, 183, 185, 199, 202, 203, 205, 206, 209, 214, 220, 228, 231, 235, 238, 239, 241, 243], "excluded_lines": [], "functions": {"add_form": {"executed_lines": [], "summary": {"covered_lines": 0, "num_statements": 5, "percent_covered": 0.0, "percent_covered_display": "0", "missing_lines": 5, "excluded_lines": 0}, "missing_lines": [33, 34, 36, 39, 46], "excluded_lines": []}, "add_goal_diff": {"executed_lines": [], "summary": {"covered_lines": 0, "num_statements": 7, "percent_covered": 0.0, "percent_covered_display": "0", "missing_lines": 7, "excluded_lines": 0}, "missing_lines": [69, 70, 72, 75, 78, 86, 88], "excluded_lines": []}, "add_rolling_stats": {"executed_lines": [], "summary": {"covered_lines": 0, "num_statements": 19, "percent_covered": 0.0, "percent_covered_display": "0", "missing_lines": 19, "excluded_lines": 0}, "missing_lines": [113, 114, 116, 117, 119, 121, 122, 128, 129, 135, 136, 142, 143, 149, 150, 156, 157, 164, 166], "excluded_lines": []}, "calculate_points": {"executed_lines": [], "summary": {"covered_lines": 0, "num_statements": 5, "percent_covered": 0.0, "percent_covered_display": "0", "missing_lines": 5, "excluded_lines": 0}, "missing_lines": [180, 181, 182, 183, 185], "excluded_lines": []}, "add_recent_form": {"executed_lines": [], "summary": {"covered_lines": 0, "num_statements": 15, "percent_covered": 0.0, "percent_covered_display": "0", "missing_lines": 15, "excluded_lines": 0}, "missing_lines": [199, 202, 203, 205, 206, 209, 214, 220, 228, 231, 235, 238, 239, 241, 243], "excluded_lines": []}, "": {"executed_lines": [1, 7, 10, 49, 91, 169, 188], "summary": {"covered_lines": 6, "num_statements": 6, "percent_covered": 100.0, "percent_covered_display": "100", "missing_lines": 0, "excluded_lines": 0}, "missing_lines": [], "excluded_lines": []}}, "classes": {"": {"executed_lines": [1, 7, 10, 49, 91, 169, 188], "summary": {"covered_lines": 6, "num_statements": 57, "percent_covered": 10.526315789473685, "percent_covered_display": "11", "missing_lines": 51, "excluded_lines": 0}, "missing_lines": [33, 34, 36, 39, 46, 69, 70, 72, 75, 78, 86, 88, 113, 114, 116, 117, 119, 121, 122, 128, 129, 135, 136, 142, 143, 149, 150, 156, 157, 164, 166, 180, 181, 182, 183, 185, 199, 202, 203, 205, 206, 209, 214, 220, 228, 231, 235, 238, 239, 241, 243], "excluded_lines": []}}}, "data_pipeline/ingest/base.py": {"executed_lines": [1, 7, 8, 10, 13, 14, 16, 25, 26, 38, 39, 52, 53, 55, 58, 59, 61, 62, 78, 92, 93, 95, 96, 111], "summary": {"covered_lines": 19, "num_statements": 28, "percent_covered": 67.85714285714286, "percent_covered_display": "68", "missing_lines": 9, "excluded_lines": 0}, "missing_lines": [23, 36, 49, 76, 80, 89, 109, 113, 114], "excluded_lines": [], "functions": {"DataSource.__init__": {"executed_lines": [], "summary": {"covered_lines": 0, "num_statements": 1, "percent_covered": 0.0, "percent_covered_display": "0", "missing_lines": 1, "excluded_lines": 0}, "missing_lines": [23], "excluded_lines": []}, "DataSource.fetch": {"executed_lines": [], "summary": {"covered_lines": 0, "num_statements": 1, "percent_covered": 0.0, "percent_covered_display": "0", "missing_lines": 1, "excluded_lines": 0}, "missing_lines": [36], "excluded_lines": []}, "DataSource.validate": {"executed_lines": [], "summary": {"covered_lines": 0, "num_statements": 1, "percent_covered": 0.0, "percent_covered_display": "0", "missing_lines": 1, "excluded_lines": 0}, "missing_lines": [49], "excluded_lines": []}, "MatchDataSource.fetch": {"executed_lines": [], "summary": {"covered_lines": 0, "num_statements": 1, "percent_covered": 0.0, "percent_covered_display": "0", "missing_lines": 1, "excluded_lines": 0}, "missing_lines": [76], "excluded_lines": []}, "MatchDataSource.validate": {"executed_lines": [], "summary": {"covered_lines": 0, "num_statements": 2, "percent_covered": 0.0, "percent_covered_display": "0", "missing_lines": 2, "excluded_lines": 0}, "missing_lines": [80, 89], "excluded_lines": []}, "OddsDataSource.fetch": {"executed_lines": [], "summary": {"covered_lines": 0, "num_statements": 1, "percent_covered": 0.0, "percent_covered_display": "0", "missing_lines": 1, "excluded_lines": 0}, "missing_lines": [109], "excluded_lines": []}, "OddsDataSource.validate": {"executed_lines": [], "summary": {"covered_lines": 0, "num_statements": 2, "percent_covered": 0.0, "percent_covered_display": "0", "missing_lines": 2, "excluded_lines": 0}, "missing_lines": [113, 114], "excluded_lines": []}, "": {"executed_lines": [1, 7, 8, 10, 13, 14, 16, 25, 26, 38, 39, 52, 53, 55, 58, 59, 61, 62, 78, 92, 93, 95, 96, 111], "summary": {"covered_lines": 19, "num_statements": 19, "percent_covered": 100.0, "percent_covered_display": "100", "missing_lines": 0, "excluded_lines": 0}, "missing_lines": [], "excluded_lines": []}}, "classes": {"DataSource": {"executed_lines": [], "summary": {"covered_lines": 0, "num_statements": 3, "percent_covered": 0.0, "percent_covered_display": "0", "missing_lines": 3, "excluded_lines": 0}, "missing_lines": [23, 36, 49], "excluded_lines": []}, "DataSourceError": {"executed_lines": [], "summary": {"covered_lines": 0, "num_statements": 0, "percent_covered": 100.0, "percent_covered_display": "100", "missing_lines": 0, "excluded_lines": 0}, "missing_lines": [], "excluded_lines": []}, "MatchDataSource": {"executed_lines": [], "summary": {"covered_lines": 0, "num_statements": 3, "percent_covered": 0.0, "percent_covered_display": "0", "missing_lines": 3, "excluded_lines": 0}, "missing_lines": [76, 80, 89], "excluded_lines": []}, "OddsDataSource": {"executed_lines": [], "summary": {"covered_lines": 0, "num_statements": 3, "percent_covered": 0.0, "percent_covered_display": "0", "missing_lines": 3, "excluded_lines": 0}, "missing_lines": [109, 113, 114], "excluded_lines": []}, "": {"executed_lines": [1, 7, 8, 10, 13, 14, 16, 25, 26, 38, 39, 52, 53, 55, 58, 59, 61, 62, 78, 92, 93, 95, 96, 111], "summary": {"covered_lines": 19, "num_statements": 19, "percent_covered": 100.0, "percent_covered_display": "100", "missing_lines": 0, "excluded_lines": 0}, "missing_lines": [], "excluded_lines": []}}}, "data_pipeline/ingest/csv_adapter.py": {"executed_lines": [1, 7, 8, 10, 12, 15, 16, 18, 29, 72, 73, 75, 86, 132, 149, 155], "summary": {"covered_lines": 13, "num_statements": 66, "percent_covered": 19.696969696969695, "percent_covered_display": "20", "missing_lines": 53, "excluded_lines": 0}, "missing_lines": [26, 27, 39, 40, 41, 43, 45, 46, 48, 49, 52, 53, 54, 55, 56, 58, 60, 61, 62, 63, 66, 67, 83, 84, 96, 97, 98, 100, 102, 103, 105, 106, 109, 110, 111, 112, 115, 116, 118, 120, 121, 122, 123, 126, 127, 143, 144, 145, 146, 151, 152, 157, 158], "excluded_lines": [], "functions": {"CSVMatchDataSource.__init__": {"executed_lines": [], "summary": {"covered_lines": 0, "num_statements": 2, "percent_covered": 0.0, "percent_covered_display": "0", "missing_lines": 2, "excluded_lines": 0}, "missing_lines": [26, 27], "excluded_lines": []}, "CSVMatchDataSource.fetch": {"executed_lines": [], "summary": {"covered_lines": 0, "num_statements": 20, "percent_covered": 0.0, "percent_covered_display": "0", "missing_lines": 20, "excluded_lines": 0}, "missing_lines": [39, 40, 41, 43, 45, 46, 48, 49, 52, 53, 54, 55, 56, 58, 60, 61, 62, 63, 66, 67], "excluded_lines": []}, "CSVOddsDataSource.__init__": {"executed_lines": [], "summary": {"covered_lines": 0, "num_statements": 2, "percent_covered": 0.0, "percent_covered_display": "0", "missing_lines": 2, "excluded_lines": 0}, "missing_lines": [83, 84], "excluded_lines": []}, "CSVOddsDataSource.fetch": {"executed_lines": [], "summary": {"covered_lines": 0, "num_statements": 21, "percent_covered": 0.0, "percent_covered_display": "0", "missing_lines": 21, "excluded_lines": 0}, "missing_lines": [96, 97, 98, 100, 102, 103, 105, 106, 109, 110, 111, 112, 115, 116, 118, 120, 121, 122, 123, 126, 127], "excluded_lines": []}, "get_sample_data_path": {"executed_lines": [], "summary": {"covered_lines": 0, "num_statements": 4, "percent_covered": 0.0, "percent_covered_display": "0", "missing_lines": 4, "excluded_lines": 0}, "missing_lines": [143, 144, 145, 146], "excluded_lines": []}, "create_sample_match_source": {"executed_lines": [], "summary": {"covered_lines": 0, "num_statements": 2, "percent_covered": 0.0, "percent_covered_display": "0", "missing_lines": 2, "excluded_lines": 0}, "missing_lines": [151, 152], "excluded_lines": []}, "create_sample_odds_source": {"executed_lines": [], "summary": {"covered_lines": 0, "num_statements": 2, "percent_covered": 0.0, "percent_covered_display": "0", "missing_lines": 2, "excluded_lines": 0}, "missing_lines": [157, 158], "excluded_lines": []}, "": {"executed_lines": [1, 7, 8, 10, 12, 15, 16, 18, 29, 72, 73, 75, 86, 132, 149, 155], "summary": {"covered_lines": 13, "num_statements": 13, "percent_covered": 100.0, "percent_covered_display": "100", "missing_lines": 0, "excluded_lines": 0}, "missing_lines": [], "excluded_lines": []}}, "classes": {"CSVMatchDataSource": {"executed_lines": [], "summary": {"covered_lines": 0, "num_statements": 22, "percent_covered": 0.0, "percent_covered_display": "0", "missing_lines": 22, "excluded_lines": 0}, "missing_lines": [26, 27, 39, 40, 41, 43, 45, 46, 48, 49, 52, 53, 54, 55, 56, 58, 60, 61, 62, 63, 66, 67], "excluded_lines": []}, "CSVOddsDataSource": {"executed_lines": [], "summary": {"covered_lines": 0, "num_statements": 23, "percent_covered": 0.0, "percent_covered_display": "0", "missing_lines": 23, "excluded_lines": 0}, "missing_lines": [83, 84, 96, 97, 98, 100, 102, 103, 105, 106, 109, 110, 111, 112, 115, 116, 118, 120, 121, 122, 123, 126, 127], "excluded_lines": []}, "": {"executed_lines": [1, 7, 8, 10, 12, 15, 16, 18, 29, 72, 73, 75, 86, 132, 149, 155], "summary": {"covered_lines": 13, "num_statements": 21, "percent_covered": 61.904761904761905, "percent_covered_display": "62", "missing_lines": 8, "excluded_lines": 0}, "missing_lines": [143, 144, 145, 146, 151, 152, 157, 158], "excluded_lines": []}}}, "data_pipeline/loaders/__init__.py": {"executed_lines": [], "summary": {"covered_lines": 0, "num_statements": 0, "percent_covered": 100.0, "percent_covered_display": "100", "missing_lines": 0, "excluded_lines": 0}, "missing_lines": [], "excluded_lines": [], "functions": {"": {"executed_lines": [], "summary": {"covered_lines": 0, "num_statements": 0, "percent_covered": 100.0, "percent_covered_display": "100", "missing_lines": 0, "excluded_lines": 0}, "missing_lines": [], "excluded_lines": []}}, "classes": {"": {"executed_lines": [], "summary": {"covered_lines": 0, "num_statements": 0, "percent_covered": 100.0, "percent_covered_display": "100", "missing_lines": 0, "excluded_lines": 0}, "missing_lines": [], "excluded_lines": []}}}, "data_pipeline/sources/__init__.py": {"executed_lines": [0], "summary": {"covered_lines": 0, "num_statements": 0, "percent_covered": 100.0, "percent_covered_display": "100", "missing_lines": 0, "excluded_lines": 0}, "missing_lines": [], "excluded_lines": [], "functions": {"": {"executed_lines": [], "summary": {"covered_lines": 0, "num_statements": 0, "percent_covered": 100.0, "percent_covered_display": "100", "missing_lines": 0, "excluded_lines": 0}, "missing_lines": [], "excluded_lines": []}}, "classes": {"": {"executed_lines": [], "summary": {"covered_lines": 0, "num_statements": 0, "percent_covered": 100.0, "percent_covered_display": "100", "missing_lines": 0, "excluded_lines": 0}, "missing_lines": [], "excluded_lines": []}}}, "data_pipeline/sources/__pycache__/__init__.py": {"executed_lines": [], "summary": {"covered_lines": 0, "num_statements": 0, "percent_covered": 100.0, "percent_covered_display": "100", "missing_lines": 0, "excluded_lines": 0}, "missing_lines": [], "excluded_lines": [], "functions": {"": {"executed_lines": [], "summary": {"covered_lines": 0, "num_statements": 0, "percent_covered": 100.0, "percent_covered_display": "100", "missing_lines": 0, "excluded_lines": 0}, "missing_lines": [], "excluded_lines": []}}, "classes": {"": {"executed_lines": [], "summary": {"covered_lines": 0, "num_statements": 0, "percent_covered": 100.0, "percent_covered_display": "100", "missing_lines": 0, "excluded_lines": 0}, "missing_lines": [], "excluded_lines": []}}}, "data_pipeline/sources/football_api.py": {"executed_lines": [1, 5, 6, 7, 8, 10, 11, 13, 15, 18, 19, 20, 22, 23, 24, 25, 26, 27, 28, 29, 30, 31, 34, 35, 36, 38, 39, 40, 41, 42, 43, 46, 47, 49, 54, 67, 77, 126, 162], "summary": {"covered_lines": 35, "num_statements": 90, "percent_covered": 38.888888888888886, "percent_covered_display": "39", "missing_lines": 55, "excluded_lines": 0}, "missing_lines": [50, 51, 52, 56, 57, 58, 60, 65, 74, 75, 94, 95, 97, 104, 106, 109, 110, 113, 116, 117, 119, 120, 121, 123, 124, 136, 137, 139, 141, 143, 145, 147, 153, 155, 156, 157, 159, 160, 166, 169, 180, 181, 183, 185, 186, 187, 189, 190, 192, 193, 202, 204, 207, 209, 211], "excluded_lines": [], "functions": {"FootballAPICollector.__init__": {"executed_lines": [], "summary": {"covered_lines": 0, "num_statements": 3, "percent_covered": 0.0, "percent_covered_display": "0", "missing_lines": 3, "excluded_lines": 0}, "missing_lines": [50, 51, 52], "excluded_lines": []}, "FootballAPICollector.__aenter__": {"executed_lines": [], "summary": {"covered_lines": 0, "num_statements": 5, "percent_covered": 0.0, "percent_covered_display": "0", "missing_lines": 5, "excluded_lines": 0}, "missing_lines": [56, 57, 58, 60, 65], "excluded_lines": []}, "FootballAPICollector.__aexit__": {"executed_lines": [], "summary": {"covered_lines": 0, "num_statements": 2, "percent_covered": 0.0, "percent_covered_display": "0", "missing_lines": 2, "excluded_lines": 0}, "missing_lines": [74, 75], "excluded_lines": []}, "FootballAPICollector.collect_matches_by_date": {"executed_lines": [], "summary": {"covered_lines": 0, "num_statements": 15, "percent_covered": 0.0, "percent_covered_display": "0", "missing_lines": 15, "excluded_lines": 0}, "missing_lines": [94, 95, 97, 104, 106, 109, 110, 113, 116, 117, 119, 120, 121, 123, 124], "excluded_lines": []}, "FootballAPICollector.collect_team_info": {"executed_lines": [], "summary": {"covered_lines": 0, "num_statements": 13, "percent_covered": 0.0, "percent_covered_display": "0", "missing_lines": 13, "excluded_lines": 0}, "missing_lines": [136, 137, 139, 141, 143, 145, 147, 153, 155, 156, 157, 159, 160], "excluded_lines": []}, "FootballAPICollector._generate_mock_matches": {"executed_lines": [], "summary": {"covered_lines": 0, "num_statements": 17, "percent_covered": 0.0, "percent_covered_display": "0", "missing_lines": 17, "excluded_lines": 0}, "missing_lines": [166, 169, 180, 181, 183, 185, 186, 187, 189, 190, 192, 193, 202, 204, 207, 209, 211], "excluded_lines": []}, "": {"executed_lines": [1, 5, 6, 7, 8, 10, 11, 13, 15, 18, 19, 20, 22, 23, 24, 25, 26, 27, 28, 29, 30, 31, 34, 35, 36, 38, 39, 40, 41, 42, 43, 46, 47, 49, 54, 67, 77, 126, 162], "summary": {"covered_lines": 35, "num_statements": 35, "percent_covered": 100.0, "percent_covered_display": "100", "missing_lines": 0, "excluded_lines": 0}, "missing_lines": [], "excluded_lines": []}}, "classes": {"Match": {"executed_lines": [], "summary": {"covered_lines": 0, "num_statements": 0, "percent_covered": 100.0, "percent_covered_display": "100", "missing_lines": 0, "excluded_lines": 0}, "missing_lines": [], "excluded_lines": []}, "Team": {"executed_lines": [], "summary": {"covered_lines": 0, "num_statements": 0, "percent_covered": 100.0, "percent_covered_display": "100", "missing_lines": 0, "excluded_lines": 0}, "missing_lines": [], "excluded_lines": []}, "FootballAPICollector": {"executed_lines": [], "summary": {"covered_lines": 0, "num_statements": 55, "percent_covered": 0.0, "percent_covered_display": "0", "missing_lines": 55, "excluded_lines": 0}, "missing_lines": [50, 51, 52, 56, 57, 58, 60, 65, 74, 75, 94, 95, 97, 104, 106, 109, 110, 113, 116, 117, 119, 120, 121, 123, 124, 136, 137, 139, 141, 143, 145, 147, 153, 155, 156, 157, 159, 160, 166, 169, 180, 181, 183, 185, 186, 187, 189, 190, 192, 193, 202, 204, 207, 209, 211], "excluded_lines": []}, "": {"executed_lines": [1, 5, 6, 7, 8, 10, 11, 13, 15, 18, 19, 20, 22, 23, 24, 25, 26, 27, 28, 29, 30, 31, 34, 35, 36, 38, 39, 40, 41, 42, 43, 46, 47, 49, 54, 67, 77, 126, 162], "summary": {"covered_lines": 35, "num_statements": 35, "percent_covered": 100.0, "percent_covered_display": "100", "missing_lines": 0, "excluded_lines": 0}, "missing_lines": [], "excluded_lines": []}}}, "data_pipeline/sources/ingest_odds.py": {"executed_lines": [1, 2, 3, 4, 6, 7, 9, 12, 16, 19, 43, 100, 129], "summary": {"covered_lines": 13, "num_statements": 58, "percent_covered": 22.413793103448278, "percent_covered_display": "22", "missing_lines": 45, "excluded_lines": 0}, "missing_lines": [21, 22, 23, 24, 27, 29, 30, 31, 33, 34, 35, 38, 40, 52, 53, 54, 56, 57, 58, 60, 70, 71, 72, 75, 91, 92, 93, 94, 95, 97, 101, 102, 105, 106, 111, 113, 114, 116, 120, 121, 122, 124, 125, 126, 130], "excluded_lines": [], "functions": {"validate_odds": {"executed_lines": [], "summary": {"covered_lines": 0, "num_statements": 13, "percent_covered": 0.0, "percent_covered_display": "0", "missing_lines": 13, "excluded_lines": 0}, "missing_lines": [21, 22, 23, 24, 27, 29, 30, 31, 33, 34, 35, 38, 40], "excluded_lines": []}, "ingest_data": {"executed_lines": [], "summary": {"covered_lines": 0, "num_statements": 17, "percent_covered": 0.0, "percent_covered_display": "0", "missing_lines": 17, "excluded_lines": 0}, "missing_lines": [52, 53, 54, 56, 57, 58, 60, 70, 71, 72, 75, 91, 92, 93, 94, 95, 97], "excluded_lines": []}, "main": {"executed_lines": [], "summary": {"covered_lines": 0, "num_statements": 14, "percent_covered": 0.0, "percent_covered_display": "0", "missing_lines": 14, "excluded_lines": 0}, "missing_lines": [101, 102, 105, 106, 111, 113, 114, 116, 120, 121, 122, 124, 125, 126], "excluded_lines": []}, "": {"executed_lines": [1, 2, 3, 4, 6, 7, 9, 12, 16, 19, 43, 100, 129], "summary": {"covered_lines": 13, "num_statements": 14, "percent_covered": 92.85714285714286, "percent_covered_display": "93", "missing_lines": 1, "excluded_lines": 0}, "missing_lines": [130], "excluded_lines": []}}, "classes": {"": {"executed_lines": [1, 2, 3, 4, 6, 7, 9, 12, 16, 19, 43, 100, 129], "summary": {"covered_lines": 13, "num_statements": 58, "percent_covered": 22.413793103448278, "percent_covered_display": "22", "missing_lines": 45, "excluded_lines": 0}, "missing_lines": [21, 22, 23, 24, 27, 29, 30, 31, 33, 34, 35, 38, 40, 52, 53, 54, 56, 57, 58, 60, 70, 71, 72, 75, 91, 92, 93, 94, 95, 97, 101, 102, 105, 106, 111, 113, 114, 116, 120, 121, 122, 124, 125, 126, 130], "excluded_lines": []}}}, "data_pipeline/sources/odds_fetcher.py": {"executed_lines": [1, 2, 3, 4, 5, 7, 8, 9, 12, 16, 19], "summary": {"covered_lines": 11, "num_statements": 39, "percent_covered": 28.205128205128204, "percent_covered_display": "28", "missing_lines": 28, "excluded_lines": 0}, "missing_lines": [27, 28, 30, 31, 32, 38, 39, 40, 41, 42, 45, 46, 47, 49, 54, 55, 56, 57, 59, 60, 63, 64, 65, 66, 67, 68, 69, 70], "excluded_lines": [], "functions": {"fetch_odds": {"executed_lines": [], "summary": {"covered_lines": 0, "num_statements": 28, "percent_covered": 0.0, "percent_covered_display": "0", "missing_lines": 28, "excluded_lines": 0}, "missing_lines": [27, 28, 30, 31, 32, 38, 39, 40, 41, 42, 45, 46, 47, 49, 54, 55, 56, 57, 59, 60, 63, 64, 65, 66, 67, 68, 69, 70], "excluded_lines": []}, "": {"executed_lines": [1, 2, 3, 4, 5, 7, 8, 9, 12, 16, 19], "summary": {"covered_lines": 11, "num_statements": 11, "percent_covered": 100.0, "percent_covered_display": "100", "missing_lines": 0, "excluded_lines": 0}, "missing_lines": [], "excluded_lines": []}}, "classes": {"": {"executed_lines": [1, 2, 3, 4, 5, 7, 8, 9, 12, 16, 19], "summary": {"covered_lines": 11, "num_statements": 39, "percent_covered": 28.205128205128204, "percent_covered_display": "28", "missing_lines": 28, "excluded_lines": 0}, "missing_lines": [27, 28, 30, 31, 32, 38, 39, 40, 41, 42, 45, 46, 47, 49, 54, 55, 56, 57, 59, 60, 63, 64, 65, 66, 67, 68, 69, 70], "excluded_lines": []}}}, "data_pipeline/transforms/__init__.py": {"executed_lines": [0], "summary": {"covered_lines": 0, "num_statements": 0, "percent_covered": 100.0, "percent_covered_display": "100", "missing_lines": 0, "excluded_lines": 0}, "missing_lines": [], "excluded_lines": [], "functions": {"": {"executed_lines": [], "summary": {"covered_lines": 0, "num_statements": 0, "percent_covered": 100.0, "percent_covered_display": "100", "missing_lines": 0, "excluded_lines": 0}, "missing_lines": [], "excluded_lines": []}}, "classes": {"": {"executed_lines": [], "summary": {"covered_lines": 0, "num_statements": 0, "percent_covered": 100.0, "percent_covered_display": "100", "missing_lines": 0, "excluded_lines": 0}, "missing_lines": [], "excluded_lines": []}}}, "data_pipeline/transforms/__pycache__/__init__.py": {"executed_lines": [], "summary": {"covered_lines": 0, "num_statements": 0, "percent_covered": 100.0, "percent_covered_display": "100", "missing_lines": 0, "excluded_lines": 0}, "missing_lines": [], "excluded_lines": [], "functions": {"": {"executed_lines": [], "summary": {"covered_lines": 0, "num_statements": 0, "percent_covered": 100.0, "percent_covered_display": "100", "missing_lines": 0, "excluded_lines": 0}, "missing_lines": [], "excluded_lines": []}}, "classes": {"": {"executed_lines": [], "summary": {"covered_lines": 0, "num_statements": 0, "percent_covered": 100.0, "percent_covered_display": "100", "missing_lines": 0, "excluded_lines": 0}, "missing_lines": [], "excluded_lines": []}}}, "data_pipeline/transforms/feature_engineer.py": {"executed_lines": [1, 5, 6, 9, 37, 57], "summary": {"covered_lines": 5, "num_statements": 22, "percent_covered": 22.727272727272727, "percent_covered_display": "23", "missing_lines": 17, "excluded_lines": 0}, "missing_lines": [19, 22, 23, 24, 27, 34, 48, 54, 68, 71, 74, 77, 80, 83, 86, 89, 91], "excluded_lines": [], "functions": {"calculate_implied_probabilities": {"executed_lines": [], "summary": {"covered_lines": 0, "num_statements": 6, "percent_covered": 0.0, "percent_covered_display": "0", "missing_lines": 6, "excluded_lines": 0}, "missing_lines": [19, 22, 23, 24, 27, 34], "excluded_lines": []}, "aggregate_odds": {"executed_lines": [], "summary": {"covered_lines": 0, "num_statements": 2, "percent_covered": 0.0, "percent_covered_display": "0", "missing_lines": 2, "excluded_lines": 0}, "missing_lines": [48, 54], "excluded_lines": []}, "generate_features": {"executed_lines": [], "summary": {"covered_lines": 0, "num_statements": 9, "percent_covered": 0.0, "percent_covered_display": "0", "missing_lines": 9, "excluded_lines": 0}, "missing_lines": [68, 71, 74, 77, 80, 83, 86, 89, 91], "excluded_lines": []}, "": {"executed_lines": [1, 5, 6, 9, 37, 57], "summary": {"covered_lines": 5, "num_statements": 5, "percent_covered": 100.0, "percent_covered_display": "100", "missing_lines": 0, "excluded_lines": 0}, "missing_lines": [], "excluded_lines": []}}, "classes": {"": {"executed_lines": [1, 5, 6, 9, 37, 57], "summary": {"covered_lines": 5, "num_statements": 22, "percent_covered": 22.727272727272727, "percent_covered_display": "23", "missing_lines": 17, "excluded_lines": 0}, "missing_lines": [19, 22, 23, 24, 27, 34, 48, 54, 68, 71, 74, 77, 80, 83, 86, 89, 91], "excluded_lines": []}}}, "data_pipeline/transforms/ingest_features.py": {"executed_lines": [1, 2, 3, 5, 6, 7, 9, 12, 16, 19, 32, 83, 112], "summary": {"covered_lines": 13, "num_statements": 53, "percent_covered": 24.528301886792452, "percent_covered_display": "25", "missing_lines": 40, "excluded_lines": 0}, "missing_lines": [21, 22, 23, 24, 25, 26, 27, 28, 29, 41, 42, 43, 45, 66, 67, 68, 69, 72, 73, 74, 77, 78, 79, 80, 85, 87, 91, 93, 94, 95, 96, 99, 100, 101, 102, 105, 107, 108, 109, 113], "excluded_lines": [], "functions": {"fetch_source_data": {"executed_lines": [], "summary": {"covered_lines": 0, "num_statements": 9, "percent_covered": 0.0, "percent_covered_display": "0", "missing_lines": 9, "excluded_lines": 0}, "missing_lines": [21, 22, 23, 24, 25, 26, 27, 28, 29], "excluded_lines": []}, "ingest_features_data": {"executed_lines": [], "summary": {"covered_lines": 0, "num_statements": 15, "percent_covered": 0.0, "percent_covered_display": "0", "missing_lines": 15, "excluded_lines": 0}, "missing_lines": [41, 42, 43, 45, 66, 67, 68, 69, 72, 73, 74, 77, 78, 79, 80], "excluded_lines": []}, "main": {"executed_lines": [], "summary": {"covered_lines": 0, "num_statements": 15, "percent_covered": 0.0, "percent_covered_display": "0", "missing_lines": 15, "excluded_lines": 0}, "missing_lines": [85, 87, 91, 93, 94, 95, 96, 99, 100, 101, 102, 105, 107, 108, 109], "excluded_lines": []}, "": {"executed_lines": [1, 2, 3, 5, 6, 7, 9, 12, 16, 19, 32, 83, 112], "summary": {"covered_lines": 13, "num_statements": 14, "percent_covered": 92.85714285714286, "percent_covered_display": "93", "missing_lines": 1, "excluded_lines": 0}, "missing_lines": [113], "excluded_lines": []}}, "classes": {"": {"executed_lines": [1, 2, 3, 5, 6, 7, 9, 12, 16, 19, 32, 83, 112], "summary": {"covered_lines": 13, "num_statements": 53, "percent_covered": 24.528301886792452, "percent_covered_display": "25", "missing_lines": 40, "excluded_lines": 0}, "missing_lines": [21, 22, 23, 24, 25, 26, 27, 28, 29, 41, 42, 43, 45, 66, 67, 68, 69, 72, 73, 74, 77, 78, 79, 80, 85, 87, 91, 93, 94, 95, 96, 99, 100, 101, 102, 105, 107, 108, 109, 113], "excluded_lines": []}}}, "models/__init__.py": {"executed_lines": [0], "summary": {"covered_lines": 0, "num_statements": 0, "percent_covered": 100.0, "percent_covered_display": "100", "missing_lines": 0, "excluded_lines": 0}, "missing_lines": [], "excluded_lines": [], "functions": {"": {"executed_lines": [], "summary": {"covered_lines": 0, "num_statements": 0, "percent_covered": 100.0, "percent_covered_display": "100", "missing_lines": 0, "excluded_lines": 0}, "missing_lines": [], "excluded_lines": []}}, "classes": {"": {"executed_lines": [], "summary": {"covered_lines": 0, "num_statements": 0, "percent_covered": 100.0, "percent_covered_display": "100", "missing_lines": 0, "excluded_lines": 0}, "missing_lines": [], "excluded_lines": []}}}, "models/__pycache__/__init__.py": {"executed_lines": [], "summary": {"covered_lines": 0, "num_statements": 0, "percent_covered": 100.0, "percent_covered_display": "100", "missing_lines": 0, "excluded_lines": 0}, "missing_lines": [], "excluded_lines": [], "functions": {"": {"executed_lines": [], "summary": {"covered_lines": 0, "num_statements": 0, "percent_covered": 100.0, "percent_covered_display": "100", "missing_lines": 0, "excluded_lines": 0}, "missing_lines": [], "excluded_lines": []}}, "classes": {"": {"executed_lines": [], "summary": {"covered_lines": 0, "num_statements": 0, "percent_covered": 100.0, "percent_covered_display": "100", "missing_lines": 0, "excluded_lines": 0}, "missing_lines": [], "excluded_lines": []}}}, "models/artifacts/__init__.py": {"executed_lines": [], "summary": {"covered_lines": 0, "num_statements": 0, "percent_covered": 100.0, "percent_covered_display": "100", "missing_lines": 0, "excluded_lines": 0}, "missing_lines": [], "excluded_lines": [], "functions": {"": {"executed_lines": [], "summary": {"covered_lines": 0, "num_statements": 0, "percent_covered": 100.0, "percent_covered_display": "100", "missing_lines": 0, "excluded_lines": 0}, "missing_lines": [], "excluded_lines": []}}, "classes": {"": {"executed_lines": [], "summary": {"covered_lines": 0, "num_statements": 0, "percent_covered": 100.0, "percent_covered_display": "100", "missing_lines": 0, "excluded_lines": 0}, "missing_lines": [], "excluded_lines": []}}}, "models/predictor.py": {"executed_lines": [1, 7, 8, 9, 11, 13, 16, 17, 19, 50, 70, 104, 190, 229, 243, 249, 250, 255, 262], "summary": {"covered_lines": 17, "num_statements": 119, "percent_covered": 14.285714285714286, "percent_covered_display": "14", "missing_lines": 102, "excluded_lines": 0}, "missing_lines": [26, 27, 28, 31, 32, 33, 38, 39, 40, 41, 47, 48, 52, 53, 54, 57, 58, 59, 62, 64, 65, 66, 68, 77, 78, 81, 82, 85, 86, 87, 88, 89, 90, 94, 96, 98, 100, 101, 102, 129, 130, 132, 134, 141, 143, 144, 146, 149, 152, 153, 154, 155, 156, 158, 160, 161, 162, 165, 166, 167, 170, 171, 172, 173, 174, 175, 176, 178, 179, 181, 200, 201, 203, 204, 205, 206, 213, 214, 216, 227, 231, 232, 234, 240, 245, 251, 253, 256, 258, 259, 264, 265, 267, 268, 269, 270, 272, 273, 274, 275, 277, 280], "excluded_lines": [], "functions": {"Predictor.__init__": {"executed_lines": [], "summary": {"covered_lines": 0, "num_statements": 12, "percent_covered": 0.0, "percent_covered_display": "0", "missing_lines": 12, "excluded_lines": 0}, "missing_lines": [26, 27, 28, 31, 32, 33, 38, 39, 40, 41, 47, 48], "excluded_lines": []}, "Predictor._find_latest_model": {"executed_lines": [], "summary": {"covered_lines": 0, "num_statements": 11, "percent_covered": 0.0, "percent_covered_display": "0", "missing_lines": 11, "excluded_lines": 0}, "missing_lines": [52, 53, 54, 57, 58, 59, 62, 64, 65, 66, 68], "excluded_lines": []}, "Predictor.load_model": {"executed_lines": [], "summary": {"covered_lines": 0, "num_statements": 16, "percent_covered": 0.0, "percent_covered_display": "0", "missing_lines": 16, "excluded_lines": 0}, "missing_lines": [77, 78, 81, 82, 85, 86, 87, 88, 89, 90, 94, 96, 98, 100, 101, 102], "excluded_lines": []}, "Predictor.predict_single": {"executed_lines": [], "summary": {"covered_lines": 0, "num_statements": 31, "percent_covered": 0.0, "percent_covered_display": "0", "missing_lines": 31, "excluded_lines": 0}, "missing_lines": [129, 130, 132, 134, 141, 143, 144, 146, 149, 152, 153, 154, 155, 156, 158, 160, 161, 162, 165, 166, 167, 170, 171, 172, 173, 174, 175, 176, 178, 179, 181], "excluded_lines": []}, "Predictor.predict_batch": {"executed_lines": [], "summary": {"covered_lines": 0, "num_statements": 10, "percent_covered": 0.0, "percent_covered_display": "0", "missing_lines": 10, "excluded_lines": 0}, "missing_lines": [200, 201, 203, 204, 205, 206, 213, 214, 216, 227], "excluded_lines": []}, "Predictor.get_model_info": {"executed_lines": [], "summary": {"covered_lines": 0, "num_statements": 4, "percent_covered": 0.0, "percent_covered_display": "0", "missing_lines": 4, "excluded_lines": 0}, "missing_lines": [231, 232, 234, 240], "excluded_lines": []}, "create_predictor": {"executed_lines": [], "summary": {"covered_lines": 0, "num_statements": 1, "percent_covered": 0.0, "percent_covered_display": "0", "missing_lines": 1, "excluded_lines": 0}, "missing_lines": [245], "excluded_lines": []}, "_StubModel.predict_proba": {"executed_lines": [], "summary": {"covered_lines": 0, "num_statements": 2, "percent_covered": 0.0, "percent_covered_display": "0", "missing_lines": 2, "excluded_lines": 0}, "missing_lines": [251, 253], "excluded_lines": []}, "_StubModel.predict": {"executed_lines": [], "summary": {"covered_lines": 0, "num_statements": 3, "percent_covered": 0.0, "percent_covered_display": "0", "missing_lines": 3, "excluded_lines": 0}, "missing_lines": [256, 258, 259], "excluded_lines": []}, "_safe_load_or_stub": {"executed_lines": [], "summary": {"covered_lines": 0, "num_statements": 12, "percent_covered": 0.0, "percent_covered_display": "0", "missing_lines": 12, "excluded_lines": 0}, "missing_lines": [264, 265, 267, 268, 269, 270, 272, 273, 274, 275, 277, 280], "excluded_lines": []}, "": {"executed_lines": [1, 7, 8, 9, 11, 13, 16, 17, 19, 50, 70, 104, 190, 229, 243, 249, 250, 255, 262], "summary": {"covered_lines": 17, "num_statements": 17, "percent_covered": 100.0, "percent_covered_display": "100", "missing_lines": 0, "excluded_lines": 0}, "missing_lines": [], "excluded_lines": []}}, "classes": {"Predictor": {"executed_lines": [], "summary": {"covered_lines": 0, "num_statements": 84, "percent_covered": 0.0, "percent_covered_display": "0", "missing_lines": 84, "excluded_lines": 0}, "missing_lines": [26, 27, 28, 31, 32, 33, 38, 39, 40, 41, 47, 48, 52, 53, 54, 57, 58, 59, 62, 64, 65, 66, 68, 77, 78, 81, 82, 85, 86, 87, 88, 89, 90, 94, 96, 98, 100, 101, 102, 129, 130, 132, 134, 141, 143, 144, 146, 149, 152, 153, 154, 155, 156, 158, 160, 161, 162, 165, 166, 167, 170, 171, 172, 173, 174, 175, 176, 178, 179, 181, 200, 201, 203, 204, 205, 206, 213, 214, 216, 227, 231, 232, 234, 240], "excluded_lines": []}, "_StubModel": {"executed_lines": [], "summary": {"covered_lines": 0, "num_statements": 5, "percent_covered": 0.0, "percent_covered_display": "0", "missing_lines": 5, "excluded_lines": 0}, "missing_lines": [251, 253, 256, 258, 259], "excluded_lines": []}, "": {"executed_lines": [1, 7, 8, 9, 11, 13, 16, 17, 19, 50, 70, 104, 190, 229, 243, 249, 250, 255, 262], "summary": {"covered_lines": 17, "num_statements": 30, "percent_covered": 56.666666666666664, "percent_covered_display": "57", "missing_lines": 13, "excluded_lines": 0}, "missing_lines": [245, 264, 265, 267, 268, 269, 270, 272, 273, 274, 275, 277, 280], "excluded_lines": []}}}, "models/registry.py": {"executed_lines": [1, 5, 6, 7, 8, 9, 10, 12, 14, 16, 20, 21, 22, 24, 25, 26, 27, 28, 31, 32, 33, 34, 37, 38, 39, 40, 43, 44, 47, 48, 50, 55, 56, 57, 59, 60, 61, 62, 65, 66, 68, 82, 95, 100, 172, 188, 225, 229, 236, 259, 284, 310], "summary": {"covered_lines": 48, "num_statements": 154, "percent_covered": 31.16883116883117, "percent_covered_display": "31", "missing_lines": 106, "excluded_lines": 0}, "missing_lines": [51, 52, 75, 76, 79, 80, 84, 85, 86, 88, 93, 97, 98, 117, 118, 120, 128, 129, 132, 133, 134, 137, 138, 141, 142, 145, 146, 148, 155, 158, 159, 161, 163, 170, 175, 176, 177, 180, 181, 182, 183, 184, 186, 199, 200, 201, 202, 205, 206, 207, 208, 209, 210, 211, 212, 213, 215, 216, 219, 220, 222, 223, 227, 231, 232, 233, 234, 238, 239, 240, 241, 242, 243, 245, 246, 248, 249, 252, 253, 257, 261, 262, 265, 266, 269, 270, 271, 273, 276, 280, 282, 286, 287, 290, 291, 292, 293, 294, 296, 297, 299, 300, 301, 303, 312, 322], "excluded_lines": [], "functions": {"ModelMetadata.__post_init__": {"executed_lines": [], "summary": {"covered_lines": 0, "num_statements": 2, "percent_covered": 0.0, "percent_covered_display": "0", "missing_lines": 2, "excluded_lines": 0}, "missing_lines": [51, 52], "excluded_lines": []}, "ModelRegistry.__init__": {"executed_lines": [], "summary": {"covered_lines": 0, "num_statements": 4, "percent_covered": 0.0, "percent_covered_display": "0", "missing_lines": 4, "excluded_lines": 0}, "missing_lines": [75, 76, 79, 80], "excluded_lines": []}, "ModelRegistry._load_index": {"executed_lines": [], "summary": {"covered_lines": 0, "num_statements": 5, "percent_covered": 0.0, "percent_covered_display": "0", "missing_lines": 5, "excluded_lines": 0}, "missing_lines": [84, 85, 86, 88, 93], "excluded_lines": []}, "ModelRegistry._save_index": {"executed_lines": [], "summary": {"covered_lines": 0, "num_statements": 2, "percent_covered": 0.0, "percent_covered_display": "0", "missing_lines": 2, "excluded_lines": 0}, "missing_lines": [97, 98], "excluded_lines": []}, "ModelRegistry.register_model": {"executed_lines": [], "summary": {"covered_lines": 0, "num_statements": 21, "percent_covered": 0.0, "percent_covered_display": "0", "missing_lines": 21, "excluded_lines": 0}, "missing_lines": [117, 118, 120, 128, 129, 132, 133, 134, 137, 138, 141, 142, 145, 146, 148, 155, 158, 159, 161, 163, 170], "excluded_lines": []}, "ModelRegistry._set_active_version": {"executed_lines": [], "summary": {"covered_lines": 0, "num_statements": 9, "percent_covered": 0.0, "percent_covered_display": "0", "missing_lines": 9, "excluded_lines": 0}, "missing_lines": [175, 176, 177, 180, 181, 182, 183, 184, 186], "excluded_lines": []}, "ModelRegistry.load_model": {"executed_lines": [], "summary": {"covered_lines": 0, "num_statements": 19, "percent_covered": 0.0, "percent_covered_display": "0", "missing_lines": 19, "excluded_lines": 0}, "missing_lines": [199, 200, 201, 202, 205, 206, 207, 208, 209, 210, 211, 212, 213, 215, 216, 219, 220, 222, 223], "excluded_lines": []}, "ModelRegistry.get_active_version": {"executed_lines": [], "summary": {"covered_lines": 0, "num_statements": 1, "percent_covered": 0.0, "percent_covered_display": "0", "missing_lines": 1, "excluded_lines": 0}, "missing_lines": [227], "excluded_lines": []}, "ModelRegistry.list_models": {"executed_lines": [], "summary": {"covered_lines": 0, "num_statements": 4, "percent_covered": 0.0, "percent_covered_display": "0", "missing_lines": 4, "excluded_lines": 0}, "missing_lines": [231, 232, 233, 234], "excluded_lines": []}, "ModelRegistry.get_model_metadata": {"executed_lines": [], "summary": {"covered_lines": 0, "num_statements": 13, "percent_covered": 0.0, "percent_covered_display": "0", "missing_lines": 13, "excluded_lines": 0}, "missing_lines": [238, 239, 240, 241, 242, 243, 245, 246, 248, 249, 252, 253, 257], "excluded_lines": []}, "ModelRegistry.delete_model_version": {"executed_lines": [], "summary": {"covered_lines": 0, "num_statements": 11, "percent_covered": 0.0, "percent_covered_display": "0", "missing_lines": 11, "excluded_lines": 0}, "missing_lines": [261, 262, 265, 266, 269, 270, 271, 273, 276, 280, 282], "excluded_lines": []}, "ModelRegistry.promote_model": {"executed_lines": [], "summary": {"covered_lines": 0, "num_statements": 13, "percent_covered": 0.0, "percent_covered_display": "0", "missing_lines": 13, "excluded_lines": 0}, "missing_lines": [286, 287, 290, 291, 292, 293, 294, 296, 297, 299, 300, 301, 303], "excluded_lines": []}, "ModelRegistry.get_registry_stats": {"executed_lines": [], "summary": {"covered_lines": 0, "num_statements": 2, "percent_covered": 0.0, "percent_covered_display": "0", "missing_lines": 2, "excluded_lines": 0}, "missing_lines": [312, 322], "excluded_lines": []}, "": {"executed_lines": [1, 5, 6, 7, 8, 9, 10, 12, 14, 16, 20, 21, 22, 24, 25, 26, 27, 28, 31, 32, 33, 34, 37, 38, 39, 40, 43, 44, 47, 48, 50, 55, 56, 57, 59, 60, 61, 62, 65, 66, 68, 82, 95, 100, 172, 188, 225, 229, 236, 259, 284, 310], "summary": {"covered_lines": 48, "num_statements": 48, "percent_covered": 100.0, "percent_covered_display": "100", "missing_lines": 0, "excluded_lines": 0}, "missing_lines": [], "excluded_lines": []}}, "classes": {"ModelMetadata": {"executed_lines": [], "summary": {"covered_lines": 0, "num_statements": 2, "percent_covered": 0.0, "percent_covered_display": "0", "missing_lines": 2, "excluded_lines": 0}, "missing_lines": [51, 52], "excluded_lines": []}, "ModelVersion": {"executed_lines": [], "summary": {"covered_lines": 0, "num_statements": 0, "percent_covered": 100.0, "percent_covered_display": "100", "missing_lines": 0, "excluded_lines": 0}, "missing_lines": [], "excluded_lines": []}, "ModelRegistry": {"executed_lines": [], "summary": {"covered_lines": 0, "num_statements": 104, "percent_covered": 0.0, "percent_covered_display": "0", "missing_lines": 104, "excluded_lines": 0}, "missing_lines": [75, 76, 79, 80, 84, 85, 86, 88, 93, 97, 98, 117, 118, 120, 128, 129, 132, 133, 134, 137, 138, 141, 142, 145, 146, 148, 155, 158, 159, 161, 163, 170, 175, 176, 177, 180, 181, 182, 183, 184, 186, 199, 200, 201, 202, 205, 206, 207, 208, 209, 210, 211, 212, 213, 215, 216, 219, 220, 222, 223, 227, 231, 232, 233, 234, 238, 239, 240, 241, 242, 243, 245, 246, 248, 249, 252, 253, 257, 261, 262, 265, 266, 269, 270, 271, 273, 276, 280, 282, 286, 287, 290, 291, 292, 293, 294, 296, 297, 299, 300, 301, 303, 312, 322], "excluded_lines": []}, "": {"executed_lines": [1, 5, 6, 7, 8, 9, 10, 12, 14, 16, 20, 21, 22, 24, 25, 26, 27, 28, 31, 32, 33, 34, 37, 38, 39, 40, 43, 44, 47, 48, 50, 55, 56, 57, 59, 60, 61, 62, 65, 66, 68, 82, 95, 100, 172, 188, 225, 229, 236, 259, 284, 310], "summary": {"covered_lines": 48, "num_statements": 48, "percent_covered": 100.0, "percent_covered_display": "100", "missing_lines": 0, "excluded_lines": 0}, "missing_lines": [], "excluded_lines": []}}}}, "totals": {"covered_lines": 432, "num_statements": 1402, "percent_covered": 30.81312410841655, "percent_covered_display": "31", "missing_lines": 970, "excluded_lines": 0}}
